#
# There is insufficient memory for the Java Runtime Environment to continue.
# Native memory allocation (mmap) failed to map 1065353216 bytes for G1 virtual space
# Possible reasons:
#   The system is out of physical RAM or swap space
#   The process is running with CompressedOops enabled, and the Java Heap may be blocking the growth of the native heap
# Possible solutions:
#   Reduce memory load on the system
#   Increase physical memory or swap space
#   Check if swap backing store is full
#   Decrease Java heap size (-Xmx/-Xms)
#   Decrease number of Java threads
#   Decrease Java thread stack sizes (-Xss)
#   Set larger code cache with -XX:ReservedCodeCacheSize=
#   JVM is running with Zero Based Compressed Oops mode in which the Java heap is
#     placed in the first 32GB address space. The Java Heap base address is the
#     maximum limit for the native heap growth. Please use -XX:HeapBaseMinAddress
#     to set the Java Heap base and to place the Java Heap above 32GB virtual address.
# This output file may be truncated or incomplete.
#
#  Out of Memory Error (os_windows.cpp:3613), pid=21012, tid=23948
#
# JRE version: OpenJDK Runtime Environment Temurin-17.0.10+7 (17.0.10+7) (build 17.0.10+7)
# Java VM: OpenJDK 64-Bit Server VM Temurin-17.0.10+7 (17.0.10+7, mixed mode, tiered, compressed oops, compressed class ptrs, g1 gc, windows-amd64)
# No core dump will be written. Minidumps are not enabled by default on client versions of Windows
#

---------------  S U M M A R Y ------------

Command Line: -Dfile.encoding=UTF-8 -Dstdout.encoding=UTF-8 -Dstderr.encoding=UTF-8 -XX:+ShowCodeDetailsInExceptionMessages calendarview.CalendarPage

Host: Intel(R) Xeon(R) W-2223 CPU @ 3.60GHz, 8 cores, 31G,  Windows 11 , 64 bit Build 22621 (10.0.22621.2506)
Time: Mon Feb  5 19:17:51 2024  Windows 11 , 64 bit Build 22621 (10.0.22621.2506) elapsed time: 11801.023164 seconds (0d 3h 16m 41s)

---------------  T H R E A D  ---------------

Current thread (0x0000023a2377ac50):  VMThread "VM Thread" [stack: 0x000000dc2fa00000,0x000000dc2fb00000] [id=23948]

Stack: [0x000000dc2fa00000,0x000000dc2fb00000]
Native frames: (J=compiled Java code, j=interpreted, Vv=VM code, C=native code)
V  [jvm.dll+0x67d2c9]
V  [jvm.dll+0x834afa]
V  [jvm.dll+0x8365be]
V  [jvm.dll+0x836c23]
V  [jvm.dll+0x2477ff]
V  [jvm.dll+0x67a109]
V  [jvm.dll+0x66eb7a]
V  [jvm.dll+0x30764b]
V  [jvm.dll+0x30eaf6]
V  [jvm.dll+0x35e83e]
V  [jvm.dll+0x35ea6f]
V  [jvm.dll+0x2de248]
V  [jvm.dll+0x2dc424]
V  [jvm.dll+0x2dba2c]
V  [jvm.dll+0x31faeb]
V  [jvm.dll+0x83b11b]
V  [jvm.dll+0x83be61]
V  [jvm.dll+0x83c37d]
V  [jvm.dll+0x83c754]
V  [jvm.dll+0x83c820]
V  [jvm.dll+0x7e3fba]
V  [jvm.dll+0x67c1b5]
C  [ucrtbase.dll+0x29363]
C  [KERNEL32.DLL+0x1257d]
C  [ntdll.dll+0x5aa58]

VM_Operation (0x000000dc30afe1a0): G1CollectForAllocation, mode: safepoint, requested by thread 0x0000023a281a5e80


---------------  P R O C E S S  ---------------

Threads class SMR info:
_java_thread_list=0x0000023a317a4740, length=17, elements={
0x0000023a2379d010, 0x0000023a2379d9d0, 0x0000023a2378b230, 0x0000023a237a8fb0,
0x0000023a237ab4a0, 0x0000023a237abd70, 0x0000023a237f8290, 0x0000023a237f8ba0,
0x0000023a237fa4c0, 0x0000023a2395a010, 0x0000023a239635c0, 0x0000023a281ac810,
0x0000023a281b3110, 0x0000023a281b3a30, 0x0000023a281a5e80, 0x0000023a7b45bed0,
0x0000023a2870d300
}

Java Threads: ( => current thread )
  0x0000023a2379d010 JavaThread "Reference Handler" daemon [_thread_blocked, id=24228, stack(0x000000dc2fb00000,0x000000dc2fc00000)]
  0x0000023a2379d9d0 JavaThread "Finalizer" daemon [_thread_blocked, id=24200, stack(0x000000dc2fc00000,0x000000dc2fd00000)]
  0x0000023a2378b230 JavaThread "Signal Dispatcher" daemon [_thread_blocked, id=24220, stack(0x000000dc2fd00000,0x000000dc2fe00000)]
  0x0000023a237a8fb0 JavaThread "Attach Listener" daemon [_thread_blocked, id=23424, stack(0x000000dc2fe00000,0x000000dc2ff00000)]
  0x0000023a237ab4a0 JavaThread "Service Thread" daemon [_thread_blocked, id=23536, stack(0x000000dc2ff00000,0x000000dc30000000)]
  0x0000023a237abd70 JavaThread "Monitor Deflation Thread" daemon [_thread_blocked, id=24240, stack(0x000000dc30000000,0x000000dc30100000)]
  0x0000023a237f8290 JavaThread "C2 CompilerThread0" daemon [_thread_blocked, id=24248, stack(0x000000dc30100000,0x000000dc30200000)]
  0x0000023a237f8ba0 JavaThread "C1 CompilerThread0" daemon [_thread_blocked, id=24376, stack(0x000000dc30200000,0x000000dc30300000)]
  0x0000023a237fa4c0 JavaThread "Sweeper thread" daemon [_thread_blocked, id=24492, stack(0x000000dc30300000,0x000000dc30400000)]
  0x0000023a2395a010 JavaThread "Notification Thread" daemon [_thread_blocked, id=24488, stack(0x000000dc30400000,0x000000dc30500000)]
  0x0000023a239635c0 JavaThread "Common-Cleaner" daemon [_thread_blocked, id=24496, stack(0x000000dc30600000,0x000000dc30700000)]
  0x0000023a281ac810 JavaThread "Java2D Disposer" daemon [_thread_blocked, id=24500, stack(0x000000dc30700000,0x000000dc30800000)]
  0x0000023a281b3110 JavaThread "AWT-Shutdown" [_thread_blocked, id=24484, stack(0x000000dc30800000,0x000000dc30900000)]
  0x0000023a281b3a30 JavaThread "AWT-Windows" daemon [_thread_in_native, id=24508, stack(0x000000dc30900000,0x000000dc30a00000)]
  0x0000023a281a5e80 JavaThread "AWT-EventQueue-0" [_thread_blocked, id=24512, stack(0x000000dc30a00000,0x000000dc30b00000)]
  0x0000023a7b45bed0 JavaThread "DestroyJavaVM" [_thread_blocked, id=24168, stack(0x000000dc2f400000,0x000000dc2f500000)]
  0x0000023a2870d300 JavaThread "D3D Screen Updater" daemon [_thread_blocked, id=24252, stack(0x000000dc30d10000,0x000000dc30e10000)]

Other Threads:
=>0x0000023a2377ac50 VMThread "VM Thread" [stack: 0x000000dc2fa00000,0x000000dc2fb00000] [id=23948]
  0x0000023a20ef7720 WatcherThread [stack: 0x000000dc30500000,0x000000dc30600000] [id=24480]
  0x0000023a7b50c650 GCTaskThread "GC Thread#0" [stack: 0x000000dc2f500000,0x000000dc2f600000] [id=24204]
  0x0000023a28494460 GCTaskThread "GC Thread#1" [stack: 0x000000dc2f300000,0x000000dc2f400000] [id=36040]
  0x0000023a284796d0 GCTaskThread "GC Thread#2" [stack: 0x000000dc30b00000,0x000000dc30c00000] [id=36044]
  0x0000023a284b1ce0 GCTaskThread "GC Thread#3" [stack: 0x000000dc30e60000,0x000000dc30f60000] [id=36048]
  0x0000023a284b1fa0 GCTaskThread "GC Thread#4" [stack: 0x000000dc30f60000,0x000000dc31060000] [id=36052]
  0x0000023a284af9f0 GCTaskThread "GC Thread#5" [stack: 0x000000dc31060000,0x000000dc31160000] [id=36056]
  0x0000023a284afcb0 GCTaskThread "GC Thread#6" [stack: 0x000000dc31160000,0x000000dc31260000] [id=36060]
  0x0000023a2848ca00 GCTaskThread "GC Thread#7" [stack: 0x000000dc31260000,0x000000dc31360000] [id=36064]
  0x0000023a20d70820 ConcurrentGCThread "G1 Main Marker" [stack: 0x000000dc2f600000,0x000000dc2f700000] [id=24212]
  0x0000023a7b50d480 ConcurrentGCThread "G1 Conc#0" [stack: 0x000000dc2f700000,0x000000dc2f800000] [id=24232]
  0x0000023a20e433a0 ConcurrentGCThread "G1 Refine#0" [stack: 0x000000dc2f800000,0x000000dc2f900000] [id=23952]
  0x0000023a283a56f0 ConcurrentGCThread "G1 Refine#1" [stack: 0x000000dc31360000,0x000000dc31460000] [id=36512]
  0x0000023a20e43cd0 ConcurrentGCThread "G1 Service" [stack: 0x000000dc2f900000,0x000000dc2fa00000] [id=23944]

Threads with active compile tasks:

VM state: at safepoint (normal execution)

VM Mutex/Monitor currently owned by a thread:  ([mutex/lock_event])
[0x0000023a7b4461f0] Threads_lock - owner thread: 0x0000023a2377ac50
[0x0000023a7b445fb0] Heap_lock - owner thread: 0x0000023a281a5e80

Heap address: 0x0000000604c00000, size: 8116 MB, Compressed Oops mode: Zero based, Oop shift amount: 3

CDS archive(s) not mapped
Compressed class space mapped at: 0x0000000800000000-0x0000000840000000, reserved size: 1073741824
Narrow klass base: 0x0000000800000000, Narrow klass shift: 0, Narrow klass range: 0x40000000

GC Precious Log:
 CPUs: 8 total, 8 available
 Memory: 32451M
 Large Page Support: Disabled
 NUMA Support: Disabled
 Compressed Oops: Enabled (Zero based)
 Heap Region Size: 4M
 Heap Min Capacity: 8M
 Heap Initial Capacity: 508M
 Heap Max Capacity: 8116M
 Pre-touch: Disabled
 Parallel Workers: 8
 Concurrent Workers: 2
 Concurrent Refinement Workers: 8
 Periodic GC: Disabled

Heap:
 garbage-first heap   total 520192K, used 161864K [0x0000000604c00000, 0x0000000800000000)
  region size 4096K, 2 young (8192K), 2 survivors (8192K)
 Metaspace       used 16165K, committed 16320K, reserved 1114112K
  class space    used 1561K, committed 1600K, reserved 1048576K

Heap Regions: E=young(eden), S=young(survivor), O=old, HS=humongous(starts), HC=humongous(continues), CS=collection set, F=free, OA=open archive, CA=closed archive, TAMS=top-at-mark-start (previous, next)
|   0|0x0000000604c00000, 0x0000000605000000, 0x0000000605000000|100%| O|  |TAMS 0x0000000604c00000, 0x0000000604c00000| Untracked 
|   1|0x0000000605000000, 0x0000000605400000, 0x0000000605400000|100%| O|  |TAMS 0x0000000605000000, 0x0000000605000000| Untracked 
|   2|0x0000000605400000, 0x0000000605800000, 0x0000000605800000|100%| O|  |TAMS 0x0000000605400000, 0x0000000605400000| Untracked 
|   3|0x0000000605800000, 0x0000000605c00000, 0x0000000605c00000|100%| O|  |TAMS 0x0000000605800000, 0x0000000605800000| Untracked 
|   4|0x0000000605c00000, 0x0000000606000000, 0x0000000606000000|100%| O|  |TAMS 0x0000000605c00000, 0x0000000605c00000| Untracked 
|   5|0x0000000606000000, 0x0000000606400000, 0x0000000606400000|100%| O|  |TAMS 0x0000000606000000, 0x0000000606000000| Untracked 
|   6|0x0000000606400000, 0x0000000606800000, 0x0000000606800000|100%| O|  |TAMS 0x0000000606400000, 0x0000000606400000| Untracked 
|   7|0x0000000606800000, 0x0000000606c00000, 0x0000000606c00000|100%| O|  |TAMS 0x0000000606800000, 0x0000000606800000| Untracked 
|   8|0x0000000606c00000, 0x0000000607000000, 0x0000000607000000|100%| O|  |TAMS 0x0000000606c00000, 0x0000000606c00000| Untracked 
|   9|0x0000000607000000, 0x0000000607400000, 0x0000000607400000|100%| O|  |TAMS 0x0000000607000000, 0x0000000607000000| Untracked 
|  10|0x0000000607400000, 0x0000000607800000, 0x0000000607800000|100%| O|  |TAMS 0x0000000607400000, 0x0000000607400000| Untracked 
|  11|0x0000000607800000, 0x0000000607c00000, 0x0000000607c00000|100%| O|  |TAMS 0x0000000607800000, 0x0000000607800000| Untracked 
|  12|0x0000000607c00000, 0x0000000608000000, 0x0000000608000000|100%| O|  |TAMS 0x0000000607c00000, 0x0000000607c00000| Untracked 
|  13|0x0000000608000000, 0x0000000608400000, 0x0000000608400000|100%| O|  |TAMS 0x0000000608000000, 0x0000000608000000| Untracked 
|  14|0x0000000608400000, 0x0000000608800000, 0x0000000608800000|100%| O|  |TAMS 0x0000000608400000, 0x0000000608400000| Untracked 
|  15|0x0000000608800000, 0x0000000608c00000, 0x0000000608c00000|100%| O|  |TAMS 0x0000000608800000, 0x0000000608800000| Untracked 
|  16|0x0000000608c00000, 0x0000000609000000, 0x0000000609000000|100%| O|  |TAMS 0x0000000608c00000, 0x0000000608c00000| Untracked 
|  17|0x0000000609000000, 0x0000000609400000, 0x0000000609400000|100%| O|  |TAMS 0x0000000609000000, 0x0000000609000000| Untracked 
|  18|0x0000000609400000, 0x0000000609800000, 0x0000000609800000|100%| O|  |TAMS 0x0000000609400000, 0x0000000609400000| Untracked 
|  19|0x0000000609800000, 0x0000000609c00000, 0x0000000609c00000|100%| O|  |TAMS 0x0000000609800000, 0x0000000609800000| Untracked 
|  20|0x0000000609c00000, 0x000000060a000000, 0x000000060a000000|100%| O|  |TAMS 0x0000000609c00000, 0x0000000609c00000| Untracked 
|  21|0x000000060a000000, 0x000000060a400000, 0x000000060a400000|100%| O|  |TAMS 0x000000060a000000, 0x000000060a000000| Untracked 
|  22|0x000000060a400000, 0x000000060a800000, 0x000000060a800000|100%| O|  |TAMS 0x000000060a400000, 0x000000060a400000| Untracked 
|  23|0x000000060a800000, 0x000000060ac00000, 0x000000060ac00000|100%| O|  |TAMS 0x000000060a800000, 0x000000060a800000| Untracked 
|  24|0x000000060ac00000, 0x000000060b000000, 0x000000060b000000|100%| O|  |TAMS 0x000000060ac00000, 0x000000060ac00000| Untracked 
|  25|0x000000060b000000, 0x000000060b400000, 0x000000060b400000|100%| O|  |TAMS 0x000000060b000000, 0x000000060b000000| Untracked 
|  26|0x000000060b400000, 0x000000060b800000, 0x000000060b800000|100%| O|  |TAMS 0x000000060b400000, 0x000000060b400000| Untracked 
|  27|0x000000060b800000, 0x000000060bc00000, 0x000000060bc00000|100%| O|  |TAMS 0x000000060b800000, 0x000000060b800000| Untracked 
|  28|0x000000060bc00000, 0x000000060c000000, 0x000000060c000000|100%| O|  |TAMS 0x000000060bc00000, 0x000000060bc00000| Untracked 
|  29|0x000000060c000000, 0x000000060c400000, 0x000000060c400000|100%| O|  |TAMS 0x000000060c000000, 0x000000060c000000| Untracked 
|  30|0x000000060c400000, 0x000000060c800000, 0x000000060c800000|100%| O|  |TAMS 0x000000060c400000, 0x000000060c400000| Untracked 
|  31|0x000000060c800000, 0x000000060cc00000, 0x000000060cc00000|100%| O|  |TAMS 0x000000060c800000, 0x000000060c800000| Untracked 
|  32|0x000000060cc00000, 0x000000060d000000, 0x000000060d000000|100%| O|  |TAMS 0x000000060cc00000, 0x000000060cc00000| Untracked 
|  33|0x000000060d000000, 0x000000060d400000, 0x000000060d400000|100%| O|  |TAMS 0x000000060d000000, 0x000000060d000000| Untracked 
|  34|0x000000060d400000, 0x000000060d800000, 0x000000060d800000|100%| O|  |TAMS 0x000000060d400000, 0x000000060d400000| Untracked 
|  35|0x000000060d800000, 0x000000060dc00000, 0x000000060dc00000|100%| O|  |TAMS 0x000000060d800000, 0x000000060d800000| Untracked 
|  36|0x000000060dc00000, 0x000000060e000000, 0x000000060e000000|100%| O|  |TAMS 0x000000060dc00000, 0x000000060dc00000| Untracked 
|  37|0x000000060e000000, 0x000000060e212200, 0x000000060e400000| 51%| O|  |TAMS 0x000000060e000000, 0x000000060e000000| Untracked 
|  38|0x000000060e400000, 0x000000060e400000, 0x000000060e800000|  0%| F|  |TAMS 0x000000060e400000, 0x000000060e400000| Untracked 
|  39|0x000000060e800000, 0x000000060e800000, 0x000000060ec00000|  0%| F|  |TAMS 0x000000060e800000, 0x000000060e800000| Untracked 
|  40|0x000000060ec00000, 0x000000060ec00000, 0x000000060f000000|  0%| F|  |TAMS 0x000000060ec00000, 0x000000060ec00000| Untracked 
|  41|0x000000060f000000, 0x000000060f000000, 0x000000060f400000|  0%| F|  |TAMS 0x000000060f000000, 0x000000060f000000| Untracked 
|  42|0x000000060f400000, 0x000000060f400000, 0x000000060f800000|  0%| F|  |TAMS 0x000000060f400000, 0x000000060f400000| Untracked 
|  43|0x000000060f800000, 0x000000060f800000, 0x000000060fc00000|  0%| F|  |TAMS 0x000000060f800000, 0x000000060f800000| Untracked 
|  44|0x000000060fc00000, 0x000000060fc00000, 0x0000000610000000|  0%| F|  |TAMS 0x000000060fc00000, 0x000000060fc00000| Untracked 
|  45|0x0000000610000000, 0x0000000610000000, 0x0000000610400000|  0%| F|  |TAMS 0x0000000610000000, 0x0000000610000000| Untracked 
|  46|0x0000000610400000, 0x0000000610400000, 0x0000000610800000|  0%| F|  |TAMS 0x0000000610400000, 0x0000000610400000| Untracked 
|  47|0x0000000610800000, 0x0000000610800000, 0x0000000610c00000|  0%| F|  |TAMS 0x0000000610800000, 0x0000000610800000| Untracked 
|  48|0x0000000610c00000, 0x0000000610c00000, 0x0000000611000000|  0%| F|  |TAMS 0x0000000610c00000, 0x0000000610c00000| Untracked 
|  49|0x0000000611000000, 0x0000000611000000, 0x0000000611400000|  0%| F|  |TAMS 0x0000000611000000, 0x0000000611000000| Untracked 
|  50|0x0000000611400000, 0x0000000611400000, 0x0000000611800000|  0%| F|  |TAMS 0x0000000611400000, 0x0000000611400000| Untracked 
|  51|0x0000000611800000, 0x0000000611800000, 0x0000000611c00000|  0%| F|  |TAMS 0x0000000611800000, 0x0000000611800000| Untracked 
|  52|0x0000000611c00000, 0x0000000611c00000, 0x0000000612000000|  0%| F|  |TAMS 0x0000000611c00000, 0x0000000611c00000| Untracked 
|  53|0x0000000612000000, 0x0000000612000000, 0x0000000612400000|  0%| F|  |TAMS 0x0000000612000000, 0x0000000612000000| Untracked 
|  54|0x0000000612400000, 0x0000000612400000, 0x0000000612800000|  0%| F|  |TAMS 0x0000000612400000, 0x0000000612400000| Untracked 
|  55|0x0000000612800000, 0x0000000612800000, 0x0000000612c00000|  0%| F|  |TAMS 0x0000000612800000, 0x0000000612800000| Untracked 
|  56|0x0000000612c00000, 0x0000000612c00000, 0x0000000613000000|  0%| F|  |TAMS 0x0000000612c00000, 0x0000000612c00000| Untracked 
|  57|0x0000000613000000, 0x0000000613000000, 0x0000000613400000|  0%| F|  |TAMS 0x0000000613000000, 0x0000000613000000| Untracked 
|  58|0x0000000613400000, 0x0000000613400000, 0x0000000613800000|  0%| F|  |TAMS 0x0000000613400000, 0x0000000613400000| Untracked 
|  59|0x0000000613800000, 0x0000000613800000, 0x0000000613c00000|  0%| F|  |TAMS 0x0000000613800000, 0x0000000613800000| Untracked 
|  60|0x0000000613c00000, 0x0000000613c00000, 0x0000000614000000|  0%| F|  |TAMS 0x0000000613c00000, 0x0000000613c00000| Untracked 
|  61|0x0000000614000000, 0x0000000614000000, 0x0000000614400000|  0%| F|  |TAMS 0x0000000614000000, 0x0000000614000000| Untracked 
|  62|0x0000000614400000, 0x0000000614400000, 0x0000000614800000|  0%| F|  |TAMS 0x0000000614400000, 0x0000000614400000| Untracked 
|  63|0x0000000614800000, 0x0000000614800000, 0x0000000614c00000|  0%| F|  |TAMS 0x0000000614800000, 0x0000000614800000| Untracked 
|  64|0x0000000614c00000, 0x0000000614c00000, 0x0000000615000000|  0%| F|  |TAMS 0x0000000614c00000, 0x0000000614c00000| Untracked 
|  65|0x0000000615000000, 0x0000000615000000, 0x0000000615400000|  0%| F|  |TAMS 0x0000000615000000, 0x0000000615000000| Untracked 
|  66|0x0000000615400000, 0x0000000615400000, 0x0000000615800000|  0%| F|  |TAMS 0x0000000615400000, 0x0000000615400000| Untracked 
|  67|0x0000000615800000, 0x0000000615800000, 0x0000000615c00000|  0%| F|  |TAMS 0x0000000615800000, 0x0000000615800000| Untracked 
|  68|0x0000000615c00000, 0x0000000615c00000, 0x0000000616000000|  0%| F|  |TAMS 0x0000000615c00000, 0x0000000615c00000| Untracked 
|  69|0x0000000616000000, 0x0000000616000000, 0x0000000616400000|  0%| F|  |TAMS 0x0000000616000000, 0x0000000616000000| Untracked 
|  70|0x0000000616400000, 0x0000000616400000, 0x0000000616800000|  0%| F|  |TAMS 0x0000000616400000, 0x0000000616400000| Untracked 
|  71|0x0000000616800000, 0x0000000616800000, 0x0000000616c00000|  0%| F|  |TAMS 0x0000000616800000, 0x0000000616800000| Untracked 
|  72|0x0000000616c00000, 0x0000000616c00000, 0x0000000617000000|  0%| F|  |TAMS 0x0000000616c00000, 0x0000000616c00000| Untracked 
|  73|0x0000000617000000, 0x0000000617000000, 0x0000000617400000|  0%| F|  |TAMS 0x0000000617000000, 0x0000000617000000| Untracked 
|  74|0x0000000617400000, 0x0000000617400000, 0x0000000617800000|  0%| F|  |TAMS 0x0000000617400000, 0x0000000617400000| Untracked 
|  75|0x0000000617800000, 0x0000000617800000, 0x0000000617c00000|  0%| F|  |TAMS 0x0000000617800000, 0x0000000617800000| Untracked 
|  76|0x0000000617c00000, 0x0000000617c00000, 0x0000000618000000|  0%| F|  |TAMS 0x0000000617c00000, 0x0000000617c00000| Untracked 
|  77|0x0000000618000000, 0x0000000618000000, 0x0000000618400000|  0%| F|  |TAMS 0x0000000618000000, 0x0000000618000000| Untracked 
|  78|0x0000000618400000, 0x0000000618400000, 0x0000000618800000|  0%| F|  |TAMS 0x0000000618400000, 0x0000000618400000| Untracked 
|  79|0x0000000618800000, 0x0000000618800000, 0x0000000618c00000|  0%| F|  |TAMS 0x0000000618800000, 0x0000000618800000| Untracked 
|  80|0x0000000618c00000, 0x0000000618c00000, 0x0000000619000000|  0%| F|  |TAMS 0x0000000618c00000, 0x0000000618c00000| Untracked 
|  81|0x0000000619000000, 0x0000000619000000, 0x0000000619400000|  0%| F|  |TAMS 0x0000000619000000, 0x0000000619000000| Untracked 
|  82|0x0000000619400000, 0x0000000619400000, 0x0000000619800000|  0%| F|  |TAMS 0x0000000619400000, 0x0000000619400000| Untracked 
|  83|0x0000000619800000, 0x0000000619800000, 0x0000000619c00000|  0%| F|  |TAMS 0x0000000619800000, 0x0000000619800000| Untracked 
|  84|0x0000000619c00000, 0x0000000619c00000, 0x000000061a000000|  0%| F|  |TAMS 0x0000000619c00000, 0x0000000619c00000| Untracked 
|  85|0x000000061a000000, 0x000000061a000000, 0x000000061a400000|  0%| F|  |TAMS 0x000000061a000000, 0x000000061a000000| Untracked 
|  86|0x000000061a400000, 0x000000061a400000, 0x000000061a800000|  0%| F|  |TAMS 0x000000061a400000, 0x000000061a400000| Untracked 
|  87|0x000000061a800000, 0x000000061a800000, 0x000000061ac00000|  0%| F|  |TAMS 0x000000061a800000, 0x000000061a800000| Untracked 
|  88|0x000000061ac00000, 0x000000061ac00000, 0x000000061b000000|  0%| F|  |TAMS 0x000000061ac00000, 0x000000061ac00000| Untracked 
|  89|0x000000061b000000, 0x000000061b000000, 0x000000061b400000|  0%| F|  |TAMS 0x000000061b000000, 0x000000061b000000| Untracked 
|  90|0x000000061b400000, 0x000000061b400000, 0x000000061b800000|  0%| F|  |TAMS 0x000000061b400000, 0x000000061b400000| Untracked 
|  91|0x000000061b800000, 0x000000061b800000, 0x000000061bc00000|  0%| F|  |TAMS 0x000000061b800000, 0x000000061b800000| Untracked 
|  92|0x000000061bc00000, 0x000000061bc00000, 0x000000061c000000|  0%| F|  |TAMS 0x000000061bc00000, 0x000000061bc00000| Untracked 
|  93|0x000000061c000000, 0x000000061c000000, 0x000000061c400000|  0%| F|  |TAMS 0x000000061c000000, 0x000000061c000000| Untracked 
|  94|0x000000061c400000, 0x000000061c400000, 0x000000061c800000|  0%| F|  |TAMS 0x000000061c400000, 0x000000061c400000| Untracked 
|  95|0x000000061c800000, 0x000000061c800000, 0x000000061cc00000|  0%| F|  |TAMS 0x000000061c800000, 0x000000061c800000| Untracked 
|  96|0x000000061cc00000, 0x000000061cc00000, 0x000000061d000000|  0%| F|  |TAMS 0x000000061cc00000, 0x000000061cc00000| Untracked 
|  97|0x000000061d000000, 0x000000061d000000, 0x000000061d400000|  0%| F|  |TAMS 0x000000061d000000, 0x000000061d000000| Untracked 
|  98|0x000000061d400000, 0x000000061d400000, 0x000000061d800000|  0%| F|  |TAMS 0x000000061d400000, 0x000000061d400000| Untracked 
|  99|0x000000061d800000, 0x000000061d800000, 0x000000061dc00000|  0%| F|  |TAMS 0x000000061d800000, 0x000000061d800000| Untracked 
| 100|0x000000061dc00000, 0x000000061dc00000, 0x000000061e000000|  0%| F|  |TAMS 0x000000061dc00000, 0x000000061dc00000| Untracked 
| 101|0x000000061e000000, 0x000000061e000000, 0x000000061e400000|  0%| F|  |TAMS 0x000000061e000000, 0x000000061e000000| Untracked 
| 102|0x000000061e400000, 0x000000061e400000, 0x000000061e800000|  0%| F|  |TAMS 0x000000061e400000, 0x000000061e400000| Untracked 
| 103|0x000000061e800000, 0x000000061e800000, 0x000000061ec00000|  0%| F|  |TAMS 0x000000061e800000, 0x000000061e800000| Untracked 
| 104|0x000000061ec00000, 0x000000061ec00000, 0x000000061f000000|  0%| F|  |TAMS 0x000000061ec00000, 0x000000061ec00000| Untracked 
| 105|0x000000061f000000, 0x000000061f000000, 0x000000061f400000|  0%| F|  |TAMS 0x000000061f000000, 0x000000061f000000| Untracked 
| 106|0x000000061f400000, 0x000000061f400000, 0x000000061f800000|  0%| F|  |TAMS 0x000000061f400000, 0x000000061f400000| Untracked 
| 107|0x000000061f800000, 0x000000061f800000, 0x000000061fc00000|  0%| F|  |TAMS 0x000000061f800000, 0x000000061f800000| Untracked 
| 108|0x000000061fc00000, 0x000000061fc00000, 0x0000000620000000|  0%| F|  |TAMS 0x000000061fc00000, 0x000000061fc00000| Untracked 
| 109|0x0000000620000000, 0x0000000620000000, 0x0000000620400000|  0%| F|  |TAMS 0x0000000620000000, 0x0000000620000000| Untracked 
| 110|0x0000000620400000, 0x0000000620400000, 0x0000000620800000|  0%| F|  |TAMS 0x0000000620400000, 0x0000000620400000| Untracked 
| 111|0x0000000620800000, 0x0000000620c00000, 0x0000000620c00000|100%| S|CS|TAMS 0x0000000620800000, 0x0000000620800000| Complete 
| 112|0x0000000620c00000, 0x0000000621000000, 0x0000000621000000|100%| S|CS|TAMS 0x0000000620c00000, 0x0000000620c00000| Complete 
| 113|0x0000000621000000, 0x0000000621000000, 0x0000000621400000|  0%| F|  |TAMS 0x0000000621000000, 0x0000000621000000| Untracked 
| 114|0x0000000621400000, 0x0000000621400000, 0x0000000621800000|  0%| F|  |TAMS 0x0000000621400000, 0x0000000621400000| Untracked 
| 115|0x0000000621800000, 0x0000000621800000, 0x0000000621c00000|  0%| F|  |TAMS 0x0000000621800000, 0x0000000621800000| Untracked 
| 116|0x0000000621c00000, 0x0000000621c00000, 0x0000000622000000|  0%| F|  |TAMS 0x0000000621c00000, 0x0000000621c00000| Untracked 
| 117|0x0000000622000000, 0x0000000622000000, 0x0000000622400000|  0%| F|  |TAMS 0x0000000622000000, 0x0000000622000000| Untracked 
| 118|0x0000000622400000, 0x0000000622400000, 0x0000000622800000|  0%| F|  |TAMS 0x0000000622400000, 0x0000000622400000| Untracked 
| 119|0x0000000622800000, 0x0000000622800000, 0x0000000622c00000|  0%| F|  |TAMS 0x0000000622800000, 0x0000000622800000| Untracked 
| 120|0x0000000622c00000, 0x0000000622c00000, 0x0000000623000000|  0%| F|  |TAMS 0x0000000622c00000, 0x0000000622c00000| Untracked 
| 121|0x0000000623000000, 0x0000000623000000, 0x0000000623400000|  0%| F|  |TAMS 0x0000000623000000, 0x0000000623000000| Untracked 
| 122|0x0000000623400000, 0x0000000623400000, 0x0000000623800000|  0%| F|  |TAMS 0x0000000623400000, 0x0000000623400000| Untracked 
| 123|0x0000000623800000, 0x0000000623800000, 0x0000000623c00000|  0%| F|  |TAMS 0x0000000623800000, 0x0000000623800000| Untracked 
| 124|0x0000000623c00000, 0x0000000623c00000, 0x0000000624000000|  0%| F|  |TAMS 0x0000000623c00000, 0x0000000623c00000| Untracked 
| 125|0x0000000624000000, 0x0000000624000000, 0x0000000624400000|  0%| F|  |TAMS 0x0000000624000000, 0x0000000624000000| Untracked 
| 126|0x0000000624400000, 0x0000000624400000, 0x0000000624800000|  0%| F|  |TAMS 0x0000000624400000, 0x0000000624400000| Untracked 

Card table byte_map: [0x0000023a0f000000,0x0000023a0ffe0000] _byte_map_base: 0x0000023a0bfda000

Marking Bits (Prev, Next): (CMBitMap*) 0x0000023a7b50cb70, (CMBitMap*) 0x0000023a7b50cbb0
 Prev Bits: [0x0000023a10fc0000, 0x0000023a18e90000)
 Next Bits: [0x0000023a18e90000, 0x0000023a20d60000)

Polling page: 0x0000023a79390000

Metaspace:

Usage:
  Non-class:     14.26 MB used.
      Class:      1.53 MB used.
       Both:     15.79 MB used.

Virtual space:
  Non-class space:       64.00 MB reserved,      14.38 MB ( 22%) committed,  1 nodes.
      Class space:        1.00 GB reserved,       1.56 MB ( <1%) committed,  1 nodes.
             Both:        1.06 GB reserved,      15.94 MB (  1%) committed. 

Chunk freelists:
   Non-Class:  1012.00 KB
       Class:  14.25 MB
        Both:  15.24 MB

MaxMetaspaceSize: unlimited
CompressedClassSpaceSize: 1.00 GB
Initial GC threshold: 21.00 MB
Current GC threshold: 21.00 MB
CDS: off
MetaspaceReclaimPolicy: balanced
 - commit_granule_bytes: 65536.
 - commit_granule_words: 8192.
 - virtual_space_node_default_size: 8388608.
 - enlarge_chunks_in_place: 1.
 - new_chunks_are_fully_committed: 0.
 - uncommit_free_chunks: 1.
 - use_allocation_guard: 0.
 - handle_deallocations: 1.


Internal statistics:

num_allocs_failed_limit: 0.
num_arena_births: 124.
num_arena_deaths: 0.
num_vsnodes_births: 2.
num_vsnodes_deaths: 0.
num_space_committed: 255.
num_space_uncommitted: 0.
num_chunks_returned_to_freelist: 0.
num_chunks_taken_from_freelist: 205.
num_chunk_merges: 0.
num_chunk_splits: 103.
num_chunks_enlarged: 38.
num_inconsistent_stats: 0.

CodeHeap 'non-profiled nmethods': size=120000Kb used=640Kb max_used=640Kb free=119360Kb
 bounds [0x0000023a07ad0000, 0x0000023a07d40000, 0x0000023a0f000000]
CodeHeap 'profiled nmethods': size=120000Kb used=3729Kb max_used=3729Kb free=116270Kb
 bounds [0x0000023a00000000, 0x0000023a003b0000, 0x0000023a07530000]
CodeHeap 'non-nmethods': size=5760Kb used=1303Kb max_used=1327Kb free=4456Kb
 bounds [0x0000023a07530000, 0x0000023a077a0000, 0x0000023a07ad0000]
 total_blobs=2548 nmethods=1930 adapters=530
 compilation: enabled
              stopped_count=0, restarted_count=0
 full_count=0

Compilation events (20 events):
Event: 11800.282 Thread 0x0000023a237f8ba0 1921       3       java.awt.image.BufferedImage::isStandard (44 bytes)
Event: 11800.282 Thread 0x0000023a237f8ba0 nmethod 1921 0x0000023a0039e390 code [0x0000023a0039e5a0, 0x0000023a0039ecb8]
Event: 11800.282 Thread 0x0000023a237f8ba0 1922       3       java.awt.image.BufferedImage::coerceData (38 bytes)
Event: 11800.283 Thread 0x0000023a237f8ba0 nmethod 1922 0x0000023a0039ef90 code [0x0000023a0039f140, 0x0000023a0039f428]
Event: 11800.286 Thread 0x0000023a237f8ba0 1923       3       sun.awt.image.VolatileSurfaceManager::displayChanged (102 bytes)
Event: 11800.288 Thread 0x0000023a237f8ba0 nmethod 1923 0x0000023a0039f510 code [0x0000023a0039f720, 0x0000023a003a00c8]
Event: 11800.290 Thread 0x0000023a237f8ba0 1924       3       sun.awt.image.VolatileSurfaceManager::getBackupSurface (74 bytes)
Event: 11800.291 Thread 0x0000023a237f8ba0 nmethod 1924 0x0000023a003a0390 code [0x0000023a003a05c0, 0x0000023a003a0e38]
Event: 11800.291 Thread 0x0000023a237f8ba0 1925       3       sun.awt.image.SunVolatileImage::getBackupImage (40 bytes)
Event: 11800.292 Thread 0x0000023a237f8ba0 nmethod 1925 0x0000023a003a1290 code [0x0000023a003a1460, 0x0000023a003a1788]
Event: 11800.292 Thread 0x0000023a237f8ba0 1926       3       java.awt.GraphicsConfiguration::createCompatibleImage (71 bytes)
Event: 11800.293 Thread 0x0000023a237f8ba0 nmethod 1926 0x0000023a003a1910 code [0x0000023a003a1b60, 0x0000023a003a2618]
Event: 11800.293 Thread 0x0000023a237f8ba0 1927       3       java.awt.GraphicsConfiguration::createCompatibleImage (29 bytes)
Event: 11800.293 Thread 0x0000023a237f8ba0 nmethod 1927 0x0000023a003a2990 code [0x0000023a003a2b80, 0x0000023a003a3208]
Event: 11800.293 Thread 0x0000023a237f8ba0 1928       3       sun.awt.image.SunVolatileImage::updateGraphicsConfig (25 bytes)
Event: 11800.959 Thread 0x0000023a237f8ba0 nmethod 1928 0x0000023a003a3410 code [0x0000023a003a35c0, 0x0000023a003a38b8]
Event: 11800.959 Thread 0x0000023a237f8ba0 1929  s    3       sun.awt.image.BufImgSurfaceData::getSolidLoops (85 bytes)
Event: 11800.960 Thread 0x0000023a237f8ba0 nmethod 1929 0x0000023a003a3990 code [0x0000023a003a3bc0, 0x0000023a003a44e8]
Event: 11800.960 Thread 0x0000023a237f8290 1930       4       java.awt.image.SinglePixelPackedSampleModel::<init> (243 bytes)
Event: 11800.983 Thread 0x0000023a237f8290 nmethod 1930 0x0000023a07b6f010 code [0x0000023a07b6f1c0, 0x0000023a07b6fb98]

GC Heap History (11 events):
Event: 11798.431 GC heap before
{Heap before GC invocations=0 (full 0):
 garbage-first heap   total 520192K, used 20480K [0x0000000604c00000, 0x0000000800000000)
  region size 4096K, 6 young (24576K), 0 survivors (0K)
 Metaspace       used 16116K, committed 16256K, reserved 1114112K
  class space    used 1561K, committed 1600K, reserved 1048576K
}
Event: 11800.181 GC heap after
{Heap after GC invocations=1 (full 0):
 garbage-first heap   total 520192K, used 6169K [0x0000000604c00000, 0x0000000800000000)
  region size 4096K, 1 young (4096K), 1 survivors (4096K)
 Metaspace       used 16116K, committed 16256K, reserved 1114112K
  class space    used 1561K, committed 1600K, reserved 1048576K
}
Event: 11800.218 GC heap before
{Heap before GC invocations=1 (full 0):
 garbage-first heap   total 520192K, used 22553K [0x0000000604c00000, 0x0000000800000000)
  region size 4096K, 6 young (24576K), 1 survivors (4096K)
 Metaspace       used 16125K, committed 16320K, reserved 1114112K
  class space    used 1561K, committed 1600K, reserved 1048576K
}
Event: 11800.228 GC heap after
{Heap after GC invocations=2 (full 0):
 garbage-first heap   total 520192K, used 26709K [0x0000000604c00000, 0x0000000800000000)
  region size 4096K, 1 young (4096K), 1 survivors (4096K)
 Metaspace       used 16125K, committed 16320K, reserved 1114112K
  class space    used 1561K, committed 1600K, reserved 1048576K
}
Event: 11800.235 GC heap before
{Heap before GC invocations=2 (full 0):
 garbage-first heap   total 520192K, used 43093K [0x0000000604c00000, 0x0000000800000000)
  region size 4096K, 6 young (24576K), 1 survivors (4096K)
 Metaspace       used 16128K, committed 16320K, reserved 1114112K
  class space    used 1561K, committed 1600K, reserved 1048576K
}
Event: 11800.243 GC heap after
{Heap after GC invocations=3 (full 0):
 garbage-first heap   total 520192K, used 47042K [0x0000000604c00000, 0x0000000800000000)
  region size 4096K, 1 young (4096K), 1 survivors (4096K)
 Metaspace       used 16128K, committed 16320K, reserved 1114112K
  class space    used 1561K, committed 1600K, reserved 1048576K
}
Event: 11800.261 GC heap before
{Heap before GC invocations=3 (full 0):
 garbage-first heap   total 520192K, used 71618K [0x0000000604c00000, 0x0000000800000000)
  region size 4096K, 8 young (32768K), 1 survivors (4096K)
 Metaspace       used 16164K, committed 16320K, reserved 1114112K
  class space    used 1561K, committed 1600K, reserved 1048576K
}
Event: 11800.274 GC heap after
{Heap after GC invocations=4 (full 0):
 garbage-first heap   total 520192K, used 75714K [0x0000000604c00000, 0x0000000800000000)
  region size 4096K, 1 young (4096K), 1 survivors (4096K)
 Metaspace       used 16164K, committed 16320K, reserved 1114112K
  class space    used 1561K, committed 1600K, reserved 1048576K
}
Event: 11800.965 GC heap before
{Heap before GC invocations=4 (full 0):
 garbage-first heap   total 520192K, used 108482K [0x0000000604c00000, 0x0000000800000000)
  region size 4096K, 10 young (40960K), 1 survivors (4096K)
 Metaspace       used 16165K, committed 16320K, reserved 1114112K
  class space    used 1561K, committed 1600K, reserved 1048576K
}
Event: 11800.982 GC heap after
{Heap after GC invocations=5 (full 0):
 garbage-first heap   total 520192K, used 112702K [0x0000000604c00000, 0x0000000800000000)
  region size 4096K, 2 young (8192K), 2 survivors (8192K)
 Metaspace       used 16165K, committed 16320K, reserved 1114112K
  class space    used 1561K, committed 1600K, reserved 1048576K
}
Event: 11800.997 GC heap before
{Heap before GC invocations=5 (full 0):
 garbage-first heap   total 520192K, used 157758K [0x0000000604c00000, 0x0000000800000000)
  region size 4096K, 14 young (57344K), 2 survivors (8192K)
 Metaspace       used 16165K, committed 16320K, reserved 1114112K
  class space    used 1561K, committed 1600K, reserved 1048576K
}

Dll operation events (8 events):
Event: 0.010 Loaded shared library C:\Users\codehows\.p2\pool\plugins\org.eclipse.justj.openjdk.hotspot.jre.full.win32.x86_64_17.0.10.v20240120-1143\jre\bin\java.dll
Event: 0.117 Loaded shared library C:\Users\codehows\.p2\pool\plugins\org.eclipse.justj.openjdk.hotspot.jre.full.win32.x86_64_17.0.10.v20240120-1143\jre\bin\jimage.dll
Event: 0.129 Loaded shared library C:\Users\codehows\.p2\pool\plugins\org.eclipse.justj.openjdk.hotspot.jre.full.win32.x86_64_17.0.10.v20240120-1143\jre\bin\net.dll
Event: 0.130 Loaded shared library C:\Users\codehows\.p2\pool\plugins\org.eclipse.justj.openjdk.hotspot.jre.full.win32.x86_64_17.0.10.v20240120-1143\jre\bin\nio.dll
Event: 0.136 Loaded shared library C:\Users\codehows\.p2\pool\plugins\org.eclipse.justj.openjdk.hotspot.jre.full.win32.x86_64_17.0.10.v20240120-1143\jre\bin\zip.dll
Event: 0.166 Loaded shared library C:\Users\codehows\.p2\pool\plugins\org.eclipse.justj.openjdk.hotspot.jre.full.win32.x86_64_17.0.10.v20240120-1143\jre\bin\awt.dll
Event: 0.564 Loaded shared library C:\Users\codehows\.p2\pool\plugins\org.eclipse.justj.openjdk.hotspot.jre.full.win32.x86_64_17.0.10.v20240120-1143\jre\bin\freetype.dll
Event: 0.565 Loaded shared library C:\Users\codehows\.p2\pool\plugins\org.eclipse.justj.openjdk.hotspot.jre.full.win32.x86_64_17.0.10.v20240120-1143\jre\bin\fontmanager.dll

Deoptimization events (20 events):
Event: 80.492 Thread 0x0000023a281a5e80 Uncommon trap: trap_request=0xffffffde fr.pc=0x0000023a07b0aa80 relative=0x0000000000000320
Event: 80.492 Thread 0x0000023a281a5e80 Uncommon trap: reason=class_check action=maybe_recompile pc=0x0000023a07b0aa80 method=java.util.HashMap.getNode(Ljava/lang/Object;)Ljava/util/HashMap$Node; @ 128 c2
Event: 80.492 Thread 0x0000023a281a5e80 DEOPT PACKING pc=0x0000023a07b0aa80 sp=0x000000dc30afe1a0
Event: 80.492 Thread 0x0000023a281a5e80 DEOPT UNPACKING pc=0x0000023a0758a1a3 sp=0x000000dc30afe0a8 mode 2
Event: 80.492 Thread 0x0000023a281a5e80 Uncommon trap: trap_request=0xffffffde fr.pc=0x0000023a07b0aa80 relative=0x0000000000000320
Event: 80.492 Thread 0x0000023a281a5e80 Uncommon trap: reason=class_check action=maybe_recompile pc=0x0000023a07b0aa80 method=java.util.HashMap.getNode(Ljava/lang/Object;)Ljava/util/HashMap$Node; @ 128 c2
Event: 80.492 Thread 0x0000023a281a5e80 DEOPT PACKING pc=0x0000023a07b0aa80 sp=0x000000dc30afe080
Event: 80.492 Thread 0x0000023a281a5e80 DEOPT UNPACKING pc=0x0000023a0758a1a3 sp=0x000000dc30afdf88 mode 2
Event: 444.879 Thread 0x0000023a2870d300 Uncommon trap: trap_request=0xffffffcc fr.pc=0x0000023a07b64604 relative=0x0000000000000264
Event: 444.879 Thread 0x0000023a2870d300 Uncommon trap: reason=intrinsic_or_type_checked_inlining action=make_not_entrant pc=0x0000023a07b64604 method=java.util.Arrays.copyOf([Ljava/lang/Object;ILjava/lang/Class;)[Ljava/lang/Object; @ 35 c2
Event: 444.879 Thread 0x0000023a2870d300 DEOPT PACKING pc=0x0000023a07b64604 sp=0x000000dc30e0f190
Event: 444.879 Thread 0x0000023a2870d300 DEOPT UNPACKING pc=0x0000023a0758a1a3 sp=0x000000dc30e0f120 mode 2
Event: 558.048 Thread 0x0000023a2870d300 Uncommon trap: trap_request=0xffffffdc fr.pc=0x0000023a07b656cc relative=0x00000000000001ac
Event: 558.048 Thread 0x0000023a2870d300 Uncommon trap: reason=class_check action=make_not_entrant pc=0x0000023a07b656cc method=java.util.ArrayList.toArray([Ljava/lang/Object;)[Ljava/lang/Object; @ 21 c2
Event: 558.049 Thread 0x0000023a2870d300 DEOPT PACKING pc=0x0000023a07b656cc sp=0x000000dc30e0f1f0
Event: 558.049 Thread 0x0000023a2870d300 DEOPT UNPACKING pc=0x0000023a0758a1a3 sp=0x000000dc30e0f1b0 mode 2
Event: 5931.742 Thread 0x0000023a2870d300 DEOPT PACKING pc=0x0000023a0037307f sp=0x000000dc30e0f1b0
Event: 5931.742 Thread 0x0000023a2870d300 DEOPT UNPACKING pc=0x0000023a0758ace3 sp=0x000000dc30e0e740 mode 0
Event: 6376.228 Thread 0x0000023a2870d300 DEOPT PACKING pc=0x0000023a0036f32b sp=0x000000dc30e0f1a0
Event: 6376.228 Thread 0x0000023a2870d300 DEOPT UNPACKING pc=0x0000023a0758ace3 sp=0x000000dc30e0e740 mode 0

Classes unloaded (0 events):
No events

Classes redefined (0 events):
No events

Internal exceptions (16 events):
Event: 0.157 Thread 0x0000023a7b45bed0 Exception <a 'java/lang/ClassNotFoundException'{0x000000062461b498}: sun/awt/resources/spi/awtProvider> (0x000000062461b498) 
thrown [s\src\hotspot\share\classfile\systemDictionary.cpp, line 256]
Event: 0.181 Thread 0x0000023a7b45bed0 Exception <a 'java/io/FileNotFoundException'{0x00000006246757b8}> (0x00000006246757b8) 
thrown [s\src\hotspot\share\prims\jni.cpp, line 516]
Event: 0.187 Thread 0x0000023a7b45bed0 Exception <a 'java/io/FileNotFoundException'{0x00000006246a2ba0}> (0x00000006246a2ba0) 
thrown [s\src\hotspot\share\prims\jni.cpp, line 516]
Event: 0.218 Thread 0x0000023a7b45bed0 Exception <a 'java/lang/NoSuchMethodError'{0x00000006246dace0}: 'java.lang.Object java.lang.invoke.DirectMethodHandle$Holder.invokeStaticInit(java.lang.Object)'> (0x00000006246dace0) 
thrown [s\src\hotspot\share\interpreter\linkResolver.cpp, line 759]
Event: 0.417 Thread 0x0000023a281a5e80 Exception <a 'java/lang/NoSuchMethodError'{0x00000006247ce8a8}: 'void java.lang.invoke.DirectMethodHandle$Holder.invokeSpecial(java.lang.Object, java.lang.Object, java.lang.Object)'> (0x00000006247ce8a8) 
thrown [s\src\hotspot\share\interpreter\linkResolver.cpp, line 759]
Event: 0.425 Thread 0x0000023a281a5e80 Exception <a 'java/lang/NoSuchMethodError'{0x0000000624007670}: 'java.lang.Object java.lang.invoke.DirectMethodHandle$Holder.newInvokeSpecial(java.lang.Object, java.lang.Object, java.lang.Object, java.lang.Object, java.lang.Object)'> (0x0000000624007670) 
thrown [s\src\hotspot\share\interpreter\linkResolver.cpp, line 759]
Event: 0.427 Thread 0x0000023a281a5e80 Exception <a 'java/lang/NoSuchMethodError'{0x0000000624013038}: 'java.lang.Object java.lang.invoke.DirectMethodHandle$Holder.invokeStatic(java.lang.Object, int, java.lang.Object, java.lang.Object, java.lang.Object, java.lang.Object)'> (0x0000000624013038) 
thrown [s\src\hotspot\share\interpreter\linkResolver.cpp, line 759]
Event: 0.430 Thread 0x0000023a281a5e80 Exception <a 'java/lang/NoSuchMethodError'{0x00000006240387f8}: 'java.lang.Object java.lang.invoke.DirectMethodHandle$Holder.invokeStatic(java.lang.Object, int, java.lang.Object)'> (0x00000006240387f8) 
thrown [s\src\hotspot\share\interpreter\linkResolver.cpp, line 759]
Event: 0.459 Thread 0x0000023a281a5e80 Exception <a 'java/lang/ClassNotFoundException'{0x00000006240f0638}: com/sun/swing/internal/plaf/metal/resources/spi/metalProvider> (0x00000006240f0638) 
thrown [s\src\hotspot\share\classfile\systemDictionary.cpp, line 256]
Event: 0.459 Thread 0x0000023a281a5e80 Exception <a 'java/lang/ClassNotFoundException'{0x00000006240f5080}: com/sun/swing/internal/plaf/basic/resources/spi/basicProvider> (0x00000006240f5080) 
thrown [s\src\hotspot\share\classfile\systemDictionary.cpp, line 256]
Event: 0.544 Thread 0x0000023a281b3a30 Exception <a 'java/lang/NoSuchMethodError'{0x000000062470b5f8}: 'void java.lang.invoke.DirectMethodHandle$Holder.invokeVirtual(java.lang.Object, java.lang.Object)'> (0x000000062470b5f8) 
thrown [s\src\hotspot\share\interpreter\linkResolver.cpp, line 759]
Event: 0.560 Thread 0x0000023a281a5e80 Exception <a 'java/lang/NoSuchMethodError'{0x00000006242d9d10}: 'void java.lang.invoke.DirectMethodHandle$Holder.invokeStaticInit(java.lang.Object)'> (0x00000006242d9d10) 
thrown [s\src\hotspot\share\interpreter\linkResolver.cpp, line 759]
Event: 0.569 Thread 0x0000023a281a5e80 Exception <a 'java/io/FileNotFoundException'{0x00000006242e6f08}> (0x00000006242e6f08) 
thrown [s\src\hotspot\share\prims\jni.cpp, line 516]
Event: 14.499 Thread 0x0000023a2870b4a0 Exception <a 'java/lang/NoSuchMethodError'{0x00000006239f89f8}: 'java.lang.Object java.lang.invoke.DirectMethodHandle$Holder.newInvokeSpecial(java.lang.Object, java.lang.Object, java.lang.Object, int, int, int, int, int)'> (0x00000006239f89f8) 
thrown [s\src\hotspot\share\interpreter\linkResolver.cpp, line 759]
Event: 14.564 Thread 0x0000023a281a5e80 Exception <a 'java/lang/NoSuchMethodError'{0x0000000623adcb80}: 'int java.lang.invoke.DirectMethodHandle$Holder.invokeStatic(java.lang.Object)'> (0x0000000623adcb80) 
thrown [s\src\hotspot\share\interpreter\linkResolver.cpp, line 759]
Event: 15.830 Thread 0x0000023a281a5e80 Implicit null exception at 0x0000023a07b32ecc to 0x0000023a07b33048

VM Operations (20 events):
Event: 70.226 Executing VM operation: Cleanup done
Event: 81.338 Executing VM operation: Cleanup
Event: 81.338 Executing VM operation: Cleanup done
Event: 82.347 Executing VM operation: Cleanup
Event: 82.347 Executing VM operation: Cleanup done
Event: 113.634 Executing VM operation: Cleanup
Event: 113.634 Executing VM operation: Cleanup done
Event: 566.103 Executing VM operation: Cleanup
Event: 566.104 Executing VM operation: Cleanup done
Event: 11798.430 Executing VM operation: G1CollectForAllocation
Event: 11800.181 Executing VM operation: G1CollectForAllocation done
Event: 11800.218 Executing VM operation: G1CollectForAllocation
Event: 11800.228 Executing VM operation: G1CollectForAllocation done
Event: 11800.235 Executing VM operation: G1CollectForAllocation
Event: 11800.244 Executing VM operation: G1CollectForAllocation done
Event: 11800.261 Executing VM operation: G1CollectForAllocation
Event: 11800.274 Executing VM operation: G1CollectForAllocation done
Event: 11800.965 Executing VM operation: G1CollectForAllocation
Event: 11800.982 Executing VM operation: G1CollectForAllocation done
Event: 11800.997 Executing VM operation: G1CollectForAllocation

Events (20 events):
Event: 15.825 loading class java/awt/Window$1DisposeAction done
Event: 15.826 loading class java/util/Hashtable$Enumerator
Event: 15.826 loading class java/util/Hashtable$Enumerator done
Event: 19.512 Thread 0x0000023a2870b4a0 Thread exited: 0x0000023a2870b4a0
Event: 80.490 loading class sun/awt/DebugSettings
Event: 80.491 loading class sun/awt/DebugSettings done
Event: 80.492 loading class javax/swing/JComponent$KeyboardState
Event: 80.492 loading class javax/swing/JComponent$KeyboardState done
Event: 80.492 loading class javax/swing/JComponent$IntVector
Event: 80.492 loading class javax/swing/JComponent$IntVector done
Event: 80.492 loading class javax/swing/Popup$HeavyWeightWindow
Event: 80.492 loading class javax/swing/JWindow
Event: 80.493 loading class javax/swing/JWindow done
Event: 80.493 loading class javax/swing/Popup$HeavyWeightWindow done
Event: 11797.630 loading class java/util/Collections$SynchronizedSet
Event: 11797.631 loading class java/util/Collections$SynchronizedSet done
Event: 11797.631 loading class java/util/WeakHashMap$KeyIterator
Event: 11797.631 loading class java/util/WeakHashMap$HashIterator
Event: 11797.632 loading class java/util/WeakHashMap$HashIterator done
Event: 11797.632 loading class java/util/WeakHashMap$KeyIterator done


Dynamic libraries:
0x00007ff743080000 - 0x00007ff74308e000 	C:\Users\codehows\.p2\pool\plugins\org.eclipse.justj.openjdk.hotspot.jre.full.win32.x86_64_17.0.10.v20240120-1143\jre\bin\javaw.exe
0x00007ff989cb0000 - 0x00007ff989ec7000 	C:\WINDOWS\SYSTEM32\ntdll.dll
0x00007ff989340000 - 0x00007ff989404000 	C:\WINDOWS\System32\KERNEL32.DLL
0x00007ff987650000 - 0x00007ff9879f6000 	C:\WINDOWS\System32\KERNELBASE.dll
0x00007ff9870b0000 - 0x00007ff9871c1000 	C:\WINDOWS\System32\ucrtbase.dll
0x00007ff980740000 - 0x00007ff980757000 	C:\Users\codehows\.p2\pool\plugins\org.eclipse.justj.openjdk.hotspot.jre.full.win32.x86_64_17.0.10.v20240120-1143\jre\bin\jli.dll
0x00007ff988e70000 - 0x00007ff98901e000 	C:\WINDOWS\System32\USER32.dll
0x00007ff980720000 - 0x00007ff98073b000 	C:\Users\codehows\.p2\pool\plugins\org.eclipse.justj.openjdk.hotspot.jre.full.win32.x86_64_17.0.10.v20240120-1143\jre\bin\VCRUNTIME140.dll
0x00007ff987490000 - 0x00007ff9874b6000 	C:\WINDOWS\System32\win32u.dll
0x00007ff9759e0000 - 0x00007ff975c73000 	C:\WINDOWS\WinSxS\amd64_microsoft.windows.common-controls_6595b64144ccf1df_6.0.22621.2506_none_270c5ae97388e100\COMCTL32.dll
0x00007ff989540000 - 0x00007ff989569000 	C:\WINDOWS\System32\GDI32.dll
0x00007ff989260000 - 0x00007ff989307000 	C:\WINDOWS\System32\msvcrt.dll
0x00007ff987530000 - 0x00007ff987648000 	C:\WINDOWS\System32\gdi32full.dll
0x00007ff9873f0000 - 0x00007ff98748a000 	C:\WINDOWS\System32\msvcp_win.dll
0x00007ff989020000 - 0x00007ff989051000 	C:\WINDOWS\System32\IMM32.DLL
0x00007ff980710000 - 0x00007ff98071c000 	C:\Users\codehows\.p2\pool\plugins\org.eclipse.justj.openjdk.hotspot.jre.full.win32.x86_64_17.0.10.v20240120-1143\jre\bin\vcruntime140_1.dll
0x00007ff9384a0000 - 0x00007ff93852d000 	C:\Users\codehows\.p2\pool\plugins\org.eclipse.justj.openjdk.hotspot.jre.full.win32.x86_64_17.0.10.v20240120-1143\jre\bin\msvcp140.dll
0x00007ff8feff0000 - 0x00007ff8ffc52000 	C:\Users\codehows\.p2\pool\plugins\org.eclipse.justj.openjdk.hotspot.jre.full.win32.x86_64_17.0.10.v20240120-1143\jre\bin\server\jvm.dll
0x00007ff989110000 - 0x00007ff9891c3000 	C:\WINDOWS\System32\ADVAPI32.dll
0x00007ff989060000 - 0x00007ff989108000 	C:\WINDOWS\System32\sechost.dll
0x00007ff9873c0000 - 0x00007ff9873e8000 	C:\WINDOWS\System32\bcrypt.dll
0x00007ff989a50000 - 0x00007ff989b67000 	C:\WINDOWS\System32\RPCRT4.dll
0x00007ff985e70000 - 0x00007ff985ebd000 	C:\WINDOWS\SYSTEM32\POWRPROF.dll
0x00007ff980dc0000 - 0x00007ff980dc9000 	C:\WINDOWS\SYSTEM32\WSOCK32.dll
0x00007ff982140000 - 0x00007ff98214a000 	C:\WINDOWS\SYSTEM32\VERSION.dll
0x00007ff989410000 - 0x00007ff989481000 	C:\WINDOWS\System32\WS2_32.dll
0x00007ff9791f0000 - 0x00007ff979224000 	C:\WINDOWS\SYSTEM32\WINMM.dll
0x00007ff985e50000 - 0x00007ff985e63000 	C:\WINDOWS\SYSTEM32\UMPDC.dll
0x00007ff986110000 - 0x00007ff986128000 	C:\WINDOWS\SYSTEM32\kernel.appcore.dll
0x00007ff984410000 - 0x00007ff98441a000 	C:\Users\codehows\.p2\pool\plugins\org.eclipse.justj.openjdk.hotspot.jre.full.win32.x86_64_17.0.10.v20240120-1143\jre\bin\jimage.dll
0x00007ff9817b0000 - 0x00007ff9819e3000 	C:\WINDOWS\SYSTEM32\DBGHELP.DLL
0x00007ff987a70000 - 0x00007ff987df9000 	C:\WINDOWS\System32\combase.dll
0x00007ff989970000 - 0x00007ff989a47000 	C:\WINDOWS\System32\OLEAUT32.dll
0x00007ff9816d0000 - 0x00007ff981702000 	C:\WINDOWS\SYSTEM32\dbgcore.DLL
0x00007ff9871d0000 - 0x00007ff98724a000 	C:\WINDOWS\System32\bcryptPrimitives.dll
0x00007ff980b90000 - 0x00007ff980bb5000 	C:\Users\codehows\.p2\pool\plugins\org.eclipse.justj.openjdk.hotspot.jre.full.win32.x86_64_17.0.10.v20240120-1143\jre\bin\java.dll
0x00007ff9843f0000 - 0x00007ff984408000 	C:\Users\codehows\.p2\pool\plugins\org.eclipse.justj.openjdk.hotspot.jre.full.win32.x86_64_17.0.10.v20240120-1143\jre\bin\zip.dll
0x00007ff9885c0000 - 0x00007ff988e1a000 	C:\WINDOWS\System32\SHELL32.dll
0x00007ff984f40000 - 0x00007ff985836000 	C:\WINDOWS\SYSTEM32\windows.storage.dll
0x00007ff984e00000 - 0x00007ff984f3e000 	C:\WINDOWS\SYSTEM32\wintypes.dll
0x00007ff987e90000 - 0x00007ff987f83000 	C:\WINDOWS\System32\SHCORE.dll
0x00007ff987e10000 - 0x00007ff987e6e000 	C:\WINDOWS\System32\shlwapi.dll
0x00007ff986f20000 - 0x00007ff986f46000 	C:\WINDOWS\SYSTEM32\profapi.dll
0x00007ff981350000 - 0x00007ff981369000 	C:\Users\codehows\.p2\pool\plugins\org.eclipse.justj.openjdk.hotspot.jre.full.win32.x86_64_17.0.10.v20240120-1143\jre\bin\net.dll
0x00007ff982370000 - 0x00007ff9824a7000 	C:\WINDOWS\SYSTEM32\WINHTTP.dll
0x00007ff986590000 - 0x00007ff9865f9000 	C:\WINDOWS\system32\mswsock.dll
0x00007ff9806e0000 - 0x00007ff9806f6000 	C:\Users\codehows\.p2\pool\plugins\org.eclipse.justj.openjdk.hotspot.jre.full.win32.x86_64_17.0.10.v20240120-1143\jre\bin\nio.dll
0x00007ff937f10000 - 0x00007ff9380a0000 	C:\Users\codehows\.p2\pool\plugins\org.eclipse.justj.openjdk.hotspot.jre.full.win32.x86_64_17.0.10.v20240120-1143\jre\bin\awt.dll
0x00007ff984340000 - 0x00007ff9843d7000 	C:\WINDOWS\SYSTEM32\apphelp.dll
0x00007ff984520000 - 0x00007ff9845cb000 	C:\WINDOWS\system32\uxtheme.dll
0x00007ff989570000 - 0x00007ff9896c0000 	C:\WINDOWS\System32\MSCTF.dll
0x00007ff988410000 - 0x00007ff9885b0000 	C:\WINDOWS\System32\ole32.dll
0x00007ff9847b0000 - 0x00007ff9847db000 	C:\WINDOWS\system32\DWMAPI.DLL
0x00007ff978f30000 - 0x00007ff979030000 	C:\WINDOWS\system32\opengl32.dll
0x00007ff978f00000 - 0x00007ff978f2d000 	C:\WINDOWS\SYSTEM32\GLU32.dll
0x00007ff984640000 - 0x00007ff984676000 	C:\WINDOWS\SYSTEM32\dxcore.dll
0x00007ff95a6b0000 - 0x00007ff95a859000 	C:\WINDOWS\system32\d3d9.dll
0x00007ff96bb60000 - 0x00007ff96bc1c000 	C:\WINDOWS\System32\DriverStore\FileRepository\nvdw.inf_amd64_a10b324888106766\nvldumdx.dll
0x00007ff986840000 - 0x00007ff986852000 	C:\WINDOWS\SYSTEM32\msasn1.dll
0x00007ff982070000 - 0x00007ff9820a2000 	C:\WINDOWS\SYSTEM32\cryptnet.dll
0x00007ff987250000 - 0x00007ff9873b6000 	C:\WINDOWS\System32\CRYPT32.dll
0x00007ff981dc0000 - 0x00007ff981f18000 	C:\WINDOWS\SYSTEM32\drvstore.dll
0x00007ff986cb0000 - 0x00007ff986cdc000 	C:\WINDOWS\SYSTEM32\devobj.dll
0x00007ff986ce0000 - 0x00007ff986d2e000 	C:\WINDOWS\SYSTEM32\cfgmgr32.dll
0x00007ff9868b0000 - 0x00007ff9868fb000 	C:\WINDOWS\SYSTEM32\wldp.dll
0x00007ff986800000 - 0x00007ff98680c000 	C:\WINDOWS\SYSTEM32\cryptbase.dll
0x00007ff9874c0000 - 0x00007ff98752b000 	C:\WINDOWS\System32\wintrust.dll
0x00007ff989310000 - 0x00007ff98932f000 	C:\WINDOWS\System32\imagehlp.dll
0x00007ff9867e0000 - 0x00007ff9867fb000 	C:\WINDOWS\SYSTEM32\CRYPTSP.dll
0x00007ff986070000 - 0x00007ff9860a5000 	C:\WINDOWS\system32\rsaenh.dll
0x00007ff946ac0000 - 0x00007ff949c4d000 	C:\WINDOWS\System32\DriverStore\FileRepository\nvdw.inf_amd64_a10b324888106766\nvd3dumx.dll
0x00007ff972770000 - 0x00007ff9727ba000 	C:\WINDOWS\SYSTEM32\directxdatabasehelper.dll
0x00007ff986620000 - 0x00007ff986646000 	C:\WINDOWS\SYSTEM32\gpapi.dll
0x00007ff952410000 - 0x00007ff952497000 	C:\Users\codehows\.p2\pool\plugins\org.eclipse.justj.openjdk.hotspot.jre.full.win32.x86_64_17.0.10.v20240120-1143\jre\bin\freetype.dll
0x00007ff938750000 - 0x00007ff938823000 	C:\Users\codehows\.p2\pool\plugins\org.eclipse.justj.openjdk.hotspot.jre.full.win32.x86_64_17.0.10.v20240120-1143\jre\bin\fontmanager.dll
0x00007ff96feb0000 - 0x00007ff96fffa000 	C:\WINDOWS\SYSTEM32\textinputframework.dll
0x00007ff983fe0000 - 0x00007ff984114000 	C:\WINDOWS\SYSTEM32\CoreMessaging.dll
0x00007ff96e8d0000 - 0x00007ff96ec3c000 	C:\WINDOWS\SYSTEM32\CoreUIComponents.dll
0x00007ff964e60000 - 0x00007ff964f10000 	C:\WINDOWS\SYSTEM32\TextShaping.dll

dbghelp: loaded successfully - version: 4.0.5 - missing functions: none
symbol engine: initialized successfully - sym options: 0x614 - pdb path: .;C:\Users\codehows\.p2\pool\plugins\org.eclipse.justj.openjdk.hotspot.jre.full.win32.x86_64_17.0.10.v20240120-1143\jre\bin;C:\WINDOWS\SYSTEM32;C:\WINDOWS\WinSxS\amd64_microsoft.windows.common-controls_6595b64144ccf1df_6.0.22621.2506_none_270c5ae97388e100;C:\Users\codehows\.p2\pool\plugins\org.eclipse.justj.openjdk.hotspot.jre.full.win32.x86_64_17.0.10.v20240120-1143\jre\bin\server;C:\WINDOWS\System32\DriverStore\FileRepository\nvdw.inf_amd64_a10b324888106766

VM Arguments:
jvm_args: -Dfile.encoding=UTF-8 -Dstdout.encoding=UTF-8 -Dstderr.encoding=UTF-8 -XX:+ShowCodeDetailsInExceptionMessages 
java_command: calendarview.CalendarPage
java_class_path (initial): C:\Zero_One\Zero_One\bin;C:\Zero_One\Zero_One\lib\mysql-connector-j-8.0.33.jar
Launcher Type: SUN_STANDARD

[Global flags]
     intx CICompilerCount                          = 4                                         {product} {ergonomic}
     uint ConcGCThreads                            = 2                                         {product} {ergonomic}
     uint G1ConcRefinementThreads                  = 8                                         {product} {ergonomic}
   size_t G1HeapRegionSize                         = 4194304                                   {product} {ergonomic}
    uintx GCDrainStackTargetSize                   = 64                                        {product} {ergonomic}
   size_t InitialHeapSize                          = 532676608                                 {product} {ergonomic}
   size_t MarkStackSize                            = 4194304                                   {product} {ergonomic}
   size_t MaxHeapSize                              = 8510242816                                {product} {ergonomic}
   size_t MaxNewSize                               = 5104467968                                {product} {ergonomic}
   size_t MinHeapDeltaBytes                        = 4194304                                   {product} {ergonomic}
   size_t MinHeapSize                              = 8388608                                   {product} {ergonomic}
    uintx NonNMethodCodeHeapSize                   = 5839372                                {pd product} {ergonomic}
    uintx NonProfiledCodeHeapSize                  = 122909434                              {pd product} {ergonomic}
    uintx ProfiledCodeHeapSize                     = 122909434                              {pd product} {ergonomic}
    uintx ReservedCodeCacheSize                    = 251658240                              {pd product} {ergonomic}
     bool SegmentedCodeCache                       = true                                      {product} {ergonomic}
     bool ShowCodeDetailsInExceptionMessages       = true                                   {manageable} {command line}
   size_t SoftMaxHeapSize                          = 8510242816                             {manageable} {ergonomic}
     bool UseCompressedClassPointers               = true                           {product lp64_product} {ergonomic}
     bool UseCompressedOops                        = true                           {product lp64_product} {ergonomic}
     bool UseG1GC                                  = true                                      {product} {ergonomic}
     bool UseLargePagesIndividualAllocation        = false                                  {pd product} {ergonomic}

Logging:
Log output configuration:
 #0: stdout all=warning uptime,level,tags
 #1: stderr all=off uptime,level,tags

Environment Variables:
PATH=C:/Users/codehows/.p2/pool/plugins/org.eclipse.justj.openjdk.hotspot.jre.full.win32.x86_64_17.0.10.v20240120-1143/jre/bin/server;C:/Users/codehows/.p2/pool/plugins/org.eclipse.justj.openjdk.hotspot.jre.full.win32.x86_64_17.0.10.v20240120-1143/jre/bin;C:\Program Files\Common Files\Oracle\Java\javapath;C:\WINDOWS\system32;C:\WINDOWS;C:\WINDOWS\System32\Wbem;C:\WINDOWS\System32\WindowsPowerShell\v1.0\;C:\WINDOWS\System32\OpenSSH\;C:\Program Files\dotnet\;C:\Program Files (x86)\Intel\Intel(R) Management Engine Components\DAL;C:\Program Files\Intel\Intel(R) Management Engine Components\DAL;C:\Users\codehows\AppData\Local\Microsoft\WindowsApps;C:\Users\codehows\AppData\Local\Programs\Microsoft VS Code\bin;C:\Users\codehows\AppData\Local\GitHubDesktop\bin;C:\workspace\eclipse;
USERNAME=codehows
OS=Windows_NT
PROCESSOR_IDENTIFIER=Intel64 Family 6 Model 85 Stepping 7, GenuineIntel
TMP=C:\Users\codehows\AppData\Local\Temp
TEMP=C:\Users\codehows\AppData\Local\Temp



Periodic native trim disabled


---------------  S Y S T E M  ---------------

OS:
 Windows 11 , 64 bit Build 22621 (10.0.22621.2506)
OS uptime: 4 days 10:35 hours

CPU: total 8 (initial active 8) (4 cores per cpu, 2 threads per core) family 6 model 85 stepping 7 microcode 0x5003604, cx8, cmov, fxsr, ht, mmx, 3dnowpref, sse, sse2, sse3, ssse3, sse4.1, sse4.2, popcnt, lzcnt, tsc, tscinvbit, avx, avx2, aes, erms, clmul, bmi1, bmi2, adx, avx512f, avx512dq, avx512cd, avx512bw, avx512vl, fma, vzeroupper, avx512_vnni, clflush, clflushopt, clwb
Processor Information for all 8 processors :
  Max Mhz: 3600, Current Mhz: 3600, Mhz Limit: 3600

Memory: 4k page, system-wide physical 32451M (13372M free)
TotalPageFile size 93222M (AvailPageFile size 523M)
current process WorkingSet (physical memory assigned to process): 306M, peak: 420M
current process commit charge ("private bytes"): 1139M, peak: 2155M

vm_info: OpenJDK 64-Bit Server VM (17.0.10+7) for windows-amd64 JRE (17.0.10+7), built on Jan 16 2024 23:25:11 by "admin" with MS VC++ 16.10 / 16.11 (VS2019)

END.
