#
# There is insufficient memory for the Java Runtime Environment to continue.
# Native memory allocation (mmap) failed to map 532676608 bytes for G1 virtual space
# Possible reasons:
#   The system is out of physical RAM or swap space
#   The process is running with CompressedOops enabled, and the Java Heap may be blocking the growth of the native heap
# Possible solutions:
#   Reduce memory load on the system
#   Increase physical memory or swap space
#   Check if swap backing store is full
#   Decrease Java heap size (-Xmx/-Xms)
#   Decrease number of Java threads
#   Decrease Java thread stack sizes (-Xss)
#   Set larger code cache with -XX:ReservedCodeCacheSize=
#   JVM is running with Zero Based Compressed Oops mode in which the Java heap is
#     placed in the first 32GB address space. The Java Heap base address is the
#     maximum limit for the native heap growth. Please use -XX:HeapBaseMinAddress
#     to set the Java Heap base and to place the Java Heap above 32GB virtual address.
# This output file may be truncated or incomplete.
#
#  Out of Memory Error (os_windows.cpp:3613), pid=30916, tid=12132
#
# JRE version:  (17.0.10+7) (build )
# Java VM: OpenJDK 64-Bit Server VM (17.0.10+7, mixed mode, sharing, tiered, compressed oops, compressed class ptrs, g1 gc, windows-amd64)
# No core dump will be written. Minidumps are not enabled by default on client versions of Windows
#

---------------  S U M M A R Y ------------

Command Line: -Dfile.encoding=UTF-8 -Dstdout.encoding=UTF-8 -Dstderr.encoding=UTF-8 -XX:+ShowCodeDetailsInExceptionMessages calendarview.CalendarPage

Host: Intel(R) Xeon(R) W-2223 CPU @ 3.60GHz, 8 cores, 31G,  Windows 11 , 64 bit Build 22621 (10.0.22621.2506)
Time: Mon Feb  5 18:43:28 2024  Windows 11 , 64 bit Build 22621 (10.0.22621.2506) elapsed time: 0.018851 seconds (0d 0h 0m 0s)

---------------  T H R E A D  ---------------

Current thread (0x00000241c0748100):  JavaThread "Unknown thread" [_thread_in_vm, id=12132, stack(0x000000d88a800000,0x000000d88a900000)]

Stack: [0x000000d88a800000,0x000000d88a900000]
Native frames: (J=compiled Java code, j=interpreted, Vv=VM code, C=native code)
V  [jvm.dll+0x67d2c9]
V  [jvm.dll+0x834afa]
V  [jvm.dll+0x8365be]
V  [jvm.dll+0x836c23]
V  [jvm.dll+0x2477ff]
V  [jvm.dll+0x67a109]
V  [jvm.dll+0x66eb7a]
V  [jvm.dll+0x30764b]
V  [jvm.dll+0x30eaf6]
V  [jvm.dll+0x35e83e]
V  [jvm.dll+0x35ea6f]
V  [jvm.dll+0x2de248]
V  [jvm.dll+0x2df1b4]
V  [jvm.dll+0x806361]
V  [jvm.dll+0x36c6f1]
V  [jvm.dll+0x7e4e06]
V  [jvm.dll+0x3eff3f]
V  [jvm.dll+0x3f1b71]
C  [jli.dll+0x528f]
C  [ucrtbase.dll+0x29363]
C  [KERNEL32.DLL+0x1257d]
C  [ntdll.dll+0x5aa58]


---------------  P R O C E S S  ---------------

Threads class SMR info:
_java_thread_list=0x00007ff8ffb1ee98, length=0, elements={
}

Java Threads: ( => current thread )

Other Threads:
  0x00000241c07f8c90 GCTaskThread "GC Thread#0" [stack: 0x000000d88a900000,0x000000d88aa00000] [id=34528]
  0x00000241e7e3c670 ConcurrentGCThread "G1 Main Marker" [stack: 0x000000d88aa00000,0x000000d88ab00000] [id=34000]
  0x00000241c07fda30 ConcurrentGCThread "G1 Conc#0" [stack: 0x000000d88ab00000,0x000000d88ac00000] [id=33272]

[error occurred during error reporting (printing all threads), id 0xc0000005, EXCEPTION_ACCESS_VIOLATION (0xc0000005) at pc=0x00007ff8ff2dec87]

VM state: not at safepoint (not fully initialized)

VM Mutex/Monitor currently owned by a thread:  ([mutex/lock_event])
[0x00000241c07436c0] Heap_lock - owner thread: 0x00000241c0748100

Heap address: 0x0000000604c00000, size: 8116 MB, Compressed Oops mode: Zero based, Oop shift amount: 3

CDS archive(s) mapped at: [0x0000000000000000-0x0000000000000000-0x0000000000000000), size 0, SharedBaseAddress: 0x0000000800000000, ArchiveRelocationMode: 1.
Narrow klass base: 0x0000000000000000, Narrow klass shift: 0, Narrow klass range: 0x0

GC Precious Log:
<Empty>

Heap:
 garbage-first heap   total 0K, used 0K [0x0000000604c00000, 0x0000000800000000)
  region size 4096K, 0 young (0K), 0 survivors (0K)

[error occurred during error reporting (printing heap information), id 0xc0000005, EXCEPTION_ACCESS_VIOLATION (0xc0000005) at pc=0x00007ff8ff6c6fb9]

GC Heap History (0 events):
No events

Dll operation events (1 events):
Event: 0.013 Loaded shared library C:\Users\codehows\.p2\pool\plugins\org.eclipse.justj.openjdk.hotspot.jre.full.win32.x86_64_17.0.10.v20240120-1143\jre\bin\java.dll

Deoptimization events (0 events):
No events

Classes unloaded (0 events):
No events

Classes redefined (0 events):
No events

Internal exceptions (0 events):
No events

VM Operations (0 events):
No events

Events (0 events):
No events


Dynamic libraries:
0x00007ff743080000 - 0x00007ff74308e000 	C:\Users\codehows\.p2\pool\plugins\org.eclipse.justj.openjdk.hotspot.jre.full.win32.x86_64_17.0.10.v20240120-1143\jre\bin\javaw.exe
0x00007ff989cb0000 - 0x00007ff989ec7000 	C:\WINDOWS\SYSTEM32\ntdll.dll
0x00007ff989340000 - 0x00007ff989404000 	C:\WINDOWS\System32\KERNEL32.DLL
0x00007ff987650000 - 0x00007ff9879f6000 	C:\WINDOWS\System32\KERNELBASE.dll
0x00007ff9870b0000 - 0x00007ff9871c1000 	C:\WINDOWS\System32\ucrtbase.dll
0x00007ff980740000 - 0x00007ff980757000 	C:\Users\codehows\.p2\pool\plugins\org.eclipse.justj.openjdk.hotspot.jre.full.win32.x86_64_17.0.10.v20240120-1143\jre\bin\jli.dll
0x00007ff980720000 - 0x00007ff98073b000 	C:\Users\codehows\.p2\pool\plugins\org.eclipse.justj.openjdk.hotspot.jre.full.win32.x86_64_17.0.10.v20240120-1143\jre\bin\VCRUNTIME140.dll
0x00007ff988e70000 - 0x00007ff98901e000 	C:\WINDOWS\System32\USER32.dll
0x00007ff9759e0000 - 0x00007ff975c73000 	C:\WINDOWS\WinSxS\amd64_microsoft.windows.common-controls_6595b64144ccf1df_6.0.22621.2506_none_270c5ae97388e100\COMCTL32.dll
0x00007ff987490000 - 0x00007ff9874b6000 	C:\WINDOWS\System32\win32u.dll
0x00007ff989540000 - 0x00007ff989569000 	C:\WINDOWS\System32\GDI32.dll
0x00007ff989260000 - 0x00007ff989307000 	C:\WINDOWS\System32\msvcrt.dll
0x00007ff987530000 - 0x00007ff987648000 	C:\WINDOWS\System32\gdi32full.dll
0x00007ff9873f0000 - 0x00007ff98748a000 	C:\WINDOWS\System32\msvcp_win.dll
0x00007ff989020000 - 0x00007ff989051000 	C:\WINDOWS\System32\IMM32.DLL
0x00007ff980710000 - 0x00007ff98071c000 	C:\Users\codehows\.p2\pool\plugins\org.eclipse.justj.openjdk.hotspot.jre.full.win32.x86_64_17.0.10.v20240120-1143\jre\bin\vcruntime140_1.dll
0x00007ff9384a0000 - 0x00007ff93852d000 	C:\Users\codehows\.p2\pool\plugins\org.eclipse.justj.openjdk.hotspot.jre.full.win32.x86_64_17.0.10.v20240120-1143\jre\bin\msvcp140.dll
0x00007ff8feff0000 - 0x00007ff8ffc52000 	C:\Users\codehows\.p2\pool\plugins\org.eclipse.justj.openjdk.hotspot.jre.full.win32.x86_64_17.0.10.v20240120-1143\jre\bin\server\jvm.dll
0x00007ff989110000 - 0x00007ff9891c3000 	C:\WINDOWS\System32\ADVAPI32.dll
0x00007ff989060000 - 0x00007ff989108000 	C:\WINDOWS\System32\sechost.dll
0x00007ff9873c0000 - 0x00007ff9873e8000 	C:\WINDOWS\System32\bcrypt.dll
0x00007ff989a50000 - 0x00007ff989b67000 	C:\WINDOWS\System32\RPCRT4.dll
0x00007ff980dc0000 - 0x00007ff980dc9000 	C:\WINDOWS\SYSTEM32\WSOCK32.dll
0x00007ff9791f0000 - 0x00007ff979224000 	C:\WINDOWS\SYSTEM32\WINMM.dll
0x00007ff989410000 - 0x00007ff989481000 	C:\WINDOWS\System32\WS2_32.dll
0x00007ff985e70000 - 0x00007ff985ebd000 	C:\WINDOWS\SYSTEM32\POWRPROF.dll
0x00007ff982140000 - 0x00007ff98214a000 	C:\WINDOWS\SYSTEM32\VERSION.dll
0x00007ff985e50000 - 0x00007ff985e63000 	C:\WINDOWS\SYSTEM32\UMPDC.dll
0x00007ff986110000 - 0x00007ff986128000 	C:\WINDOWS\SYSTEM32\kernel.appcore.dll
0x00007ff984410000 - 0x00007ff98441a000 	C:\Users\codehows\.p2\pool\plugins\org.eclipse.justj.openjdk.hotspot.jre.full.win32.x86_64_17.0.10.v20240120-1143\jre\bin\jimage.dll
0x00007ff9817b0000 - 0x00007ff9819e3000 	C:\WINDOWS\SYSTEM32\DBGHELP.DLL
0x00007ff987a70000 - 0x00007ff987df9000 	C:\WINDOWS\System32\combase.dll
0x00007ff989970000 - 0x00007ff989a47000 	C:\WINDOWS\System32\OLEAUT32.dll
0x00007ff9816d0000 - 0x00007ff981702000 	C:\WINDOWS\SYSTEM32\dbgcore.DLL
0x00007ff9871d0000 - 0x00007ff98724a000 	C:\WINDOWS\System32\bcryptPrimitives.dll
0x00007ff980b90000 - 0x00007ff980bb5000 	C:\Users\codehows\.p2\pool\plugins\org.eclipse.justj.openjdk.hotspot.jre.full.win32.x86_64_17.0.10.v20240120-1143\jre\bin\java.dll

dbghelp: loaded successfully - version: 4.0.5 - missing functions: none
symbol engine: initialized successfully - sym options: 0x614 - pdb path: .;C:\Users\codehows\.p2\pool\plugins\org.eclipse.justj.openjdk.hotspot.jre.full.win32.x86_64_17.0.10.v20240120-1143\jre\bin;C:\WINDOWS\SYSTEM32;C:\WINDOWS\WinSxS\amd64_microsoft.windows.common-controls_6595b64144ccf1df_6.0.22621.2506_none_270c5ae97388e100;C:\Users\codehows\.p2\pool\plugins\org.eclipse.justj.openjdk.hotspot.jre.full.win32.x86_64_17.0.10.v20240120-1143\jre\bin\server

VM Arguments:
jvm_args: -Dfile.encoding=UTF-8 -Dstdout.encoding=UTF-8 -Dstderr.encoding=UTF-8 -XX:+ShowCodeDetailsInExceptionMessages 
java_command: calendarview.CalendarPage
java_class_path (initial): C:\Zero_One\Zero_One\bin;C:\Zero_One\Zero_One\lib\mysql-connector-j-8.0.33.jar;C:\Zero_One\Zero_One\lib\lombok.jar
Launcher Type: SUN_STANDARD

[Global flags]
     intx CICompilerCount                          = 4                                         {product} {ergonomic}
     uint ConcGCThreads                            = 2                                         {product} {ergonomic}
     uint G1ConcRefinementThreads                  = 8                                         {product} {ergonomic}
   size_t G1HeapRegionSize                         = 4194304                                   {product} {ergonomic}
    uintx GCDrainStackTargetSize                   = 64                                        {product} {ergonomic}
   size_t InitialHeapSize                          = 532676608                                 {product} {ergonomic}
   size_t MarkStackSize                            = 4194304                                   {product} {ergonomic}
   size_t MaxHeapSize                              = 8510242816                                {product} {ergonomic}
   size_t MinHeapDeltaBytes                        = 4194304                                   {product} {ergonomic}
   size_t MinHeapSize                              = 8388608                                   {product} {ergonomic}
    uintx NonNMethodCodeHeapSize                   = 5839372                                {pd product} {ergonomic}
    uintx NonProfiledCodeHeapSize                  = 122909434                              {pd product} {ergonomic}
    uintx ProfiledCodeHeapSize                     = 122909434                              {pd product} {ergonomic}
    uintx ReservedCodeCacheSize                    = 251658240                              {pd product} {ergonomic}
     bool SegmentedCodeCache                       = true                                      {product} {ergonomic}
     bool ShowCodeDetailsInExceptionMessages       = true                                   {manageable} {command line}
   size_t SoftMaxHeapSize                          = 8510242816                             {manageable} {ergonomic}
     bool UseCompressedClassPointers               = true                           {product lp64_product} {ergonomic}
     bool UseCompressedOops                        = true                           {product lp64_product} {ergonomic}
     bool UseG1GC                                  = true                                      {product} {ergonomic}
     bool UseLargePagesIndividualAllocation        = false                                  {pd product} {ergonomic}

Logging:
Log output configuration:
 #0: stdout all=warning uptime,level,tags
 #1: stderr all=off uptime,level,tags

Environment Variables:
PATH=C:/Users/codehows/.p2/pool/plugins/org.eclipse.justj.openjdk.hotspot.jre.full.win32.x86_64_17.0.10.v20240120-1143/jre/bin/server;C:/Users/codehows/.p2/pool/plugins/org.eclipse.justj.openjdk.hotspot.jre.full.win32.x86_64_17.0.10.v20240120-1143/jre/bin;C:\Program Files\Common Files\Oracle\Java\javapath;C:\WINDOWS\system32;C:\WINDOWS;C:\WINDOWS\System32\Wbem;C:\WINDOWS\System32\WindowsPowerShell\v1.0\;C:\WINDOWS\System32\OpenSSH\;C:\Program Files\dotnet\;C:\Program Files (x86)\Intel\Intel(R) Management Engine Components\DAL;C:\Program Files\Intel\Intel(R) Management Engine Components\DAL;C:\Users\codehows\AppData\Local\Microsoft\WindowsApps;C:\Users\codehows\AppData\Local\Programs\Microsoft VS Code\bin;C:\Users\codehows\AppData\Local\GitHubDesktop\bin;C:\workspace\eclipse;
USERNAME=codehows
OS=Windows_NT
PROCESSOR_IDENTIFIER=Intel64 Family 6 Model 85 Stepping 7, GenuineIntel
TMP=C:\Users\codehows\AppData\Local\Temp
TEMP=C:\Users\codehows\AppData\Local\Temp



Periodic native trim disabled


---------------  S Y S T E M  ---------------

OS:
 Windows 11 , 64 bit Build 22621 (10.0.22621.2506)
OS uptime: 4 days 10:00 hours

CPU: total 8 (initial active 8) (4 cores per cpu, 2 threads per core) family 6 model 85 stepping 7 microcode 0x5003604, cx8, cmov, fxsr, ht, mmx, 3dnowpref, sse, sse2, sse3, ssse3, sse4.1, sse4.2, popcnt, lzcnt, tsc, tscinvbit, avx, avx2, aes, erms, clmul, bmi1, bmi2, adx, avx512f, avx512dq, avx512cd, avx512bw, avx512vl, fma, vzeroupper, avx512_vnni, clflush, clflushopt, clwb
Processor Information for all 8 processors :
  Max Mhz: 3600, Current Mhz: 3600, Mhz Limit: 3600

Memory: 4k page, system-wide physical 32451M (16863M free)
TotalPageFile size 93222M (AvailPageFile size 364M)
current process WorkingSet (physical memory assigned to process): 11M, peak: 11M
current process commit charge ("private bytes"): 60M, peak: 568M

vm_info: OpenJDK 64-Bit Server VM (17.0.10+7) for windows-amd64 JRE (17.0.10+7), built on Jan 16 2024 23:25:11 by "admin" with MS VC++ 16.10 / 16.11 (VS2019)

END.
