#
# There is insufficient memory for the Java Runtime Environment to continue.
# Native memory allocation (mmap) failed to map 1065353216 bytes for G1 virtual space
# Possible reasons:
#   The system is out of physical RAM or swap space
#   The process is running with CompressedOops enabled, and the Java Heap may be blocking the growth of the native heap
# Possible solutions:
#   Reduce memory load on the system
#   Increase physical memory or swap space
#   Check if swap backing store is full
#   Decrease Java heap size (-Xmx/-Xms)
#   Decrease number of Java threads
#   Decrease Java thread stack sizes (-Xss)
#   Set larger code cache with -XX:ReservedCodeCacheSize=
#   JVM is running with Zero Based Compressed Oops mode in which the Java heap is
#     placed in the first 32GB address space. The Java Heap base address is the
#     maximum limit for the native heap growth. Please use -XX:HeapBaseMinAddress
#     to set the Java Heap base and to place the Java Heap above 32GB virtual address.
# This output file may be truncated or incomplete.
#
#  Out of Memory Error (os_windows.cpp:3613), pid=8004, tid=14348
#
# JRE version: OpenJDK Runtime Environment Temurin-17.0.10+7 (17.0.10+7) (build 17.0.10+7)
# Java VM: OpenJDK 64-Bit Server VM Temurin-17.0.10+7 (17.0.10+7, mixed mode, tiered, compressed oops, compressed class ptrs, g1 gc, windows-amd64)
# No core dump will be written. Minidumps are not enabled by default on client versions of Windows
#

---------------  S U M M A R Y ------------

Command Line: -Dfile.encoding=UTF-8 -Dstdout.encoding=UTF-8 -Dstderr.encoding=UTF-8 -XX:+ShowCodeDetailsInExceptionMessages calendarview.CalendarPage

Host: Intel(R) Xeon(R) W-2223 CPU @ 3.60GHz, 8 cores, 31G,  Windows 11 , 64 bit Build 22621 (10.0.22621.2506)
Time: Mon Feb  5 19:17:51 2024  Windows 11 , 64 bit Build 22621 (10.0.22621.2506) elapsed time: 11119.289874 seconds (0d 3h 5m 19s)

---------------  T H R E A D  ---------------

Current thread (0x0000028b4eafe6f0):  VMThread "VM Thread" [stack: 0x000000c542700000,0x000000c542800000] [id=14348]

Stack: [0x000000c542700000,0x000000c542800000]
Native frames: (J=compiled Java code, j=interpreted, Vv=VM code, C=native code)
V  [jvm.dll+0x67d2c9]
V  [jvm.dll+0x834afa]
V  [jvm.dll+0x8365be]
V  [jvm.dll+0x836c23]
V  [jvm.dll+0x2477ff]
V  [jvm.dll+0x67a109]
V  [jvm.dll+0x66eb7a]
V  [jvm.dll+0x30764b]
V  [jvm.dll+0x30eaf6]
V  [jvm.dll+0x35e83e]
V  [jvm.dll+0x35ea6f]
V  [jvm.dll+0x2de248]
V  [jvm.dll+0x2dc424]
V  [jvm.dll+0x2dba2c]
V  [jvm.dll+0x31faeb]
V  [jvm.dll+0x83b11b]
V  [jvm.dll+0x83be61]
V  [jvm.dll+0x83c37d]
V  [jvm.dll+0x83c754]
V  [jvm.dll+0x83c820]
V  [jvm.dll+0x7e3fba]
V  [jvm.dll+0x67c1b5]
C  [ucrtbase.dll+0x29363]
C  [KERNEL32.DLL+0x1257d]
C  [ntdll.dll+0x5aa58]

VM_Operation (0x000000c5437fdd60): G1CollectForAllocation, mode: safepoint, requested by thread 0x0000028b5616e470


---------------  P R O C E S S  ---------------

Threads class SMR info:
_java_thread_list=0x0000028b515d05d0, length=17, elements={
0x0000028b51418050, 0x0000028b51418920, 0x0000028b51473430, 0x0000028b5144a200,
0x0000028b5144aad0, 0x0000028b5144b3a0, 0x0000028b5144bfa0, 0x0000028b51499e20,
0x0000028b514a4310, 0x0000028b515ff010, 0x0000028b51601fb0, 0x0000028b56186640,
0x0000028b5617f680, 0x0000028b561806c0, 0x0000028b5616e470, 0x0000028b291cad30,
0x0000028b565d0270
}

Java Threads: ( => current thread )
  0x0000028b51418050 JavaThread "Reference Handler" daemon [_thread_blocked, id=26268, stack(0x000000c542800000,0x000000c542900000)]
  0x0000028b51418920 JavaThread "Finalizer" daemon [_thread_blocked, id=20472, stack(0x000000c542900000,0x000000c542a00000)]
  0x0000028b51473430 JavaThread "Signal Dispatcher" daemon [_thread_blocked, id=21380, stack(0x000000c542a00000,0x000000c542b00000)]
  0x0000028b5144a200 JavaThread "Attach Listener" daemon [_thread_blocked, id=24476, stack(0x000000c542b00000,0x000000c542c00000)]
  0x0000028b5144aad0 JavaThread "Service Thread" daemon [_thread_blocked, id=25168, stack(0x000000c542c00000,0x000000c542d00000)]
  0x0000028b5144b3a0 JavaThread "Monitor Deflation Thread" daemon [_thread_blocked, id=26432, stack(0x000000c542d00000,0x000000c542e00000)]
  0x0000028b5144bfa0 JavaThread "C2 CompilerThread0" daemon [_thread_blocked, id=3616, stack(0x000000c542e00000,0x000000c542f00000)]
  0x0000028b51499e20 JavaThread "C1 CompilerThread0" daemon [_thread_blocked, id=7264, stack(0x000000c542f00000,0x000000c543000000)]
  0x0000028b514a4310 JavaThread "Sweeper thread" daemon [_thread_blocked, id=22792, stack(0x000000c543000000,0x000000c543100000)]
  0x0000028b515ff010 JavaThread "Notification Thread" daemon [_thread_blocked, id=25472, stack(0x000000c543100000,0x000000c543200000)]
  0x0000028b51601fb0 JavaThread "Common-Cleaner" daemon [_thread_blocked, id=10344, stack(0x000000c543300000,0x000000c543400000)]
  0x0000028b56186640 JavaThread "Java2D Disposer" daemon [_thread_blocked, id=24368, stack(0x000000c543400000,0x000000c543500000)]
  0x0000028b5617f680 JavaThread "AWT-Shutdown" [_thread_blocked, id=8256, stack(0x000000c543500000,0x000000c543600000)]
  0x0000028b561806c0 JavaThread "AWT-Windows" daemon [_thread_in_native, id=26276, stack(0x000000c543600000,0x000000c543700000)]
  0x0000028b5616e470 JavaThread "AWT-EventQueue-0" [_thread_blocked, id=26560, stack(0x000000c543700000,0x000000c543800000)]
  0x0000028b291cad30 JavaThread "DestroyJavaVM" [_thread_blocked, id=25752, stack(0x000000c542100000,0x000000c542200000)]
  0x0000028b565d0270 JavaThread "D3D Screen Updater" daemon [_thread_blocked, id=25652, stack(0x000000c543b00000,0x000000c543c00000)]

Other Threads:
=>0x0000028b4eafe6f0 VMThread "VM Thread" [stack: 0x000000c542700000,0x000000c542800000] [id=14348]
  0x0000028b51601d10 WatcherThread [stack: 0x000000c543200000,0x000000c543300000] [id=25476]
  0x0000028b2927c7a0 GCTaskThread "GC Thread#0" [stack: 0x000000c542200000,0x000000c542300000] [id=26160]
  0x0000028b5645d8d0 GCTaskThread "GC Thread#1" [stack: 0x000000c542000000,0x000000c542100000] [id=36704]
  0x0000028b564a7a60 GCTaskThread "GC Thread#2" [stack: 0x000000c543800000,0x000000c543900000] [id=36708]
  0x0000028b564504c0 GCTaskThread "GC Thread#3" [stack: 0x000000c543c00000,0x000000c543d00000] [id=36712]
  0x0000028b56450780 GCTaskThread "GC Thread#4" [stack: 0x000000c543d00000,0x000000c543e00000] [id=36716]
  0x0000028b56450a40 GCTaskThread "GC Thread#5" [stack: 0x000000c543e00000,0x000000c543f00000] [id=36720]
  0x0000028b56450d00 GCTaskThread "GC Thread#6" [stack: 0x000000c543f00000,0x000000c544000000] [id=36724]
  0x0000028b5646d960 GCTaskThread "GC Thread#7" [stack: 0x000000c544000000,0x000000c544100000] [id=36728]
  0x0000028b4e910820 ConcurrentGCThread "G1 Main Marker" [stack: 0x000000c542300000,0x000000c542400000] [id=26080]
  0x0000028b2927e5e0 ConcurrentGCThread "G1 Conc#0" [stack: 0x000000c542400000,0x000000c542500000] [id=24964]
  0x0000028b4e9e6d90 ConcurrentGCThread "G1 Refine#0" [stack: 0x000000c542500000,0x000000c542600000] [id=15280]
  0x0000028b5647ad60 ConcurrentGCThread "G1 Refine#1" [stack: 0x000000c544100000,0x000000c544200000] [id=36844]
  0x0000028b56795fb0 ConcurrentGCThread "G1 Refine#2" [stack: 0x000000c544200000,0x000000c544300000] [id=36848]
  0x0000028b567962a0 ConcurrentGCThread "G1 Refine#3" [stack: 0x000000c544300000,0x000000c544400000] [id=36852]
  0x0000028b5f01c690 ConcurrentGCThread "G1 Refine#4" [stack: 0x000000c544400000,0x000000c544500000] [id=36856]
  0x0000028b4e9e76c0 ConcurrentGCThread "G1 Service" [stack: 0x000000c542600000,0x000000c542700000] [id=12752]

Threads with active compile tasks:

VM state: at safepoint (normal execution)

VM Mutex/Monitor currently owned by a thread:  ([mutex/lock_event])
[0x0000028b291c62f0] Threads_lock - owner thread: 0x0000028b4eafe6f0
[0x0000028b291c7a00] Heap_lock - owner thread: 0x0000028b5616e470

Heap address: 0x0000000604c00000, size: 8116 MB, Compressed Oops mode: Zero based, Oop shift amount: 3

CDS archive(s) not mapped
Compressed class space mapped at: 0x0000000800000000-0x0000000840000000, reserved size: 1073741824
Narrow klass base: 0x0000000800000000, Narrow klass shift: 0, Narrow klass range: 0x40000000

GC Precious Log:
 CPUs: 8 total, 8 available
 Memory: 32451M
 Large Page Support: Disabled
 NUMA Support: Disabled
 Compressed Oops: Enabled (Zero based)
 Heap Region Size: 4M
 Heap Min Capacity: 8M
 Heap Initial Capacity: 508M
 Heap Max Capacity: 8116M
 Pre-touch: Disabled
 Parallel Workers: 8
 Concurrent Workers: 2
 Concurrent Refinement Workers: 8
 Periodic GC: Disabled

Heap:
 garbage-first heap   total 520192K, used 177667K [0x0000000604c00000, 0x0000000800000000)
  region size 4096K, 2 young (8192K), 2 survivors (8192K)
 Metaspace       used 15507K, committed 15744K, reserved 1114112K
  class space    used 1457K, committed 1536K, reserved 1048576K

Heap Regions: E=young(eden), S=young(survivor), O=old, HS=humongous(starts), HC=humongous(continues), CS=collection set, F=free, OA=open archive, CA=closed archive, TAMS=top-at-mark-start (previous, next)
|   0|0x0000000604c00000, 0x0000000605000000, 0x0000000605000000|100%| O|  |TAMS 0x0000000604c00000, 0x0000000604c00000| Untracked 
|   1|0x0000000605000000, 0x0000000605400000, 0x0000000605400000|100%| O|  |TAMS 0x0000000605000000, 0x0000000605000000| Untracked 
|   2|0x0000000605400000, 0x0000000605800000, 0x0000000605800000|100%| O|  |TAMS 0x0000000605400000, 0x0000000605400000| Untracked 
|   3|0x0000000605800000, 0x0000000605c00000, 0x0000000605c00000|100%| O|  |TAMS 0x0000000605800000, 0x0000000605800000| Untracked 
|   4|0x0000000605c00000, 0x0000000606000000, 0x0000000606000000|100%| O|  |TAMS 0x0000000605c00000, 0x0000000605c00000| Untracked 
|   5|0x0000000606000000, 0x0000000606400000, 0x0000000606400000|100%| O|  |TAMS 0x0000000606000000, 0x0000000606000000| Untracked 
|   6|0x0000000606400000, 0x0000000606800000, 0x0000000606800000|100%| O|  |TAMS 0x0000000606400000, 0x0000000606400000| Untracked 
|   7|0x0000000606800000, 0x0000000606c00000, 0x0000000606c00000|100%| O|  |TAMS 0x0000000606800000, 0x0000000606800000| Untracked 
|   8|0x0000000606c00000, 0x0000000607000000, 0x0000000607000000|100%| O|  |TAMS 0x0000000606c00000, 0x0000000606c00000| Untracked 
|   9|0x0000000607000000, 0x0000000607400000, 0x0000000607400000|100%| O|  |TAMS 0x0000000607000000, 0x0000000607000000| Untracked 
|  10|0x0000000607400000, 0x0000000607800000, 0x0000000607800000|100%| O|  |TAMS 0x0000000607400000, 0x0000000607400000| Untracked 
|  11|0x0000000607800000, 0x0000000607c00000, 0x0000000607c00000|100%| O|  |TAMS 0x0000000607800000, 0x0000000607800000| Untracked 
|  12|0x0000000607c00000, 0x0000000608000000, 0x0000000608000000|100%|HS|  |TAMS 0x0000000607c00000, 0x0000000607c00000| Complete 
|  13|0x0000000608000000, 0x0000000608400000, 0x0000000608400000|100%|HC|  |TAMS 0x0000000608000000, 0x0000000608000000| Complete 
|  14|0x0000000608400000, 0x0000000608800000, 0x0000000608800000|100%|HC|  |TAMS 0x0000000608400000, 0x0000000608400000| Complete 
|  15|0x0000000608800000, 0x0000000608c00000, 0x0000000608c00000|100%|HC|  |TAMS 0x0000000608800000, 0x0000000608800000| Complete 
|  16|0x0000000608c00000, 0x0000000609000000, 0x0000000609000000|100%|HC|  |TAMS 0x0000000608c00000, 0x0000000608c00000| Complete 
|  17|0x0000000609000000, 0x0000000609400000, 0x0000000609400000|100%| O|  |TAMS 0x0000000609000000, 0x0000000609000000| Untracked 
|  18|0x0000000609400000, 0x0000000609800000, 0x0000000609800000|100%| O|  |TAMS 0x0000000609400000, 0x0000000609400000| Untracked 
|  19|0x0000000609800000, 0x0000000609c00000, 0x0000000609c00000|100%| O|  |TAMS 0x0000000609800000, 0x0000000609800000| Untracked 
|  20|0x0000000609c00000, 0x000000060a000000, 0x000000060a000000|100%| O|  |TAMS 0x0000000609c00000, 0x0000000609c00000| Untracked 
|  21|0x000000060a000000, 0x000000060a400000, 0x000000060a400000|100%| O|  |TAMS 0x000000060a000000, 0x000000060a000000| Untracked 
|  22|0x000000060a400000, 0x000000060a800000, 0x000000060a800000|100%| O|  |TAMS 0x000000060a400000, 0x000000060a400000| Untracked 
|  23|0x000000060a800000, 0x000000060ac00000, 0x000000060ac00000|100%| O|  |TAMS 0x000000060a800000, 0x000000060a800000| Untracked 
|  24|0x000000060ac00000, 0x000000060b000000, 0x000000060b000000|100%| O|  |TAMS 0x000000060ac00000, 0x000000060ac00000| Untracked 
|  25|0x000000060b000000, 0x000000060b400000, 0x000000060b400000|100%| O|  |TAMS 0x000000060b000000, 0x000000060b000000| Untracked 
|  26|0x000000060b400000, 0x000000060b800000, 0x000000060b800000|100%| O|  |TAMS 0x000000060b400000, 0x000000060b400000| Untracked 
|  27|0x000000060b800000, 0x000000060bc00000, 0x000000060bc00000|100%| O|  |TAMS 0x000000060b800000, 0x000000060b800000| Untracked 
|  28|0x000000060bc00000, 0x000000060c000000, 0x000000060c000000|100%| O|  |TAMS 0x000000060bc00000, 0x000000060bc00000| Untracked 
|  29|0x000000060c000000, 0x000000060c400000, 0x000000060c400000|100%| O|  |TAMS 0x000000060c000000, 0x000000060c000000| Untracked 
|  30|0x000000060c400000, 0x000000060c800000, 0x000000060c800000|100%| O|  |TAMS 0x000000060c400000, 0x000000060c400000| Untracked 
|  31|0x000000060c800000, 0x000000060cc00000, 0x000000060cc00000|100%| O|  |TAMS 0x000000060c800000, 0x000000060c800000| Untracked 
|  32|0x000000060cc00000, 0x000000060d000000, 0x000000060d000000|100%| O|  |TAMS 0x000000060cc00000, 0x000000060cc00000| Untracked 
|  33|0x000000060d000000, 0x000000060d400000, 0x000000060d400000|100%| O|  |TAMS 0x000000060d000000, 0x000000060d000000| Untracked 
|  34|0x000000060d400000, 0x000000060d800000, 0x000000060d800000|100%| O|  |TAMS 0x000000060d400000, 0x000000060d400000| Untracked 
|  35|0x000000060d800000, 0x000000060dc00000, 0x000000060dc00000|100%| O|  |TAMS 0x000000060d800000, 0x000000060d800000| Untracked 
|  36|0x000000060dc00000, 0x000000060e000000, 0x000000060e000000|100%| O|  |TAMS 0x000000060dc00000, 0x000000060dc00000| Untracked 
|  37|0x000000060e000000, 0x000000060e400000, 0x000000060e400000|100%| O|  |TAMS 0x000000060e000000, 0x000000060e000000| Untracked 
|  38|0x000000060e400000, 0x000000060e800000, 0x000000060e800000|100%| O|  |TAMS 0x000000060e400000, 0x000000060e400000| Untracked 
|  39|0x000000060e800000, 0x000000060ec00000, 0x000000060ec00000|100%| O|  |TAMS 0x000000060e800000, 0x000000060e800000| Untracked 
|  40|0x000000060ec00000, 0x000000060f000000, 0x000000060f000000|100%| O|  |TAMS 0x000000060ec00000, 0x000000060ec00000| Untracked 
|  41|0x000000060f000000, 0x000000060f180e00, 0x000000060f400000| 37%| O|  |TAMS 0x000000060f000000, 0x000000060f000000| Untracked 
|  42|0x000000060f400000, 0x000000060f400000, 0x000000060f800000|  0%| F|  |TAMS 0x000000060f400000, 0x000000060f400000| Untracked 
|  43|0x000000060f800000, 0x000000060f800000, 0x000000060fc00000|  0%| F|  |TAMS 0x000000060f800000, 0x000000060f800000| Untracked 
|  44|0x000000060fc00000, 0x000000060fc00000, 0x0000000610000000|  0%| F|  |TAMS 0x000000060fc00000, 0x000000060fc00000| Untracked 
|  45|0x0000000610000000, 0x0000000610000000, 0x0000000610400000|  0%| F|  |TAMS 0x0000000610000000, 0x0000000610000000| Untracked 
|  46|0x0000000610400000, 0x0000000610400000, 0x0000000610800000|  0%| F|  |TAMS 0x0000000610400000, 0x0000000610400000| Untracked 
|  47|0x0000000610800000, 0x0000000610800000, 0x0000000610c00000|  0%| F|  |TAMS 0x0000000610800000, 0x0000000610800000| Untracked 
|  48|0x0000000610c00000, 0x0000000610c00000, 0x0000000611000000|  0%| F|  |TAMS 0x0000000610c00000, 0x0000000610c00000| Untracked 
|  49|0x0000000611000000, 0x0000000611000000, 0x0000000611400000|  0%| F|  |TAMS 0x0000000611000000, 0x0000000611000000| Untracked 
|  50|0x0000000611400000, 0x0000000611400000, 0x0000000611800000|  0%| F|  |TAMS 0x0000000611400000, 0x0000000611400000| Untracked 
|  51|0x0000000611800000, 0x0000000611800000, 0x0000000611c00000|  0%| F|  |TAMS 0x0000000611800000, 0x0000000611800000| Untracked 
|  52|0x0000000611c00000, 0x0000000611c00000, 0x0000000612000000|  0%| F|  |TAMS 0x0000000611c00000, 0x0000000611c00000| Untracked 
|  53|0x0000000612000000, 0x0000000612000000, 0x0000000612400000|  0%| F|  |TAMS 0x0000000612000000, 0x0000000612000000| Untracked 
|  54|0x0000000612400000, 0x0000000612400000, 0x0000000612800000|  0%| F|  |TAMS 0x0000000612400000, 0x0000000612400000| Untracked 
|  55|0x0000000612800000, 0x0000000612800000, 0x0000000612c00000|  0%| F|  |TAMS 0x0000000612800000, 0x0000000612800000| Untracked 
|  56|0x0000000612c00000, 0x0000000612c00000, 0x0000000613000000|  0%| F|  |TAMS 0x0000000612c00000, 0x0000000612c00000| Untracked 
|  57|0x0000000613000000, 0x0000000613000000, 0x0000000613400000|  0%| F|  |TAMS 0x0000000613000000, 0x0000000613000000| Untracked 
|  58|0x0000000613400000, 0x0000000613400000, 0x0000000613800000|  0%| F|  |TAMS 0x0000000613400000, 0x0000000613400000| Untracked 
|  59|0x0000000613800000, 0x0000000613800000, 0x0000000613c00000|  0%| F|  |TAMS 0x0000000613800000, 0x0000000613800000| Untracked 
|  60|0x0000000613c00000, 0x0000000613c00000, 0x0000000614000000|  0%| F|  |TAMS 0x0000000613c00000, 0x0000000613c00000| Untracked 
|  61|0x0000000614000000, 0x0000000614000000, 0x0000000614400000|  0%| F|  |TAMS 0x0000000614000000, 0x0000000614000000| Untracked 
|  62|0x0000000614400000, 0x0000000614400000, 0x0000000614800000|  0%| F|  |TAMS 0x0000000614400000, 0x0000000614400000| Untracked 
|  63|0x0000000614800000, 0x0000000614800000, 0x0000000614c00000|  0%| F|  |TAMS 0x0000000614800000, 0x0000000614800000| Untracked 
|  64|0x0000000614c00000, 0x0000000614c00000, 0x0000000615000000|  0%| F|  |TAMS 0x0000000614c00000, 0x0000000614c00000| Untracked 
|  65|0x0000000615000000, 0x0000000615000000, 0x0000000615400000|  0%| F|  |TAMS 0x0000000615000000, 0x0000000615000000| Untracked 
|  66|0x0000000615400000, 0x0000000615400000, 0x0000000615800000|  0%| F|  |TAMS 0x0000000615400000, 0x0000000615400000| Untracked 
|  67|0x0000000615800000, 0x0000000615800000, 0x0000000615c00000|  0%| F|  |TAMS 0x0000000615800000, 0x0000000615800000| Untracked 
|  68|0x0000000615c00000, 0x0000000615c00000, 0x0000000616000000|  0%| F|  |TAMS 0x0000000615c00000, 0x0000000615c00000| Untracked 
|  69|0x0000000616000000, 0x0000000616000000, 0x0000000616400000|  0%| F|  |TAMS 0x0000000616000000, 0x0000000616000000| Untracked 
|  70|0x0000000616400000, 0x0000000616400000, 0x0000000616800000|  0%| F|  |TAMS 0x0000000616400000, 0x0000000616400000| Untracked 
|  71|0x0000000616800000, 0x0000000616800000, 0x0000000616c00000|  0%| F|  |TAMS 0x0000000616800000, 0x0000000616800000| Untracked 
|  72|0x0000000616c00000, 0x0000000616c00000, 0x0000000617000000|  0%| F|  |TAMS 0x0000000616c00000, 0x0000000616c00000| Untracked 
|  73|0x0000000617000000, 0x0000000617000000, 0x0000000617400000|  0%| F|  |TAMS 0x0000000617000000, 0x0000000617000000| Untracked 
|  74|0x0000000617400000, 0x0000000617400000, 0x0000000617800000|  0%| F|  |TAMS 0x0000000617400000, 0x0000000617400000| Untracked 
|  75|0x0000000617800000, 0x0000000617800000, 0x0000000617c00000|  0%| F|  |TAMS 0x0000000617800000, 0x0000000617800000| Untracked 
|  76|0x0000000617c00000, 0x0000000617c00000, 0x0000000618000000|  0%| F|  |TAMS 0x0000000617c00000, 0x0000000617c00000| Untracked 
|  77|0x0000000618000000, 0x0000000618000000, 0x0000000618400000|  0%| F|  |TAMS 0x0000000618000000, 0x0000000618000000| Untracked 
|  78|0x0000000618400000, 0x0000000618400000, 0x0000000618800000|  0%| F|  |TAMS 0x0000000618400000, 0x0000000618400000| Untracked 
|  79|0x0000000618800000, 0x0000000618800000, 0x0000000618c00000|  0%| F|  |TAMS 0x0000000618800000, 0x0000000618800000| Untracked 
|  80|0x0000000618c00000, 0x0000000618c00000, 0x0000000619000000|  0%| F|  |TAMS 0x0000000618c00000, 0x0000000618c00000| Untracked 
|  81|0x0000000619000000, 0x0000000619000000, 0x0000000619400000|  0%| F|  |TAMS 0x0000000619000000, 0x0000000619000000| Untracked 
|  82|0x0000000619400000, 0x0000000619400000, 0x0000000619800000|  0%| F|  |TAMS 0x0000000619400000, 0x0000000619400000| Untracked 
|  83|0x0000000619800000, 0x0000000619800000, 0x0000000619c00000|  0%| F|  |TAMS 0x0000000619800000, 0x0000000619800000| Untracked 
|  84|0x0000000619c00000, 0x0000000619c00000, 0x000000061a000000|  0%| F|  |TAMS 0x0000000619c00000, 0x0000000619c00000| Untracked 
|  85|0x000000061a000000, 0x000000061a000000, 0x000000061a400000|  0%| F|  |TAMS 0x000000061a000000, 0x000000061a000000| Untracked 
|  86|0x000000061a400000, 0x000000061a400000, 0x000000061a800000|  0%| F|  |TAMS 0x000000061a400000, 0x000000061a400000| Untracked 
|  87|0x000000061a800000, 0x000000061a800000, 0x000000061ac00000|  0%| F|  |TAMS 0x000000061a800000, 0x000000061a800000| Untracked 
|  88|0x000000061ac00000, 0x000000061ac00000, 0x000000061b000000|  0%| F|  |TAMS 0x000000061ac00000, 0x000000061ac00000| Untracked 
|  89|0x000000061b000000, 0x000000061b000000, 0x000000061b400000|  0%| F|  |TAMS 0x000000061b000000, 0x000000061b000000| Untracked 
|  90|0x000000061b400000, 0x000000061b400000, 0x000000061b800000|  0%| F|  |TAMS 0x000000061b400000, 0x000000061b400000| Untracked 
|  91|0x000000061b800000, 0x000000061b800000, 0x000000061bc00000|  0%| F|  |TAMS 0x000000061b800000, 0x000000061b800000| Untracked 
|  92|0x000000061bc00000, 0x000000061bc00000, 0x000000061c000000|  0%| F|  |TAMS 0x000000061bc00000, 0x000000061bc00000| Untracked 
|  93|0x000000061c000000, 0x000000061c000000, 0x000000061c400000|  0%| F|  |TAMS 0x000000061c000000, 0x000000061c000000| Untracked 
|  94|0x000000061c400000, 0x000000061c400000, 0x000000061c800000|  0%| F|  |TAMS 0x000000061c400000, 0x000000061c400000| Untracked 
|  95|0x000000061c800000, 0x000000061c800000, 0x000000061cc00000|  0%| F|  |TAMS 0x000000061c800000, 0x000000061c800000| Untracked 
|  96|0x000000061cc00000, 0x000000061cc00000, 0x000000061d000000|  0%| F|  |TAMS 0x000000061cc00000, 0x000000061cc00000| Untracked 
|  97|0x000000061d000000, 0x000000061d000000, 0x000000061d400000|  0%| F|  |TAMS 0x000000061d000000, 0x000000061d000000| Untracked 
|  98|0x000000061d400000, 0x000000061d400000, 0x000000061d800000|  0%| F|  |TAMS 0x000000061d400000, 0x000000061d400000| Untracked 
|  99|0x000000061d800000, 0x000000061d800000, 0x000000061dc00000|  0%| F|  |TAMS 0x000000061d800000, 0x000000061d800000| Untracked 
| 100|0x000000061dc00000, 0x000000061dc00000, 0x000000061e000000|  0%| F|  |TAMS 0x000000061dc00000, 0x000000061dc00000| Untracked 
| 101|0x000000061e000000, 0x000000061e000000, 0x000000061e400000|  0%| F|  |TAMS 0x000000061e000000, 0x000000061e000000| Untracked 
| 102|0x000000061e400000, 0x000000061e400000, 0x000000061e800000|  0%| F|  |TAMS 0x000000061e400000, 0x000000061e400000| Untracked 
| 103|0x000000061e800000, 0x000000061e800000, 0x000000061ec00000|  0%| F|  |TAMS 0x000000061e800000, 0x000000061e800000| Untracked 
| 104|0x000000061ec00000, 0x000000061ec00000, 0x000000061f000000|  0%| F|  |TAMS 0x000000061ec00000, 0x000000061ec00000| Untracked 
| 105|0x000000061f000000, 0x000000061f000000, 0x000000061f400000|  0%| F|  |TAMS 0x000000061f000000, 0x000000061f000000| Untracked 
| 106|0x000000061f400000, 0x000000061f400000, 0x000000061f800000|  0%| F|  |TAMS 0x000000061f400000, 0x000000061f400000| Untracked 
| 107|0x000000061f800000, 0x000000061f800000, 0x000000061fc00000|  0%| F|  |TAMS 0x000000061f800000, 0x000000061f800000| Untracked 
| 108|0x000000061fc00000, 0x000000061fc00000, 0x0000000620000000|  0%| F|  |TAMS 0x000000061fc00000, 0x000000061fc00000| Untracked 
| 109|0x0000000620000000, 0x0000000620000000, 0x0000000620400000|  0%| F|  |TAMS 0x0000000620000000, 0x0000000620000000| Untracked 
| 110|0x0000000620400000, 0x0000000620400000, 0x0000000620800000|  0%| F|  |TAMS 0x0000000620400000, 0x0000000620400000| Untracked 
| 111|0x0000000620800000, 0x0000000620800000, 0x0000000620c00000|  0%| F|  |TAMS 0x0000000620800000, 0x0000000620800000| Untracked 
| 112|0x0000000620c00000, 0x0000000621000000, 0x0000000621000000|100%| S|CS|TAMS 0x0000000620c00000, 0x0000000620c00000| Complete 
| 113|0x0000000621000000, 0x0000000621400000, 0x0000000621400000|100%| S|CS|TAMS 0x0000000621000000, 0x0000000621000000| Complete 
| 114|0x0000000621400000, 0x0000000621400000, 0x0000000621800000|  0%| F|  |TAMS 0x0000000621400000, 0x0000000621400000| Untracked 
| 115|0x0000000621800000, 0x0000000621800000, 0x0000000621c00000|  0%| F|  |TAMS 0x0000000621800000, 0x0000000621800000| Untracked 
| 116|0x0000000621c00000, 0x0000000621c00000, 0x0000000622000000|  0%| F|  |TAMS 0x0000000621c00000, 0x0000000621c00000| Untracked 
| 117|0x0000000622000000, 0x0000000622000000, 0x0000000622400000|  0%| F|  |TAMS 0x0000000622000000, 0x0000000622000000| Untracked 
| 118|0x0000000622400000, 0x0000000622400000, 0x0000000622800000|  0%| F|  |TAMS 0x0000000622400000, 0x0000000622400000| Untracked 
| 119|0x0000000622800000, 0x0000000622800000, 0x0000000622c00000|  0%| F|  |TAMS 0x0000000622800000, 0x0000000622800000| Untracked 
| 120|0x0000000622c00000, 0x0000000622c00000, 0x0000000623000000|  0%| F|  |TAMS 0x0000000622c00000, 0x0000000622c00000| Untracked 
| 121|0x0000000623000000, 0x0000000623000000, 0x0000000623400000|  0%| F|  |TAMS 0x0000000623000000, 0x0000000623000000| Untracked 
| 122|0x0000000623400000, 0x0000000623400000, 0x0000000623800000|  0%| F|  |TAMS 0x0000000623400000, 0x0000000623400000| Untracked 
| 123|0x0000000623800000, 0x0000000623800000, 0x0000000623c00000|  0%| F|  |TAMS 0x0000000623800000, 0x0000000623800000| Untracked 
| 124|0x0000000623c00000, 0x0000000623c00000, 0x0000000624000000|  0%| F|  |TAMS 0x0000000623c00000, 0x0000000623c00000| Untracked 
| 125|0x0000000624000000, 0x0000000624000000, 0x0000000624400000|  0%| F|  |TAMS 0x0000000624000000, 0x0000000624000000| Untracked 
| 126|0x0000000624400000, 0x0000000624400000, 0x0000000624800000|  0%| F|  |TAMS 0x0000000624400000, 0x0000000624400000| Untracked 

Card table byte_map: [0x0000028b3cba0000,0x0000028b3db80000] _byte_map_base: 0x0000028b39b7a000

Marking Bits (Prev, Next): (CMBitMap*) 0x0000028b2927ccc0, (CMBitMap*) 0x0000028b2927cd00
 Prev Bits: [0x0000028b3eb60000, 0x0000028b46a30000)
 Next Bits: [0x0000028b46a30000, 0x0000028b4e900000)

Polling page: 0x0000028b28980000

Metaspace:

Usage:
  Non-class:     13.72 MB used.
      Class:      1.42 MB used.
       Both:     15.14 MB used.

Virtual space:
  Non-class space:       64.00 MB reserved,      13.88 MB ( 22%) committed,  1 nodes.
      Class space:        1.00 GB reserved,       1.50 MB ( <1%) committed,  1 nodes.
             Both:        1.06 GB reserved,      15.38 MB (  1%) committed. 

Chunk freelists:
   Non-Class:  2.00 MB
       Class:  14.55 MB
        Both:  16.55 MB

MaxMetaspaceSize: unlimited
CompressedClassSpaceSize: 1.00 GB
Initial GC threshold: 21.00 MB
Current GC threshold: 21.00 MB
CDS: off
MetaspaceReclaimPolicy: balanced
 - commit_granule_bytes: 65536.
 - commit_granule_words: 8192.
 - virtual_space_node_default_size: 8388608.
 - enlarge_chunks_in_place: 1.
 - new_chunks_are_fully_committed: 0.
 - uncommit_free_chunks: 1.
 - use_allocation_guard: 0.
 - handle_deallocations: 1.


Internal statistics:

num_allocs_failed_limit: 0.
num_arena_births: 114.
num_arena_deaths: 0.
num_vsnodes_births: 2.
num_vsnodes_deaths: 0.
num_space_committed: 246.
num_space_uncommitted: 0.
num_chunks_returned_to_freelist: 0.
num_chunks_taken_from_freelist: 176.
num_chunk_merges: 0.
num_chunk_splits: 95.
num_chunks_enlarged: 46.
num_inconsistent_stats: 0.

CodeHeap 'non-profiled nmethods': size=120000Kb used=567Kb max_used=567Kb free=119432Kb
 bounds [0x0000028b34360000, 0x0000028b345d0000, 0x0000028b3b890000]
CodeHeap 'profiled nmethods': size=120000Kb used=3530Kb max_used=3530Kb free=116469Kb
 bounds [0x0000028b2c890000, 0x0000028b2cc10000, 0x0000028b33dc0000]
CodeHeap 'non-nmethods': size=5760Kb used=1291Kb max_used=1311Kb free=4468Kb
 bounds [0x0000028b33dc0000, 0x0000028b34030000, 0x0000028b34360000]
 total_blobs=2476 nmethods=1869 adapters=519
 compilation: enabled
              stopped_count=0, restarted_count=0
 full_count=0

Compilation events (20 events):
Event: 11119.219 Thread 0x0000028b51499e20 nmethod 1869 0x0000028b2cbf6210 code [0x0000028b2cbf68e0, 0x0000028b2cbfbe28]
Event: 11119.219 Thread 0x0000028b51499e20 1859       3       java.awt.image.DirectColorModel::getRedMask (7 bytes)
Event: 11119.219 Thread 0x0000028b51499e20 nmethod 1859 0x0000028b2cbfd310 code [0x0000028b2cbfd4a0, 0x0000028b2cbfd5d8]
Event: 11119.219 Thread 0x0000028b51499e20 1860       3       java.awt.image.DirectColorModel::getGreenMask (7 bytes)
Event: 11119.219 Thread 0x0000028b51499e20 nmethod 1860 0x0000028b2cbfd690 code [0x0000028b2cbfd820, 0x0000028b2cbfd958]
Event: 11119.219 Thread 0x0000028b51499e20 1861       3       java.awt.image.DirectColorModel::getBlueMask (7 bytes)
Event: 11119.219 Thread 0x0000028b51499e20 nmethod 1861 0x0000028b2cbfda10 code [0x0000028b2cbfdba0, 0x0000028b2cbfdcd8]
Event: 11119.219 Thread 0x0000028b51499e20 1862       3       java.awt.image.DirectColorModel::getAlphaMask (16 bytes)
Event: 11119.219 Thread 0x0000028b51499e20 nmethod 1862 0x0000028b2cbfdd90 code [0x0000028b2cbfdf40, 0x0000028b2cbfe0f8]
Event: 11119.219 Thread 0x0000028b51499e20 1863       3       java.awt.image.BufferedImage$1::run (48 bytes)
Event: 11119.221 Thread 0x0000028b51499e20 nmethod 1863 0x0000028b2cbfe210 code [0x0000028b2cbfe5c0, 0x0000028b2cc003f8]
Event: 11119.221 Thread 0x0000028b51499e20 1864       3       java.awt.image.BufferedImage::coerceData (38 bytes)
Event: 11119.221 Thread 0x0000028b51499e20 nmethod 1864 0x0000028b2cc00c10 code [0x0000028b2cc00dc0, 0x0000028b2cc010a8]
Event: 11119.221 Thread 0x0000028b51499e20 1865       3       sun.awt.image.BufImgSurfaceData::<init> (31 bytes)
Event: 11119.221 Thread 0x0000028b51499e20 nmethod 1865 0x0000028b2cc01190 code [0x0000028b2cc01360, 0x0000028b2cc01688]
Event: 11119.221 Thread 0x0000028b51499e20 1866       3       sun.awt.image.IntegerInterleavedRaster::getDataOffset (7 bytes)
Event: 11119.221 Thread 0x0000028b51499e20 nmethod 1866 0x0000028b2cc01890 code [0x0000028b2cc01a20, 0x0000028b2cc01b58]
Event: 11119.221 Thread 0x0000028b51499e20 1868  s    3       sun.awt.image.BufImgSurfaceData::getSolidLoops (85 bytes)
Event: 11119.222 Thread 0x0000028b51499e20 nmethod 1868 0x0000028b2cc01c10 code [0x0000028b2cc01e40, 0x0000028b2cc02768]
Event: 11119.243 Thread 0x0000028b5144bfa0 nmethod 1870 0x0000028b343ece10 code [0x0000028b343ecfc0, 0x0000028b343ed998]

GC Heap History (11 events):
Event: 11118.224 GC heap before
{Heap before GC invocations=0 (full 0):
 garbage-first heap   total 520192K, used 20480K [0x0000000604c00000, 0x0000000800000000)
  region size 4096K, 6 young (24576K), 0 survivors (0K)
 Metaspace       used 15457K, committed 15680K, reserved 1114112K
  class space    used 1457K, committed 1536K, reserved 1048576K
}
Event: 11118.907 GC heap after
{Heap after GC invocations=1 (full 0):
 garbage-first heap   total 520192K, used 9952K [0x0000000604c00000, 0x0000000800000000)
  region size 4096K, 1 young (4096K), 1 survivors (4096K)
 Metaspace       used 15457K, committed 15680K, reserved 1114112K
  class space    used 1457K, committed 1536K, reserved 1048576K
}
Event: 11118.940 GC heap before
{Heap before GC invocations=1 (full 0):
 garbage-first heap   total 520192K, used 26336K [0x0000000604c00000, 0x0000000800000000)
  region size 4096K, 6 young (24576K), 1 survivors (4096K)
 Metaspace       used 15468K, committed 15680K, reserved 1114112K
  class space    used 1457K, committed 1536K, reserved 1048576K
}
Event: 11118.950 GC heap after
{Heap after GC invocations=2 (full 0):
 garbage-first heap   total 520192K, used 30183K [0x0000000604c00000, 0x0000000800000000)
  region size 4096K, 1 young (4096K), 1 survivors (4096K)
 Metaspace       used 15468K, committed 15680K, reserved 1114112K
  class space    used 1457K, committed 1536K, reserved 1048576K
}
Event: 11118.957 GC heap before
{Heap before GC invocations=2 (full 0):
 garbage-first heap   total 520192K, used 46567K [0x0000000604c00000, 0x0000000800000000)
  region size 4096K, 6 young (24576K), 1 survivors (4096K)
 Metaspace       used 15477K, committed 15680K, reserved 1114112K
  class space    used 1457K, committed 1536K, reserved 1048576K
}
Event: 11118.967 GC heap after
{Heap after GC invocations=3 (full 0):
 garbage-first heap   total 520192K, used 50807K [0x0000000604c00000, 0x0000000800000000)
  region size 4096K, 1 young (4096K), 1 survivors (4096K)
 Metaspace       used 15477K, committed 15680K, reserved 1114112K
  class space    used 1457K, committed 1536K, reserved 1048576K
}
Event: 11119.198 GC heap before
{Heap before GC invocations=3 (full 0):
 garbage-first heap   total 520192K, used 91767K [0x0000000604c00000, 0x0000000800000000)
  region size 4096K, 7 young (28672K), 1 survivors (4096K)
 Metaspace       used 15506K, committed 15744K, reserved 1114112K
  class space    used 1457K, committed 1536K, reserved 1048576K
}
Event: 11119.210 GC heap after
{Heap after GC invocations=4 (full 0):
 garbage-first heap   total 520192K, used 95696K [0x0000000604c00000, 0x0000000800000000)
  region size 4096K, 1 young (4096K), 1 survivors (4096K)
 Metaspace       used 15506K, committed 15744K, reserved 1114112K
  class space    used 1457K, committed 1536K, reserved 1048576K
}
Event: 11119.225 GC heap before
{Heap before GC invocations=4 (full 0):
 garbage-first heap   total 520192K, used 128464K [0x0000000604c00000, 0x0000000800000000)
  region size 4096K, 10 young (40960K), 1 survivors (4096K)
 Metaspace       used 15507K, committed 15744K, reserved 1114112K
  class space    used 1457K, committed 1536K, reserved 1048576K
}
Event: 11119.242 GC heap after
{Heap after GC invocations=5 (full 0):
 garbage-first heap   total 520192K, used 132778K [0x0000000604c00000, 0x0000000800000000)
  region size 4096K, 2 young (8192K), 2 survivors (8192K)
 Metaspace       used 15507K, committed 15744K, reserved 1114112K
  class space    used 1457K, committed 1536K, reserved 1048576K
}
Event: 11119.266 GC heap before
{Heap before GC invocations=5 (full 0):
 garbage-first heap   total 520192K, used 173738K [0x0000000604c00000, 0x0000000800000000)
  region size 4096K, 13 young (53248K), 2 survivors (8192K)
 Metaspace       used 15507K, committed 15744K, reserved 1114112K
  class space    used 1457K, committed 1536K, reserved 1048576K
}

Dll operation events (8 events):
Event: 0.008 Loaded shared library C:\Users\codehows\.p2\pool\plugins\org.eclipse.justj.openjdk.hotspot.jre.full.win32.x86_64_17.0.10.v20240120-1143\jre\bin\java.dll
Event: 0.117 Loaded shared library C:\Users\codehows\.p2\pool\plugins\org.eclipse.justj.openjdk.hotspot.jre.full.win32.x86_64_17.0.10.v20240120-1143\jre\bin\jimage.dll
Event: 0.129 Loaded shared library C:\Users\codehows\.p2\pool\plugins\org.eclipse.justj.openjdk.hotspot.jre.full.win32.x86_64_17.0.10.v20240120-1143\jre\bin\net.dll
Event: 0.130 Loaded shared library C:\Users\codehows\.p2\pool\plugins\org.eclipse.justj.openjdk.hotspot.jre.full.win32.x86_64_17.0.10.v20240120-1143\jre\bin\nio.dll
Event: 0.137 Loaded shared library C:\Users\codehows\.p2\pool\plugins\org.eclipse.justj.openjdk.hotspot.jre.full.win32.x86_64_17.0.10.v20240120-1143\jre\bin\zip.dll
Event: 0.169 Loaded shared library C:\Users\codehows\.p2\pool\plugins\org.eclipse.justj.openjdk.hotspot.jre.full.win32.x86_64_17.0.10.v20240120-1143\jre\bin\awt.dll
Event: 0.540 Loaded shared library C:\Users\codehows\.p2\pool\plugins\org.eclipse.justj.openjdk.hotspot.jre.full.win32.x86_64_17.0.10.v20240120-1143\jre\bin\freetype.dll
Event: 0.540 Loaded shared library C:\Users\codehows\.p2\pool\plugins\org.eclipse.justj.openjdk.hotspot.jre.full.win32.x86_64_17.0.10.v20240120-1143\jre\bin\fontmanager.dll

Deoptimization events (20 events):
Event: 0.576 Thread 0x0000028b5616e470 Uncommon trap: trap_request=0xffffffde fr.pc=0x0000028b3438c5b4 relative=0x00000000000002f4
Event: 0.576 Thread 0x0000028b5616e470 Uncommon trap: reason=class_check action=maybe_recompile pc=0x0000028b3438c5b4 method=java.util.HashMap.getNode(Ljava/lang/Object;)Ljava/util/HashMap$Node; @ 63 c2
Event: 0.576 Thread 0x0000028b5616e470 DEOPT PACKING pc=0x0000028b3438c5b4 sp=0x000000c5437fdca0
Event: 0.576 Thread 0x0000028b5616e470 DEOPT UNPACKING pc=0x0000028b33e1a1a3 sp=0x000000c5437fdc08 mode 2
Event: 0.779 Thread 0x0000028b565d0270 DEOPT PACKING pc=0x0000028b2c9ce96a sp=0x000000c543bff1f0
Event: 0.779 Thread 0x0000028b565d0270 DEOPT UNPACKING pc=0x0000028b33e1ace3 sp=0x000000c543bfe680 mode 3
Event: 7.206 Thread 0x0000028b5616e470 Uncommon trap: trap_request=0xffffff45 fr.pc=0x0000028b343b98c4 relative=0x00000000000000e4
Event: 7.206 Thread 0x0000028b5616e470 Uncommon trap: reason=unstable_if action=reinterpret pc=0x0000028b343b98c4 method=java.awt.geom.AffineTransform.translate(DD)V @ 375 c2
Event: 7.206 Thread 0x0000028b5616e470 DEOPT PACKING pc=0x0000028b343b98c4 sp=0x000000c5437fd9d0
Event: 7.206 Thread 0x0000028b5616e470 DEOPT UNPACKING pc=0x0000028b33e1a1a3 sp=0x000000c5437fd958 mode 2
Event: 430.396 Thread 0x0000028b565d0270 Uncommon trap: trap_request=0xffffffcc fr.pc=0x0000028b343ded04 relative=0x0000000000000264
Event: 430.396 Thread 0x0000028b565d0270 Uncommon trap: reason=intrinsic_or_type_checked_inlining action=make_not_entrant pc=0x0000028b343ded04 method=java.util.Arrays.copyOf([Ljava/lang/Object;ILjava/lang/Class;)[Ljava/lang/Object; @ 35 c2
Event: 430.396 Thread 0x0000028b565d0270 DEOPT PACKING pc=0x0000028b343ded04 sp=0x000000c543bff1d0
Event: 430.396 Thread 0x0000028b565d0270 DEOPT UNPACKING pc=0x0000028b33e1a1a3 sp=0x000000c543bff160 mode 2
Event: 518.715 Thread 0x0000028b565d0270 Uncommon trap: trap_request=0xffffffdc fr.pc=0x0000028b343e0254 relative=0x00000000000001b4
Event: 518.715 Thread 0x0000028b565d0270 Uncommon trap: reason=class_check action=make_not_entrant pc=0x0000028b343e0254 method=java.util.ArrayList.toArray([Ljava/lang/Object;)[Ljava/lang/Object; @ 21 c2
Event: 518.715 Thread 0x0000028b565d0270 DEOPT PACKING pc=0x0000028b343e0254 sp=0x000000c543bff230
Event: 518.715 Thread 0x0000028b565d0270 DEOPT UNPACKING pc=0x0000028b33e1a1a3 sp=0x000000c543bff1f0 mode 2
Event: 5941.377 Thread 0x0000028b565d0270 DEOPT PACKING pc=0x0000028b2cbd1d7f sp=0x000000c543bff1f0
Event: 5941.377 Thread 0x0000028b565d0270 DEOPT UNPACKING pc=0x0000028b33e1ace3 sp=0x000000c543bfe780 mode 0

Classes unloaded (0 events):
No events

Classes redefined (0 events):
No events

Internal exceptions (13 events):
Event: 0.158 Thread 0x0000028b291cad30 Exception <a 'java/lang/ClassNotFoundException'{0x000000062461b5a8}: sun/awt/resources/spi/awtProvider> (0x000000062461b5a8) 
thrown [s\src\hotspot\share\classfile\systemDictionary.cpp, line 256]
Event: 0.185 Thread 0x0000028b291cad30 Exception <a 'java/io/FileNotFoundException'{0x00000006246758c8}> (0x00000006246758c8) 
thrown [s\src\hotspot\share\prims\jni.cpp, line 516]
Event: 0.194 Thread 0x0000028b291cad30 Exception <a 'java/io/FileNotFoundException'{0x00000006246a2c80}> (0x00000006246a2c80) 
thrown [s\src\hotspot\share\prims\jni.cpp, line 516]
Event: 0.224 Thread 0x0000028b291cad30 Exception <a 'java/lang/NoSuchMethodError'{0x00000006246dadc0}: 'java.lang.Object java.lang.invoke.DirectMethodHandle$Holder.invokeStaticInit(java.lang.Object)'> (0x00000006246dadc0) 
thrown [s\src\hotspot\share\interpreter\linkResolver.cpp, line 759]
Event: 0.390 Thread 0x0000028b5616e470 Exception <a 'java/lang/NoSuchMethodError'{0x00000006247ce460}: 'void java.lang.invoke.DirectMethodHandle$Holder.invokeSpecial(java.lang.Object, java.lang.Object, java.lang.Object)'> (0x00000006247ce460) 
thrown [s\src\hotspot\share\interpreter\linkResolver.cpp, line 759]
Event: 0.396 Thread 0x0000028b5616e470 Exception <a 'java/lang/NoSuchMethodError'{0x0000000624007670}: 'java.lang.Object java.lang.invoke.DirectMethodHandle$Holder.newInvokeSpecial(java.lang.Object, java.lang.Object, java.lang.Object, java.lang.Object, java.lang.Object)'> (0x0000000624007670) 
thrown [s\src\hotspot\share\interpreter\linkResolver.cpp, line 759]
Event: 0.398 Thread 0x0000028b5616e470 Exception <a 'java/lang/NoSuchMethodError'{0x0000000624013038}: 'java.lang.Object java.lang.invoke.DirectMethodHandle$Holder.invokeStatic(java.lang.Object, int, java.lang.Object, java.lang.Object, java.lang.Object, java.lang.Object)'> (0x0000000624013038) 
thrown [s\src\hotspot\share\interpreter\linkResolver.cpp, line 759]
Event: 0.401 Thread 0x0000028b5616e470 Exception <a 'java/lang/NoSuchMethodError'{0x00000006240387f8}: 'java.lang.Object java.lang.invoke.DirectMethodHandle$Holder.invokeStatic(java.lang.Object, int, java.lang.Object)'> (0x00000006240387f8) 
thrown [s\src\hotspot\share\interpreter\linkResolver.cpp, line 759]
Event: 0.435 Thread 0x0000028b5616e470 Exception <a 'java/lang/ClassNotFoundException'{0x00000006240f07b8}: com/sun/swing/internal/plaf/metal/resources/spi/metalProvider> (0x00000006240f07b8) 
thrown [s\src\hotspot\share\classfile\systemDictionary.cpp, line 256]
Event: 0.435 Thread 0x0000028b5616e470 Exception <a 'java/lang/ClassNotFoundException'{0x00000006240f5200}: com/sun/swing/internal/plaf/basic/resources/spi/basicProvider> (0x00000006240f5200) 
thrown [s\src\hotspot\share\classfile\systemDictionary.cpp, line 256]
Event: 0.522 Thread 0x0000028b561806c0 Exception <a 'java/lang/NoSuchMethodError'{0x000000062470b2b0}: 'void java.lang.invoke.DirectMethodHandle$Holder.invokeVirtual(java.lang.Object, java.lang.Object)'> (0x000000062470b2b0) 
thrown [s\src\hotspot\share\interpreter\linkResolver.cpp, line 759]
Event: 0.536 Thread 0x0000028b5616e470 Exception <a 'java/lang/NoSuchMethodError'{0x00000006242d9ad8}: 'void java.lang.invoke.DirectMethodHandle$Holder.invokeStaticInit(java.lang.Object)'> (0x00000006242d9ad8) 
thrown [s\src\hotspot\share\interpreter\linkResolver.cpp, line 759]
Event: 0.544 Thread 0x0000028b5616e470 Exception <a 'java/io/FileNotFoundException'{0x00000006242e6d08}> (0x00000006242e6d08) 
thrown [s\src\hotspot\share\prims\jni.cpp, line 516]

VM Operations (20 events):
Event: 7.828 Executing VM operation: Cleanup done
Event: 8.839 Executing VM operation: Cleanup
Event: 8.839 Executing VM operation: Cleanup done
Event: 9.840 Executing VM operation: Cleanup
Event: 9.840 Executing VM operation: Cleanup done
Event: 60.240 Executing VM operation: HandshakeAllThreads
Event: 60.240 Executing VM operation: HandshakeAllThreads done
Event: 3440.772 Executing VM operation: Cleanup
Event: 3440.773 Executing VM operation: Cleanup done
Event: 11118.224 Executing VM operation: G1CollectForAllocation
Event: 11118.907 Executing VM operation: G1CollectForAllocation done
Event: 11118.940 Executing VM operation: G1CollectForAllocation
Event: 11118.950 Executing VM operation: G1CollectForAllocation done
Event: 11118.957 Executing VM operation: G1CollectForAllocation
Event: 11118.967 Executing VM operation: G1CollectForAllocation done
Event: 11119.198 Executing VM operation: G1CollectForAllocation
Event: 11119.210 Executing VM operation: G1CollectForAllocation done
Event: 11119.225 Executing VM operation: G1CollectForAllocation
Event: 11119.243 Executing VM operation: G1CollectForAllocation done
Event: 11119.266 Executing VM operation: G1CollectForAllocation

Events (20 events):
Event: 11118.215 loading class java/awt/image/RenderedImage
Event: 11118.215 loading class java/awt/image/RenderedImage done
Event: 11118.215 loading class java/awt/image/WritableRenderedImage done
Event: 11118.215 loading class java/awt/image/BufferedImage done
Event: 11118.215 loading class java/awt/image/BufferedImage$1
Event: 11118.215 loading class java/awt/image/BufferedImage$1 done
Event: 11118.215 loading class sun/awt/image/BufImgSurfaceData
Event: 11118.216 loading class sun/awt/image/BufImgSurfaceData done
Event: 11118.216 loading class sun/awt/image/BufImgSurfaceData$ICMColorData
Event: 11118.216 loading class sun/awt/image/BufImgSurfaceData$ICMColorData done
Event: 11118.216 loading class sun/java2d/loops/RenderLoops
Event: 11118.216 loading class sun/java2d/loops/RenderLoops done
Event: 11118.217 loading class sun/java2d/loops/DrawGlyphListColor
Event: 11118.217 loading class sun/java2d/loops/DrawGlyphListColor done
Event: 11118.218 loading class sun/java2d/loops/DrawGlyphListColor$General
Event: 11118.218 loading class sun/java2d/loops/DrawGlyphListColor$General done
Event: 11118.218 loading class sun/java2d/loops/Blit$GeneralMaskBlit
Event: 11118.218 loading class sun/java2d/loops/Blit$GeneralMaskBlit done
Event: 11118.937 loading class javax/swing/RepaintManager$DisplayChangedRunnable
Event: 11118.937 loading class javax/swing/RepaintManager$DisplayChangedRunnable done


Dynamic libraries:
0x00007ff743080000 - 0x00007ff74308e000 	C:\Users\codehows\.p2\pool\plugins\org.eclipse.justj.openjdk.hotspot.jre.full.win32.x86_64_17.0.10.v20240120-1143\jre\bin\javaw.exe
0x00007ff989cb0000 - 0x00007ff989ec7000 	C:\WINDOWS\SYSTEM32\ntdll.dll
0x00007ff989340000 - 0x00007ff989404000 	C:\WINDOWS\System32\KERNEL32.DLL
0x00007ff987650000 - 0x00007ff9879f6000 	C:\WINDOWS\System32\KERNELBASE.dll
0x00007ff9870b0000 - 0x00007ff9871c1000 	C:\WINDOWS\System32\ucrtbase.dll
0x00007ff980740000 - 0x00007ff980757000 	C:\Users\codehows\.p2\pool\plugins\org.eclipse.justj.openjdk.hotspot.jre.full.win32.x86_64_17.0.10.v20240120-1143\jre\bin\jli.dll
0x00007ff980720000 - 0x00007ff98073b000 	C:\Users\codehows\.p2\pool\plugins\org.eclipse.justj.openjdk.hotspot.jre.full.win32.x86_64_17.0.10.v20240120-1143\jre\bin\VCRUNTIME140.dll
0x00007ff988e70000 - 0x00007ff98901e000 	C:\WINDOWS\System32\USER32.dll
0x00007ff987490000 - 0x00007ff9874b6000 	C:\WINDOWS\System32\win32u.dll
0x00007ff9759e0000 - 0x00007ff975c73000 	C:\WINDOWS\WinSxS\amd64_microsoft.windows.common-controls_6595b64144ccf1df_6.0.22621.2506_none_270c5ae97388e100\COMCTL32.dll
0x00007ff989260000 - 0x00007ff989307000 	C:\WINDOWS\System32\msvcrt.dll
0x00007ff989540000 - 0x00007ff989569000 	C:\WINDOWS\System32\GDI32.dll
0x00007ff987530000 - 0x00007ff987648000 	C:\WINDOWS\System32\gdi32full.dll
0x00007ff9873f0000 - 0x00007ff98748a000 	C:\WINDOWS\System32\msvcp_win.dll
0x00007ff989020000 - 0x00007ff989051000 	C:\WINDOWS\System32\IMM32.DLL
0x00007ff980710000 - 0x00007ff98071c000 	C:\Users\codehows\.p2\pool\plugins\org.eclipse.justj.openjdk.hotspot.jre.full.win32.x86_64_17.0.10.v20240120-1143\jre\bin\vcruntime140_1.dll
0x00007ff9384a0000 - 0x00007ff93852d000 	C:\Users\codehows\.p2\pool\plugins\org.eclipse.justj.openjdk.hotspot.jre.full.win32.x86_64_17.0.10.v20240120-1143\jre\bin\msvcp140.dll
0x00007ff8feff0000 - 0x00007ff8ffc52000 	C:\Users\codehows\.p2\pool\plugins\org.eclipse.justj.openjdk.hotspot.jre.full.win32.x86_64_17.0.10.v20240120-1143\jre\bin\server\jvm.dll
0x00007ff989110000 - 0x00007ff9891c3000 	C:\WINDOWS\System32\ADVAPI32.dll
0x00007ff989060000 - 0x00007ff989108000 	C:\WINDOWS\System32\sechost.dll
0x00007ff9873c0000 - 0x00007ff9873e8000 	C:\WINDOWS\System32\bcrypt.dll
0x00007ff989a50000 - 0x00007ff989b67000 	C:\WINDOWS\System32\RPCRT4.dll
0x00007ff980dc0000 - 0x00007ff980dc9000 	C:\WINDOWS\SYSTEM32\WSOCK32.dll
0x00007ff982140000 - 0x00007ff98214a000 	C:\WINDOWS\SYSTEM32\VERSION.dll
0x00007ff985e70000 - 0x00007ff985ebd000 	C:\WINDOWS\SYSTEM32\POWRPROF.dll
0x00007ff989410000 - 0x00007ff989481000 	C:\WINDOWS\System32\WS2_32.dll
0x00007ff9791f0000 - 0x00007ff979224000 	C:\WINDOWS\SYSTEM32\WINMM.dll
0x00007ff985e50000 - 0x00007ff985e63000 	C:\WINDOWS\SYSTEM32\UMPDC.dll
0x00007ff986110000 - 0x00007ff986128000 	C:\WINDOWS\SYSTEM32\kernel.appcore.dll
0x00007ff984410000 - 0x00007ff98441a000 	C:\Users\codehows\.p2\pool\plugins\org.eclipse.justj.openjdk.hotspot.jre.full.win32.x86_64_17.0.10.v20240120-1143\jre\bin\jimage.dll
0x00007ff9817b0000 - 0x00007ff9819e3000 	C:\WINDOWS\SYSTEM32\DBGHELP.DLL
0x00007ff987a70000 - 0x00007ff987df9000 	C:\WINDOWS\System32\combase.dll
0x00007ff989970000 - 0x00007ff989a47000 	C:\WINDOWS\System32\OLEAUT32.dll
0x00007ff9816d0000 - 0x00007ff981702000 	C:\WINDOWS\SYSTEM32\dbgcore.DLL
0x00007ff9871d0000 - 0x00007ff98724a000 	C:\WINDOWS\System32\bcryptPrimitives.dll
0x00007ff980b90000 - 0x00007ff980bb5000 	C:\Users\codehows\.p2\pool\plugins\org.eclipse.justj.openjdk.hotspot.jre.full.win32.x86_64_17.0.10.v20240120-1143\jre\bin\java.dll
0x00007ff9843f0000 - 0x00007ff984408000 	C:\Users\codehows\.p2\pool\plugins\org.eclipse.justj.openjdk.hotspot.jre.full.win32.x86_64_17.0.10.v20240120-1143\jre\bin\zip.dll
0x00007ff9885c0000 - 0x00007ff988e1a000 	C:\WINDOWS\System32\SHELL32.dll
0x00007ff984f40000 - 0x00007ff985836000 	C:\WINDOWS\SYSTEM32\windows.storage.dll
0x00007ff984e00000 - 0x00007ff984f3e000 	C:\WINDOWS\SYSTEM32\wintypes.dll
0x00007ff987e90000 - 0x00007ff987f83000 	C:\WINDOWS\System32\SHCORE.dll
0x00007ff987e10000 - 0x00007ff987e6e000 	C:\WINDOWS\System32\shlwapi.dll
0x00007ff986f20000 - 0x00007ff986f46000 	C:\WINDOWS\SYSTEM32\profapi.dll
0x00007ff981350000 - 0x00007ff981369000 	C:\Users\codehows\.p2\pool\plugins\org.eclipse.justj.openjdk.hotspot.jre.full.win32.x86_64_17.0.10.v20240120-1143\jre\bin\net.dll
0x00007ff982370000 - 0x00007ff9824a7000 	C:\WINDOWS\SYSTEM32\WINHTTP.dll
0x00007ff986590000 - 0x00007ff9865f9000 	C:\WINDOWS\system32\mswsock.dll
0x00007ff9806e0000 - 0x00007ff9806f6000 	C:\Users\codehows\.p2\pool\plugins\org.eclipse.justj.openjdk.hotspot.jre.full.win32.x86_64_17.0.10.v20240120-1143\jre\bin\nio.dll
0x00007ff937f10000 - 0x00007ff9380a0000 	C:\Users\codehows\.p2\pool\plugins\org.eclipse.justj.openjdk.hotspot.jre.full.win32.x86_64_17.0.10.v20240120-1143\jre\bin\awt.dll
0x00007ff984340000 - 0x00007ff9843d7000 	C:\WINDOWS\SYSTEM32\apphelp.dll
0x00007ff984520000 - 0x00007ff9845cb000 	C:\WINDOWS\system32\uxtheme.dll
0x00007ff989570000 - 0x00007ff9896c0000 	C:\WINDOWS\System32\MSCTF.dll
0x00007ff988410000 - 0x00007ff9885b0000 	C:\WINDOWS\System32\ole32.dll
0x00007ff9847b0000 - 0x00007ff9847db000 	C:\WINDOWS\system32\DWMAPI.DLL
0x00007ff978f30000 - 0x00007ff979030000 	C:\WINDOWS\system32\opengl32.dll
0x00007ff978f00000 - 0x00007ff978f2d000 	C:\WINDOWS\SYSTEM32\GLU32.dll
0x00007ff984640000 - 0x00007ff984676000 	C:\WINDOWS\SYSTEM32\dxcore.dll
0x00007ff95a6b0000 - 0x00007ff95a859000 	C:\WINDOWS\system32\d3d9.dll
0x00007ff96bb60000 - 0x00007ff96bc1c000 	C:\WINDOWS\System32\DriverStore\FileRepository\nvdw.inf_amd64_a10b324888106766\nvldumdx.dll
0x00007ff986840000 - 0x00007ff986852000 	C:\WINDOWS\SYSTEM32\msasn1.dll
0x00007ff982070000 - 0x00007ff9820a2000 	C:\WINDOWS\SYSTEM32\cryptnet.dll
0x00007ff987250000 - 0x00007ff9873b6000 	C:\WINDOWS\System32\CRYPT32.dll
0x00007ff981dc0000 - 0x00007ff981f18000 	C:\WINDOWS\SYSTEM32\drvstore.dll
0x00007ff986cb0000 - 0x00007ff986cdc000 	C:\WINDOWS\SYSTEM32\devobj.dll
0x00007ff986ce0000 - 0x00007ff986d2e000 	C:\WINDOWS\SYSTEM32\cfgmgr32.dll
0x00007ff9868b0000 - 0x00007ff9868fb000 	C:\WINDOWS\SYSTEM32\wldp.dll
0x00007ff986800000 - 0x00007ff98680c000 	C:\WINDOWS\SYSTEM32\cryptbase.dll
0x00007ff9874c0000 - 0x00007ff98752b000 	C:\WINDOWS\System32\wintrust.dll
0x00007ff989310000 - 0x00007ff98932f000 	C:\WINDOWS\System32\imagehlp.dll
0x00007ff9867e0000 - 0x00007ff9867fb000 	C:\WINDOWS\SYSTEM32\CRYPTSP.dll
0x00007ff986070000 - 0x00007ff9860a5000 	C:\WINDOWS\system32\rsaenh.dll
0x00007ff946ac0000 - 0x00007ff949c4d000 	C:\WINDOWS\System32\DriverStore\FileRepository\nvdw.inf_amd64_a10b324888106766\nvd3dumx.dll
0x00007ff972770000 - 0x00007ff9727ba000 	C:\WINDOWS\SYSTEM32\directxdatabasehelper.dll
0x00007ff986620000 - 0x00007ff986646000 	C:\WINDOWS\SYSTEM32\gpapi.dll
0x00007ff952410000 - 0x00007ff952497000 	C:\Users\codehows\.p2\pool\plugins\org.eclipse.justj.openjdk.hotspot.jre.full.win32.x86_64_17.0.10.v20240120-1143\jre\bin\freetype.dll
0x00007ff938750000 - 0x00007ff938823000 	C:\Users\codehows\.p2\pool\plugins\org.eclipse.justj.openjdk.hotspot.jre.full.win32.x86_64_17.0.10.v20240120-1143\jre\bin\fontmanager.dll
0x00007ff96feb0000 - 0x00007ff96fffa000 	C:\WINDOWS\SYSTEM32\textinputframework.dll
0x00007ff983fe0000 - 0x00007ff984114000 	C:\WINDOWS\SYSTEM32\CoreMessaging.dll
0x00007ff96e8d0000 - 0x00007ff96ec3c000 	C:\WINDOWS\SYSTEM32\CoreUIComponents.dll
0x00007ff964e60000 - 0x00007ff964f10000 	C:\WINDOWS\SYSTEM32\TextShaping.dll

dbghelp: loaded successfully - version: 4.0.5 - missing functions: none
symbol engine: initialized successfully - sym options: 0x614 - pdb path: .;C:\Users\codehows\.p2\pool\plugins\org.eclipse.justj.openjdk.hotspot.jre.full.win32.x86_64_17.0.10.v20240120-1143\jre\bin;C:\WINDOWS\SYSTEM32;C:\WINDOWS\WinSxS\amd64_microsoft.windows.common-controls_6595b64144ccf1df_6.0.22621.2506_none_270c5ae97388e100;C:\Users\codehows\.p2\pool\plugins\org.eclipse.justj.openjdk.hotspot.jre.full.win32.x86_64_17.0.10.v20240120-1143\jre\bin\server;C:\WINDOWS\System32\DriverStore\FileRepository\nvdw.inf_amd64_a10b324888106766

VM Arguments:
jvm_args: -Dfile.encoding=UTF-8 -Dstdout.encoding=UTF-8 -Dstderr.encoding=UTF-8 -XX:+ShowCodeDetailsInExceptionMessages 
java_command: calendarview.CalendarPage
java_class_path (initial): C:\Zero_One\Zero_One\bin;C:\Zero_One\Zero_One\lib\mysql-connector-j-8.0.33.jar
Launcher Type: SUN_STANDARD

[Global flags]
     intx CICompilerCount                          = 4                                         {product} {ergonomic}
     uint ConcGCThreads                            = 2                                         {product} {ergonomic}
     uint G1ConcRefinementThreads                  = 8                                         {product} {ergonomic}
   size_t G1HeapRegionSize                         = 4194304                                   {product} {ergonomic}
    uintx GCDrainStackTargetSize                   = 64                                        {product} {ergonomic}
   size_t InitialHeapSize                          = 532676608                                 {product} {ergonomic}
   size_t MarkStackSize                            = 4194304                                   {product} {ergonomic}
   size_t MaxHeapSize                              = 8510242816                                {product} {ergonomic}
   size_t MaxNewSize                               = 5104467968                                {product} {ergonomic}
   size_t MinHeapDeltaBytes                        = 4194304                                   {product} {ergonomic}
   size_t MinHeapSize                              = 8388608                                   {product} {ergonomic}
    uintx NonNMethodCodeHeapSize                   = 5839372                                {pd product} {ergonomic}
    uintx NonProfiledCodeHeapSize                  = 122909434                              {pd product} {ergonomic}
    uintx ProfiledCodeHeapSize                     = 122909434                              {pd product} {ergonomic}
    uintx ReservedCodeCacheSize                    = 251658240                              {pd product} {ergonomic}
     bool SegmentedCodeCache                       = true                                      {product} {ergonomic}
     bool ShowCodeDetailsInExceptionMessages       = true                                   {manageable} {command line}
   size_t SoftMaxHeapSize                          = 8510242816                             {manageable} {ergonomic}
     bool UseCompressedClassPointers               = true                           {product lp64_product} {ergonomic}
     bool UseCompressedOops                        = true                           {product lp64_product} {ergonomic}
     bool UseG1GC                                  = true                                      {product} {ergonomic}
     bool UseLargePagesIndividualAllocation        = false                                  {pd product} {ergonomic}

Logging:
Log output configuration:
 #0: stdout all=warning uptime,level,tags
 #1: stderr all=off uptime,level,tags

Environment Variables:
PATH=C:/Users/codehows/.p2/pool/plugins/org.eclipse.justj.openjdk.hotspot.jre.full.win32.x86_64_17.0.10.v20240120-1143/jre/bin/server;C:/Users/codehows/.p2/pool/plugins/org.eclipse.justj.openjdk.hotspot.jre.full.win32.x86_64_17.0.10.v20240120-1143/jre/bin;C:\Program Files\Common Files\Oracle\Java\javapath;C:\WINDOWS\system32;C:\WINDOWS;C:\WINDOWS\System32\Wbem;C:\WINDOWS\System32\WindowsPowerShell\v1.0\;C:\WINDOWS\System32\OpenSSH\;C:\Program Files\dotnet\;C:\Program Files (x86)\Intel\Intel(R) Management Engine Components\DAL;C:\Program Files\Intel\Intel(R) Management Engine Components\DAL;C:\Users\codehows\AppData\Local\Microsoft\WindowsApps;C:\Users\codehows\AppData\Local\Programs\Microsoft VS Code\bin;C:\Users\codehows\AppData\Local\GitHubDesktop\bin;C:\workspace\eclipse;
USERNAME=codehows
OS=Windows_NT
PROCESSOR_IDENTIFIER=Intel64 Family 6 Model 85 Stepping 7, GenuineIntel
TMP=C:\Users\codehows\AppData\Local\Temp
TEMP=C:\Users\codehows\AppData\Local\Temp



Periodic native trim disabled


---------------  S Y S T E M  ---------------

OS:
 Windows 11 , 64 bit Build 22621 (10.0.22621.2506)
OS uptime: 4 days 10:35 hours

CPU: total 8 (initial active 8) (4 cores per cpu, 2 threads per core) family 6 model 85 stepping 7 microcode 0x5003604, cx8, cmov, fxsr, ht, mmx, 3dnowpref, sse, sse2, sse3, ssse3, sse4.1, sse4.2, popcnt, lzcnt, tsc, tscinvbit, avx, avx2, aes, erms, clmul, bmi1, bmi2, adx, avx512f, avx512dq, avx512cd, avx512bw, avx512vl, fma, vzeroupper, avx512_vnni, clflush, clflushopt, clwb
Processor Information for all 8 processors :
  Max Mhz: 3600, Current Mhz: 3600, Mhz Limit: 3600

Memory: 4k page, system-wide physical 32451M (12412M free)
TotalPageFile size 93222M (AvailPageFile size 498M)
current process WorkingSet (physical memory assigned to process): 285M, peak: 324M
current process commit charge ("private bytes"): 962M, peak: 1978M

vm_info: OpenJDK 64-Bit Server VM (17.0.10+7) for windows-amd64 JRE (17.0.10+7), built on Jan 16 2024 23:25:11 by "admin" with MS VC++ 16.10 / 16.11 (VS2019)

END.
