#
# There is insufficient memory for the Java Runtime Environment to continue.
# Native memory allocation (malloc) failed to allocate 65552 bytes for Chunk::new
# Possible reasons:
#   The system is out of physical RAM or swap space
#   The process is running with CompressedOops enabled, and the Java Heap may be blocking the growth of the native heap
# Possible solutions:
#   Reduce memory load on the system
#   Increase physical memory or swap space
#   Check if swap backing store is full
#   Decrease Java heap size (-Xmx/-Xms)
#   Decrease number of Java threads
#   Decrease Java thread stack sizes (-Xss)
#   Set larger code cache with -XX:ReservedCodeCacheSize=
#   JVM is running with Zero Based Compressed Oops mode in which the Java heap is
#     placed in the first 32GB address space. The Java Heap base address is the
#     maximum limit for the native heap growth. Please use -XX:HeapBaseMinAddress
#     to set the Java Heap base and to place the Java Heap above 32GB virtual address.
# This output file may be truncated or incomplete.
#
#  Out of Memory Error (arena.cpp:191), pid=25980, tid=35584
#
# JRE version: OpenJDK Runtime Environment Temurin-17.0.10+7 (17.0.10+7) (build 17.0.10+7)
# Java VM: OpenJDK 64-Bit Server VM Temurin-17.0.10+7 (17.0.10+7, mixed mode, tiered, compressed oops, compressed class ptrs, g1 gc, windows-amd64)
# No core dump will be written. Minidumps are not enabled by default on client versions of Windows
#

---------------  S U M M A R Y ------------

Command Line: -Dfile.encoding=UTF-8 -Dstdout.encoding=UTF-8 -Dstderr.encoding=UTF-8 -XX:+ShowCodeDetailsInExceptionMessages calendarview.CalendarPage

Host: Intel(R) Xeon(R) W-2223 CPU @ 3.60GHz, 8 cores, 31G,  Windows 11 , 64 bit Build 22621 (10.0.22621.2506)
Time: Wed Feb  7 16:59:02 2024  Windows 11 , 64 bit Build 22621 (10.0.22621.2506) elapsed time: 8951.596620 seconds (0d 2h 29m 11s)

---------------  T H R E A D  ---------------

Current thread (0x000002084652c750):  JavaThread "C2 CompilerThread0" daemon [_thread_in_native, id=35584, stack(0x000000b241f00000,0x000000b242000000)]


Current CompileTask:
C2:8951596 2378   !   4       jdk.internal.loader.BuiltinClassLoader::findResource (154 bytes)

Stack: [0x000000b241f00000,0x000000b242000000]
Native frames: (J=compiled Java code, j=interpreted, Vv=VM code, C=native code)
V  [jvm.dll+0x67d2c9]
V  [jvm.dll+0x834afa]
V  [jvm.dll+0x8365be]
V  [jvm.dll+0x836c23]
V  [jvm.dll+0x2477ff]
V  [jvm.dll+0xac514]
V  [jvm.dll+0xacb5c]
V  [jvm.dll+0xac61b]
V  [jvm.dll+0x6a2688]
V  [jvm.dll+0x3424eb]
V  [jvm.dll+0x68b22b]
V  [jvm.dll+0x68a8f4]
V  [jvm.dll+0x1a828c]
V  [jvm.dll+0x1a8e56]
V  [jvm.dll+0x2adf34]
V  [jvm.dll+0x695755]
V  [jvm.dll+0x68d71b]
V  [jvm.dll+0x68cd57]
V  [jvm.dll+0x68ac42]
V  [jvm.dll+0x1a828c]
V  [jvm.dll+0x1a8e56]
V  [jvm.dll+0x2adf34]
V  [jvm.dll+0x695755]
V  [jvm.dll+0x68d71b]
V  [jvm.dll+0x68cd57]
V  [jvm.dll+0x68ac42]
V  [jvm.dll+0x1a828c]
V  [jvm.dll+0x1a8e56]
V  [jvm.dll+0x2adf34]
V  [jvm.dll+0x695755]
V  [jvm.dll+0x68d71b]
V  [jvm.dll+0x68cd57]
V  [jvm.dll+0x68ac42]
V  [jvm.dll+0x1a828c]
V  [jvm.dll+0x1a8e56]
V  [jvm.dll+0x2adf34]
V  [jvm.dll+0x695755]
V  [jvm.dll+0x68d71b]
V  [jvm.dll+0x68cd57]
V  [jvm.dll+0x68ac42]
V  [jvm.dll+0x1a828c]
V  [jvm.dll+0x1a8e56]
V  [jvm.dll+0x2adf34]
V  [jvm.dll+0x695755]
V  [jvm.dll+0x68d71b]
V  [jvm.dll+0x68cd57]
V  [jvm.dll+0x68ac42]
V  [jvm.dll+0x1a828c]
V  [jvm.dll+0x1a8e56]
V  [jvm.dll+0x1a8e56]
V  [jvm.dll+0x2adf34]
V  [jvm.dll+0x695755]
V  [jvm.dll+0x68d71b]
V  [jvm.dll+0x68cd57]
V  [jvm.dll+0x68ac42]
V  [jvm.dll+0x1a828c]
V  [jvm.dll+0x1a8e56]
V  [jvm.dll+0x2adf34]
V  [jvm.dll+0x695755]
V  [jvm.dll+0x68d71b]
V  [jvm.dll+0x68cd57]
V  [jvm.dll+0x68ac42]
V  [jvm.dll+0x1a828c]
V  [jvm.dll+0x1a8e56]
V  [jvm.dll+0x2adf34]
V  [jvm.dll+0x695755]
V  [jvm.dll+0x68d71b]
V  [jvm.dll+0x68cd57]
V  [jvm.dll+0x68ac42]
V  [jvm.dll+0x1a828c]
V  [jvm.dll+0x218ec8]
V  [jvm.dll+0x1a502d]
V  [jvm.dll+0x2290de]
V  [jvm.dll+0x2272ac]
V  [jvm.dll+0x7e9bb7]
V  [jvm.dll+0x7e3fba]
V  [jvm.dll+0x67c1b5]
C  [ucrtbase.dll+0x29363]
C  [KERNEL32.DLL+0x1257d]
C  [ntdll.dll+0x5aa58]


---------------  P R O C E S S  ---------------

Threads class SMR info:
_java_thread_list=0x0000020854082350, length=18, elements={
0x00000208464dc020, 0x0000020843b418d0, 0x0000020846495310, 0x00000208464957f0,
0x00000208464962c0, 0x0000020846528650, 0x000002084652c750, 0x0000020846531070,
0x0000020846532990, 0x00000208466a9840, 0x00000208466b2150, 0x000002084b1c9030,
0x000002084b1c9510, 0x000002084b19b830, 0x000002084b1dd430, 0x000002081e2398e0,
0x000002084b671fe0, 0x000002084b671ad0
}

Java Threads: ( => current thread )
  0x00000208464dc020 JavaThread "Reference Handler" daemon [_thread_blocked, id=27148, stack(0x000000b241900000,0x000000b241a00000)]
  0x0000020843b418d0 JavaThread "Finalizer" daemon [_thread_blocked, id=33648, stack(0x000000b241a00000,0x000000b241b00000)]
  0x0000020846495310 JavaThread "Signal Dispatcher" daemon [_thread_blocked, id=24648, stack(0x000000b241b00000,0x000000b241c00000)]
  0x00000208464957f0 JavaThread "Attach Listener" daemon [_thread_blocked, id=32392, stack(0x000000b241c00000,0x000000b241d00000)]
  0x00000208464962c0 JavaThread "Service Thread" daemon [_thread_blocked, id=14252, stack(0x000000b241d00000,0x000000b241e00000)]
  0x0000020846528650 JavaThread "Monitor Deflation Thread" daemon [_thread_blocked, id=24756, stack(0x000000b241e00000,0x000000b241f00000)]
=>0x000002084652c750 JavaThread "C2 CompilerThread0" daemon [_thread_in_native, id=35584, stack(0x000000b241f00000,0x000000b242000000)]
  0x0000020846531070 JavaThread "C1 CompilerThread0" daemon [_thread_blocked, id=12520, stack(0x000000b242000000,0x000000b242100000)]
  0x0000020846532990 JavaThread "Sweeper thread" daemon [_thread_blocked, id=29972, stack(0x000000b242100000,0x000000b242200000)]
  0x00000208466a9840 JavaThread "Notification Thread" daemon [_thread_blocked, id=29240, stack(0x000000b242200000,0x000000b242300000)]
  0x00000208466b2150 JavaThread "Common-Cleaner" daemon [_thread_blocked, id=36488, stack(0x000000b242400000,0x000000b242500000)]
  0x000002084b1c9030 JavaThread "Java2D Disposer" daemon [_thread_blocked, id=30848, stack(0x000000b242500000,0x000000b242600000)]
  0x000002084b1c9510 JavaThread "AWT-Shutdown" [_thread_blocked, id=4604, stack(0x000000b242600000,0x000000b242700000)]
  0x000002084b19b830 JavaThread "AWT-Windows" daemon [_thread_in_native, id=22312, stack(0x000000b242700000,0x000000b242800000)]
  0x000002084b1dd430 JavaThread "AWT-EventQueue-0" [_thread_blocked, id=13780, stack(0x000000b242800000,0x000000b242900000)]
  0x000002081e2398e0 JavaThread "DestroyJavaVM" [_thread_blocked, id=35396, stack(0x000000b241200000,0x000000b241300000)]
  0x000002084b671fe0 JavaThread "D3D Screen Updater" daemon [_thread_blocked, id=30516, stack(0x000000b242b00000,0x000000b242c00000)]
  0x000002084b671ad0 JavaThread "mysql-cj-abandoned-connection-cleanup" daemon [_thread_blocked, id=26432, stack(0x000000b242d20000,0x000000b242e20000)]

Other Threads:
  0x00000208464c8650 VMThread "VM Thread" [stack: 0x000000b241800000,0x000000b241900000] [id=33968]
  0x00000208465d4200 WatcherThread [stack: 0x000000b242300000,0x000000b242400000] [id=31492]
  0x000002081e2e93e0 GCTaskThread "GC Thread#0" [stack: 0x000000b241300000,0x000000b241400000] [id=5260]
  0x0000020853d2b8c0 GCTaskThread "GC Thread#1" [stack: 0x000000b242f20000,0x000000b243020000] [id=7916]
  0x0000020853d2bb80 GCTaskThread "GC Thread#2" [stack: 0x000000b243020000,0x000000b243120000] [id=8000]
  0x000002085400ca10 GCTaskThread "GC Thread#3" [stack: 0x000000b243120000,0x000000b243220000] [id=33916]
  0x000002085400ccd0 GCTaskThread "GC Thread#4" [stack: 0x000000b243220000,0x000000b243320000] [id=27060]
  0x0000020853c1cd10 GCTaskThread "GC Thread#5" [stack: 0x000000b243320000,0x000000b243420000] [id=7428]
  0x0000020853c1cfd0 GCTaskThread "GC Thread#6" [stack: 0x000000b243420000,0x000000b243520000] [id=14900]
  0x0000020853c1d290 GCTaskThread "GC Thread#7" [stack: 0x000000b243520000,0x000000b243620000] [id=14524]
  0x000002084397c8b0 ConcurrentGCThread "G1 Main Marker" [stack: 0x000000b241400000,0x000000b241500000] [id=30032]
  0x000002081e2ee380 ConcurrentGCThread "G1 Conc#0" [stack: 0x000000b241500000,0x000000b241600000] [id=26708]
  0x0000020853b3e3f0 ConcurrentGCThread "G1 Conc#1" [stack: 0x000000b243620000,0x000000b243720000] [id=35016]
  0x0000020843a75750 ConcurrentGCThread "G1 Refine#0" [stack: 0x000000b241600000,0x000000b241700000] [id=33188]
  0x0000020843a76180 ConcurrentGCThread "G1 Service" [stack: 0x000000b241700000,0x000000b241800000] [id=21012]

Threads with active compile tasks:
C2 CompilerThread0  8951656 2378   !   4       jdk.internal.loader.BuiltinClassLoader::findResource (154 bytes)

VM state: not at safepoint (normal execution)

VM Mutex/Monitor currently owned by a thread: None

Heap address: 0x0000000604c00000, size: 8116 MB, Compressed Oops mode: Zero based, Oop shift amount: 3

CDS archive(s) not mapped
Compressed class space mapped at: 0x0000000800000000-0x0000000840000000, reserved size: 1073741824
Narrow klass base: 0x0000000800000000, Narrow klass shift: 0, Narrow klass range: 0x40000000

GC Precious Log:
 CPUs: 8 total, 8 available
 Memory: 32451M
 Large Page Support: Disabled
 NUMA Support: Disabled
 Compressed Oops: Enabled (Zero based)
 Heap Region Size: 4M
 Heap Min Capacity: 8M
 Heap Initial Capacity: 508M
 Heap Max Capacity: 8116M
 Pre-touch: Disabled
 Parallel Workers: 8
 Concurrent Workers: 2
 Concurrent Refinement Workers: 8
 Periodic GC: Disabled

Heap:
 garbage-first heap   total 57344K, used 14568K [0x0000000604c00000, 0x0000000800000000)
  region size 4096K, 4 young (16384K), 1 survivors (4096K)
 Metaspace       used 22868K, committed 23104K, reserved 1114112K
  class space    used 2302K, committed 2432K, reserved 1048576K

Heap Regions: E=young(eden), S=young(survivor), O=old, HS=humongous(starts), HC=humongous(continues), CS=collection set, F=free, OA=open archive, CA=closed archive, TAMS=top-at-mark-start (previous, next)
|   0|0x0000000604c00000, 0x0000000605000000, 0x0000000605000000|100%| O|  |TAMS 0x0000000604cc4400, 0x0000000604c00000| Untracked 
|   1|0x0000000605000000, 0x00000006050b0c00, 0x0000000605400000| 17%| O|  |TAMS 0x0000000605000000, 0x0000000605000000| Complete 
|   2|0x0000000605400000, 0x0000000605400000, 0x0000000605800000|  0%| F|  |TAMS 0x0000000605400000, 0x0000000605400000| Untracked 
|   3|0x0000000605800000, 0x0000000605800000, 0x0000000605c00000|  0%| F|  |TAMS 0x0000000605800000, 0x0000000605800000| Untracked 
|   4|0x0000000605c00000, 0x0000000605c00000, 0x0000000606000000|  0%| F|  |TAMS 0x0000000605c00000, 0x0000000605c00000| Untracked 
|   5|0x0000000606000000, 0x0000000606000000, 0x0000000606400000|  0%| F|  |TAMS 0x0000000606000000, 0x0000000606000000| Untracked 
|   6|0x0000000606400000, 0x0000000606400000, 0x0000000606800000|  0%| F|  |TAMS 0x0000000606400000, 0x0000000606400000| Untracked 
|   7|0x0000000606800000, 0x0000000606800000, 0x0000000606c00000|  0%| F|  |TAMS 0x0000000606800000, 0x0000000606800000| Untracked 
|   8|0x0000000606c00000, 0x0000000606c00000, 0x0000000607000000|  0%| F|  |TAMS 0x0000000606c00000, 0x0000000606c00000| Untracked 
|   9|0x0000000607000000, 0x0000000607000000, 0x0000000607400000|  0%| F|  |TAMS 0x0000000607000000, 0x0000000607000000| Untracked 
|  10|0x0000000607400000, 0x00000006074f6448, 0x0000000607800000| 24%| E|  |TAMS 0x0000000607400000, 0x0000000607400000| Complete 
|  11|0x0000000607800000, 0x0000000607c00000, 0x0000000607c00000|100%| E|CS|TAMS 0x0000000607800000, 0x0000000607800000| Complete 
| 124|0x0000000623c00000, 0x0000000623d897d8, 0x0000000624000000| 38%| S|CS|TAMS 0x0000000623c00000, 0x0000000623c00000| Complete 
| 126|0x0000000624400000, 0x0000000624800000, 0x0000000624800000|100%| E|CS|TAMS 0x0000000624400000, 0x0000000624400000| Complete 

Card table byte_map: [0x0000020831c10000,0x0000020832bf0000] _byte_map_base: 0x000002082ebea000

Marking Bits (Prev, Next): (CMBitMap*) 0x000002081e2e9a40, (CMBitMap*) 0x000002081e2e9a00
 Prev Bits: [0x000002083baa0000, 0x0000020843970000)
 Next Bits: [0x0000020833bd0000, 0x000002083baa0000)

Polling page: 0x000002081c170000

Metaspace:

Usage:
  Non-class:     20.08 MB used.
      Class:      2.25 MB used.
       Both:     22.33 MB used.

Virtual space:
  Non-class space:       64.00 MB reserved,      20.19 MB ( 32%) committed,  1 nodes.
      Class space:        1.00 GB reserved,       2.38 MB ( <1%) committed,  1 nodes.
             Both:        1.06 GB reserved,      22.56 MB (  2%) committed. 

Chunk freelists:
   Non-Class:  11.00 MB
       Class:  13.66 MB
        Both:  24.66 MB

MaxMetaspaceSize: unlimited
CompressedClassSpaceSize: 1.00 GB
Initial GC threshold: 21.00 MB
Current GC threshold: 35.12 MB
CDS: off
MetaspaceReclaimPolicy: balanced
 - commit_granule_bytes: 65536.
 - commit_granule_words: 8192.
 - virtual_space_node_default_size: 8388608.
 - enlarge_chunks_in_place: 1.
 - new_chunks_are_fully_committed: 0.
 - uncommit_free_chunks: 1.
 - use_allocation_guard: 0.
 - handle_deallocations: 1.


Internal statistics:

num_allocs_failed_limit: 3.
num_arena_births: 160.
num_arena_deaths: 0.
num_vsnodes_births: 2.
num_vsnodes_deaths: 0.
num_space_committed: 361.
num_space_uncommitted: 0.
num_chunks_returned_to_freelist: 3.
num_chunks_taken_from_freelist: 368.
num_chunk_merges: 3.
num_chunk_splits: 227.
num_chunks_enlarged: 137.
num_inconsistent_stats: 0.

CodeHeap 'non-profiled nmethods': size=120000Kb used=809Kb max_used=809Kb free=119190Kb
 bounds [0x00000208293d0000, 0x0000020829640000, 0x0000020830900000]
CodeHeap 'profiled nmethods': size=120000Kb used=4572Kb max_used=4572Kb free=115427Kb
 bounds [0x0000020821900000, 0x0000020821d80000, 0x0000020828e30000]
CodeHeap 'non-nmethods': size=5760Kb used=1347Kb max_used=1394Kb free=4412Kb
 bounds [0x0000020828e30000, 0x00000208290a0000, 0x00000208293d0000]
 total_blobs=3052 nmethods=2377 adapters=587
 compilation: enabled
              stopped_count=0, restarted_count=0
 full_count=0

Compilation events (20 events):
Event: 2284.785 Thread 0x000002084652c750 nmethod 2368 0x0000020829493610 code [0x0000020829493780, 0x0000020829493838]
Event: 2475.718 Thread 0x000002084652c750 2369       4       sun.net.www.ParseUtil::firstEncodeIndex (86 bytes)
Event: 2475.724 Thread 0x000002084652c750 nmethod 2369 0x0000020829493910 code [0x0000020829493aa0, 0x0000020829493c98]
Event: 3096.744 Thread 0x000002084652c750 2370       4       java.lang.AbstractStringBuilder::<init> (39 bytes)
Event: 3096.748 Thread 0x000002084652c750 nmethod 2370 0x0000020829493e90 code [0x0000020829494020, 0x0000020829494298]
Event: 3452.402 Thread 0x000002084652c750 2371       4       java.io.WinNTFileSystem::normalize (143 bytes)
Event: 3452.408 Thread 0x000002084652c750 nmethod 2371 0x0000020829494390 code [0x0000020829494540, 0x00000208294947e8]
Event: 3557.705 Thread 0x000002084652c750 2372       4       java.lang.String::replace (42 bytes)
Event: 3557.732 Thread 0x000002084652c750 nmethod 2372 0x0000020829494a10 code [0x0000020829494ba0, 0x0000020829495258]
Event: 3681.817 Thread 0x000002084652c750 2373 % !   4       sun.java2d.d3d.D3DScreenUpdateManager::run @ 105 (267 bytes)
Event: 3681.847 Thread 0x000002084652c750 nmethod 2373% 0x0000020829495590 code [0x0000020829495780, 0x00000208294969b8]
Event: 3974.357 Thread 0x000002084652c750 2374 % !   4       sun.java2d.d3d.D3DScreenUpdateManager::run @ 0 (267 bytes)
Event: 3974.379 Thread 0x000002084652c750 nmethod 2374% 0x0000020829497190 code [0x0000020829497380, 0x0000020829498338]
Event: 8651.060 Thread 0x000002084652c750 2375       4       java.lang.ref.ReferenceQueue::reallyPoll (65 bytes)
Event: 8651.067 Thread 0x000002084652c750 nmethod 2375 0x0000020829498a90 code [0x0000020829498c20, 0x0000020829498f78]
Event: 8926.556 Thread 0x000002084652c750 2376       4       jdk.internal.module.Resources::toPackageName (39 bytes)
Event: 8926.565 Thread 0x000002084652c750 nmethod 2376 0x0000020829499010 code [0x00000208294991a0, 0x00000208294993b8]
Event: 8936.575 Thread 0x000002084652c750 2377   !   4       jdk.internal.loader.BuiltinClassLoader::findMiscResource (122 bytes)
Event: 8936.603 Thread 0x000002084652c750 nmethod 2377 0x0000020829499590 code [0x0000020829499740, 0x000002082949a078]
Event: 8951.590 Thread 0x000002084652c750 2378   !   4       jdk.internal.loader.BuiltinClassLoader::findResource (154 bytes)

GC Heap History (4 events):
Event: 1.954 GC heap before
{Heap before GC invocations=0 (full 0):
 garbage-first heap   total 520192K, used 20480K [0x0000000604c00000, 0x0000000800000000)
  region size 4096K, 6 young (24576K), 0 survivors (0K)
 Metaspace       used 18112K, committed 18368K, reserved 1114112K
  class space    used 1777K, committed 1920K, reserved 1048576K
}
Event: 1.961 GC heap after
{Heap after GC invocations=1 (full 0):
 garbage-first heap   total 520192K, used 4881K [0x0000000604c00000, 0x0000000800000000)
  region size 4096K, 1 young (4096K), 1 survivors (4096K)
 Metaspace       used 18112K, committed 18368K, reserved 1114112K
  class space    used 1777K, committed 1920K, reserved 1048576K
}
Event: 2.139 GC heap before
{Heap before GC invocations=1 (full 0):
 garbage-first heap   total 520192K, used 8977K [0x0000000604c00000, 0x0000000800000000)
  region size 4096K, 3 young (12288K), 1 survivors (4096K)
 Metaspace       used 21354K, committed 21504K, reserved 1114112K
  class space    used 2117K, committed 2176K, reserved 1048576K
}
Event: 2.145 GC heap after
{Heap after GC invocations=2 (full 0):
 garbage-first heap   total 520192K, used 6376K [0x0000000604c00000, 0x0000000800000000)
  region size 4096K, 1 young (4096K), 1 survivors (4096K)
 Metaspace       used 21354K, committed 21504K, reserved 1114112K
  class space    used 2117K, committed 2176K, reserved 1048576K
}

Dll operation events (9 events):
Event: 0.006 Loaded shared library C:\Users\codehows\.p2\pool\plugins\org.eclipse.justj.openjdk.hotspot.jre.full.win32.x86_64_17.0.10.v20240120-1143\jre\bin\java.dll
Event: 0.117 Loaded shared library C:\Users\codehows\.p2\pool\plugins\org.eclipse.justj.openjdk.hotspot.jre.full.win32.x86_64_17.0.10.v20240120-1143\jre\bin\jimage.dll
Event: 0.128 Loaded shared library C:\Users\codehows\.p2\pool\plugins\org.eclipse.justj.openjdk.hotspot.jre.full.win32.x86_64_17.0.10.v20240120-1143\jre\bin\net.dll
Event: 0.130 Loaded shared library C:\Users\codehows\.p2\pool\plugins\org.eclipse.justj.openjdk.hotspot.jre.full.win32.x86_64_17.0.10.v20240120-1143\jre\bin\nio.dll
Event: 0.142 Loaded shared library C:\Users\codehows\.p2\pool\plugins\org.eclipse.justj.openjdk.hotspot.jre.full.win32.x86_64_17.0.10.v20240120-1143\jre\bin\zip.dll
Event: 0.182 Loaded shared library C:\Users\codehows\.p2\pool\plugins\org.eclipse.justj.openjdk.hotspot.jre.full.win32.x86_64_17.0.10.v20240120-1143\jre\bin\awt.dll
Event: 0.617 Loaded shared library C:\Users\codehows\.p2\pool\plugins\org.eclipse.justj.openjdk.hotspot.jre.full.win32.x86_64_17.0.10.v20240120-1143\jre\bin\freetype.dll
Event: 0.618 Loaded shared library C:\Users\codehows\.p2\pool\plugins\org.eclipse.justj.openjdk.hotspot.jre.full.win32.x86_64_17.0.10.v20240120-1143\jre\bin\fontmanager.dll
Event: 1.985 Loaded shared library C:\Users\codehows\.p2\pool\plugins\org.eclipse.justj.openjdk.hotspot.jre.full.win32.x86_64_17.0.10.v20240120-1143\jre\bin\extnet.dll

Deoptimization events (20 events):
Event: 2.219 Thread 0x000002084b1dd430 DEOPT PACKING pc=0x000002082940fbc4 sp=0x000000b2428fdce0
Event: 2.219 Thread 0x000002084b1dd430 DEOPT UNPACKING pc=0x0000020828e8a1a3 sp=0x000000b2428fdbe8 mode 2
Event: 2.237 Thread 0x000002084b1dd430 Uncommon trap: trap_request=0xffffffc6 fr.pc=0x000002082940fbc4 relative=0x0000000000000484
Event: 2.237 Thread 0x000002084b1dd430 Uncommon trap: reason=bimorphic_or_optimized_type_check action=maybe_recompile pc=0x000002082940fbc4 method=java.util.HashMap.getNode(Ljava/lang/Object;)Ljava/util/HashMap$Node; @ 128 c2
Event: 2.237 Thread 0x000002084b1dd430 DEOPT PACKING pc=0x000002082940fbc4 sp=0x000000b2428fdaf0
Event: 2.237 Thread 0x000002084b1dd430 DEOPT UNPACKING pc=0x0000020828e8a1a3 sp=0x000000b2428fd9f8 mode 2
Event: 2.237 Thread 0x000002084b1dd430 Uncommon trap: trap_request=0xffffffc6 fr.pc=0x000002082940fbc4 relative=0x0000000000000484
Event: 2.237 Thread 0x000002084b1dd430 Uncommon trap: reason=bimorphic_or_optimized_type_check action=maybe_recompile pc=0x000002082940fbc4 method=java.util.HashMap.getNode(Ljava/lang/Object;)Ljava/util/HashMap$Node; @ 128 c2
Event: 2.237 Thread 0x000002084b1dd430 DEOPT PACKING pc=0x000002082940fbc4 sp=0x000000b2428fdd10
Event: 2.237 Thread 0x000002084b1dd430 DEOPT UNPACKING pc=0x0000020828e8a1a3 sp=0x000000b2428fdc18 mode 2
Event: 393.666 Thread 0x000002084b671fe0 Uncommon trap: trap_request=0xffffffcc fr.pc=0x0000020829491224 relative=0x0000000000000384
Event: 393.666 Thread 0x000002084b671fe0 Uncommon trap: reason=intrinsic_or_type_checked_inlining action=make_not_entrant pc=0x0000020829491224 method=java.util.Arrays.copyOf([Ljava/lang/Object;ILjava/lang/Class;)[Ljava/lang/Object; @ 35 c2
Event: 393.667 Thread 0x000002084b671fe0 DEOPT PACKING pc=0x0000020829491224 sp=0x000000b242bff580
Event: 393.667 Thread 0x000002084b671fe0 DEOPT UNPACKING pc=0x0000020828e8a1a3 sp=0x000000b242bff510 mode 2
Event: 537.590 Thread 0x000002084b671fe0 Uncommon trap: trap_request=0xffffffdc fr.pc=0x00000208294924d4 relative=0x00000000000001b4
Event: 537.590 Thread 0x000002084b671fe0 Uncommon trap: reason=class_check action=make_not_entrant pc=0x00000208294924d4 method=java.util.ArrayList.toArray([Ljava/lang/Object;)[Ljava/lang/Object; @ 21 c2
Event: 537.590 Thread 0x000002084b671fe0 DEOPT PACKING pc=0x00000208294924d4 sp=0x000000b242bff5e0
Event: 537.590 Thread 0x000002084b671fe0 DEOPT UNPACKING pc=0x0000020828e8a1a3 sp=0x000000b242bff5a0 mode 2
Event: 4268.220 Thread 0x000002084b671fe0 DEOPT PACKING pc=0x0000020821d721ab sp=0x000000b242bff590
Event: 4268.220 Thread 0x000002084b671fe0 DEOPT UNPACKING pc=0x0000020828e8ace3 sp=0x000000b242bfeb30 mode 0

Classes unloaded (0 events):
No events

Classes redefined (0 events):
No events

Internal exceptions (20 events):
Event: 0.203 Thread 0x000002081e2398e0 Exception <a 'java/io/FileNotFoundException'{0x00000006246c4d20}> (0x00000006246c4d20) 
thrown [s\src\hotspot\share\prims\jni.cpp, line 516]
Event: 0.235 Thread 0x000002081e2398e0 Exception <a 'java/lang/NoSuchMethodError'{0x00000006246fd0c0}: 'java.lang.Object java.lang.invoke.DirectMethodHandle$Holder.invokeStaticInit(java.lang.Object)'> (0x00000006246fd0c0) 
thrown [s\src\hotspot\share\interpreter\linkResolver.cpp, line 759]
Event: 0.436 Thread 0x000002084b1dd430 Exception <a 'java/lang/NoSuchMethodError'{0x0000000624049ff0}: 'void java.lang.invoke.DirectMethodHandle$Holder.invokeSpecial(java.lang.Object, java.lang.Object, java.lang.Object)'> (0x0000000624049ff0) 
thrown [s\src\hotspot\share\interpreter\linkResolver.cpp, line 759]
Event: 0.447 Thread 0x000002084b1dd430 Exception <a 'java/lang/NoSuchMethodError'{0x00000006240741b8}: 'java.lang.Object java.lang.invoke.DirectMethodHandle$Holder.newInvokeSpecial(java.lang.Object, java.lang.Object, java.lang.Object, java.lang.Object, java.lang.Object)'> (0x00000006240741b8) 
thrown [s\src\hotspot\share\interpreter\linkResolver.cpp, line 759]
Event: 0.451 Thread 0x000002084b1dd430 Exception <a 'java/lang/NoSuchMethodError'{0x000000062407fe08}: 'java.lang.Object java.lang.invoke.DirectMethodHandle$Holder.invokeStatic(java.lang.Object, int, java.lang.Object, java.lang.Object, java.lang.Object, java.lang.Object)'> (0x000000062407fe08) 
thrown [s\src\hotspot\share\interpreter\linkResolver.cpp, line 759]
Event: 0.459 Thread 0x000002084b1dd430 Exception <a 'java/lang/NoSuchMethodError'{0x00000006240a55c8}: 'java.lang.Object java.lang.invoke.DirectMethodHandle$Holder.invokeStatic(java.lang.Object, int, java.lang.Object)'> (0x00000006240a55c8) 
thrown [s\src\hotspot\share\interpreter\linkResolver.cpp, line 759]
Event: 0.494 Thread 0x000002084b1dd430 Exception <a 'java/lang/ClassNotFoundException'{0x000000062415d490}: com/sun/swing/internal/plaf/metal/resources/spi/metalProvider> (0x000000062415d490) 
thrown [s\src\hotspot\share\classfile\systemDictionary.cpp, line 256]
Event: 0.495 Thread 0x000002084b1dd430 Exception <a 'java/lang/ClassNotFoundException'{0x0000000624161ed8}: com/sun/swing/internal/plaf/basic/resources/spi/basicProvider> (0x0000000624161ed8) 
thrown [s\src\hotspot\share\classfile\systemDictionary.cpp, line 256]
Event: 0.599 Thread 0x000002084b19b830 Exception <a 'java/lang/NoSuchMethodError'{0x0000000624786048}: 'void java.lang.invoke.DirectMethodHandle$Holder.invokeVirtual(java.lang.Object, java.lang.Object)'> (0x0000000624786048) 
thrown [s\src\hotspot\share\interpreter\linkResolver.cpp, line 759]
Event: 0.613 Thread 0x000002084b1dd430 Exception <a 'java/lang/NoSuchMethodError'{0x00000006243718c8}: 'void java.lang.invoke.DirectMethodHandle$Holder.invokeStaticInit(java.lang.Object)'> (0x00000006243718c8) 
thrown [s\src\hotspot\share\interpreter\linkResolver.cpp, line 759]
Event: 0.622 Thread 0x000002084b1dd430 Exception <a 'java/io/FileNotFoundException'{0x000000062437e8b0}> (0x000000062437e8b0) 
thrown [s\src\hotspot\share\prims\jni.cpp, line 516]
Event: 1.848 Thread 0x000002084b1dd430 Implicit null exception at 0x0000020829421f8d to 0x0000020829422008
Event: 1.874 Thread 0x000002084b1dd430 Exception <a 'java/lang/NoSuchMethodError'{0x0000000623094720}: 'java.lang.Object java.lang.invoke.DirectMethodHandle$Holder.invokeInterface(java.lang.Object, java.lang.Object)'> (0x0000000623094720) 
thrown [s\src\hotspot\share\interpreter\linkResolver.cpp, line 759]
Event: 1.891 Thread 0x000002084b1dd430 Implicit null exception at 0x0000020829422400 to 0x0000020829422474
Event: 1.894 Thread 0x000002084b1dd430 Exception <a 'java/lang/NoSuchMethodError'{0x0000000623113158}: 'void java.lang.invoke.DirectMethodHandle$Holder.invokeStatic(java.lang.Object, java.lang.Object, java.lang.Object)'> (0x0000000623113158) 
thrown [s\src\hotspot\share\interpreter\linkResolver.cpp, line 759]
Event: 1.895 Thread 0x000002084b1dd430 Exception <a 'java/lang/NoSuchMethodError'{0x000000062311d690}: 'java.lang.Object java.lang.invoke.DirectMethodHandle$Holder.invokeVirtual(java.lang.Object, java.lang.Object, java.lang.Object)'> (0x000000062311d690) 
thrown [s\src\hotspot\share\interpreter\linkResolver.cpp, line 759]
Event: 1.986 Thread 0x000002084b1dd430 Exception <a 'java/lang/NoSuchMethodError'{0x000000062455f5f0}: 'void java.lang.invoke.DirectMethodHandle$Holder.invokeStatic(java.lang.Object, java.lang.Object)'> (0x000000062455f5f0) 
thrown [s\src\hotspot\share\interpreter\linkResolver.cpp, line 759]
Event: 2.162 Thread 0x000002084b1dd430 Exception <a 'java/lang/NoSuchMethodError'{0x000000062446a9e0}: 'void java.lang.invoke.DirectMethodHandle$Holder.invokeStaticInit(java.lang.Object, java.lang.Object)'> (0x000000062446a9e0) 
thrown [s\src\hotspot\share\interpreter\linkResolver.cpp, line 759]
Event: 2.165 Thread 0x000002084b1dd430 Exception <a 'java/lang/NoSuchMethodError'{0x0000000624482df8}: 'void java.lang.invoke.DirectMethodHandle$Holder.invokeInterface(java.lang.Object, java.lang.Object)'> (0x0000000624482df8) 
thrown [s\src\hotspot\share\interpreter\linkResolver.cpp, line 759]
Event: 2.198 Thread 0x000002084b1dd430 Exception <a 'java/lang/NoSuchMethodError'{0x0000000624567ab0}: 'java.lang.Object java.lang.invoke.Invokers$Holder.linkToTargetMethod(int, java.lang.Object, java.lang.Object, java.lang.Object)'> (0x0000000624567ab0) 
thrown [s\src\hotspot\share\interpreter\linkResolver.cpp, line 759]

VM Operations (20 events):
Event: 3.221 Executing VM operation: Cleanup
Event: 3.221 Executing VM operation: Cleanup done
Event: 4.232 Executing VM operation: Cleanup
Event: 4.232 Executing VM operation: Cleanup done
Event: 5.243 Executing VM operation: Cleanup
Event: 5.243 Executing VM operation: Cleanup done
Event: 6.254 Executing VM operation: Cleanup
Event: 6.254 Executing VM operation: Cleanup done
Event: 60.208 Executing VM operation: HandshakeAllThreads
Event: 60.208 Executing VM operation: HandshakeAllThreads done
Event: 623.735 Executing VM operation: Cleanup
Event: 623.735 Executing VM operation: Cleanup done
Event: 1054.242 Executing VM operation: Cleanup
Event: 1054.242 Executing VM operation: Cleanup done
Event: 1244.033 Executing VM operation: Cleanup
Event: 1244.033 Executing VM operation: Cleanup done
Event: 1624.348 Executing VM operation: HandshakeAllThreads
Event: 1624.348 Executing VM operation: HandshakeAllThreads done
Event: 2285.143 Executing VM operation: Cleanup
Event: 2285.143 Executing VM operation: Cleanup done

Events (20 events):
Event: 2.335 loading class sun/awt/geom/PathConsumer2D
Event: 2.335 loading class sun/awt/geom/PathConsumer2D done
Event: 2.335 loading class sun/java2d/pipe/ShapeSpanIterator done
Event: 2.335 loading class java/awt/geom/Path2D$Float$TxIterator
Event: 2.335 loading class java/awt/geom/Path2D$Iterator
Event: 2.335 loading class java/awt/geom/PathIterator
Event: 2.335 loading class java/awt/geom/PathIterator done
Event: 2.335 loading class java/awt/geom/Path2D$Iterator done
Event: 2.335 loading class java/awt/geom/Path2D$Float$TxIterator done
Event: 2.352 loading class java/awt/LightweightDispatcher$2
Event: 2.352 loading class java/awt/LightweightDispatcher$2 done
Event: 2.353 loading class javax/swing/RepaintManager$3
Event: 2.353 loading class javax/swing/RepaintManager$3 done
Event: 3.037 loading class java/awt/event/MouseWheelEvent
Event: 3.037 loading class java/awt/event/MouseWheelEvent done
Event: 3.038 Thread 0x00000208541040f0 Thread exited: 0x00000208541040f0
Event: 5.662 loading class java/awt/KeyboardFocusManager$2
Event: 5.663 loading class java/awt/KeyboardFocusManager$2 done
Event: 5.663 loading class sun/awt/SunToolkit$1
Event: 5.663 loading class sun/awt/SunToolkit$1 done


Dynamic libraries:
0x00007ff763fa0000 - 0x00007ff763fae000 	C:\Users\codehows\.p2\pool\plugins\org.eclipse.justj.openjdk.hotspot.jre.full.win32.x86_64_17.0.10.v20240120-1143\jre\bin\javaw.exe
0x00007ff989cb0000 - 0x00007ff989ec7000 	C:\WINDOWS\SYSTEM32\ntdll.dll
0x00007ff989340000 - 0x00007ff989404000 	C:\WINDOWS\System32\KERNEL32.DLL
0x00007ff987650000 - 0x00007ff9879f6000 	C:\WINDOWS\System32\KERNELBASE.dll
0x00007ff9870b0000 - 0x00007ff9871c1000 	C:\WINDOWS\System32\ucrtbase.dll
0x00007ff93ac70000 - 0x00007ff93ac87000 	C:\Users\codehows\.p2\pool\plugins\org.eclipse.justj.openjdk.hotspot.jre.full.win32.x86_64_17.0.10.v20240120-1143\jre\bin\jli.dll
0x00007ff980670000 - 0x00007ff98068b000 	C:\Users\codehows\.p2\pool\plugins\org.eclipse.justj.openjdk.hotspot.jre.full.win32.x86_64_17.0.10.v20240120-1143\jre\bin\VCRUNTIME140.dll
0x00007ff988e70000 - 0x00007ff98901e000 	C:\WINDOWS\System32\USER32.dll
0x00007ff987490000 - 0x00007ff9874b6000 	C:\WINDOWS\System32\win32u.dll
0x00007ff9759e0000 - 0x00007ff975c73000 	C:\WINDOWS\WinSxS\amd64_microsoft.windows.common-controls_6595b64144ccf1df_6.0.22621.2506_none_270c5ae97388e100\COMCTL32.dll
0x00007ff989540000 - 0x00007ff989569000 	C:\WINDOWS\System32\GDI32.dll
0x00007ff989260000 - 0x00007ff989307000 	C:\WINDOWS\System32\msvcrt.dll
0x00007ff987530000 - 0x00007ff987648000 	C:\WINDOWS\System32\gdi32full.dll
0x00007ff9873f0000 - 0x00007ff98748a000 	C:\WINDOWS\System32\msvcp_win.dll
0x00007ff989020000 - 0x00007ff989051000 	C:\WINDOWS\System32\IMM32.DLL
0x00007ff980600000 - 0x00007ff98060c000 	C:\Users\codehows\.p2\pool\plugins\org.eclipse.justj.openjdk.hotspot.jre.full.win32.x86_64_17.0.10.v20240120-1143\jre\bin\vcruntime140_1.dll
0x00007ff95d9d0000 - 0x00007ff95da5d000 	C:\Users\codehows\.p2\pool\plugins\org.eclipse.justj.openjdk.hotspot.jre.full.win32.x86_64_17.0.10.v20240120-1143\jre\bin\msvcp140.dll
0x00007ff8fa4a0000 - 0x00007ff8fb102000 	C:\Users\codehows\.p2\pool\plugins\org.eclipse.justj.openjdk.hotspot.jre.full.win32.x86_64_17.0.10.v20240120-1143\jre\bin\server\jvm.dll
0x00007ff989110000 - 0x00007ff9891c3000 	C:\WINDOWS\System32\ADVAPI32.dll
0x00007ff989060000 - 0x00007ff989108000 	C:\WINDOWS\System32\sechost.dll
0x00007ff9873c0000 - 0x00007ff9873e8000 	C:\WINDOWS\System32\bcrypt.dll
0x00007ff989a50000 - 0x00007ff989b67000 	C:\WINDOWS\System32\RPCRT4.dll
0x00007ff9791f0000 - 0x00007ff979224000 	C:\WINDOWS\SYSTEM32\WINMM.dll
0x00007ff985e70000 - 0x00007ff985ebd000 	C:\WINDOWS\SYSTEM32\POWRPROF.dll
0x00007ff95b070000 - 0x00007ff95b079000 	C:\WINDOWS\SYSTEM32\WSOCK32.dll
0x00007ff989410000 - 0x00007ff989481000 	C:\WINDOWS\System32\WS2_32.dll
0x00007ff982140000 - 0x00007ff98214a000 	C:\WINDOWS\SYSTEM32\VERSION.dll
0x00007ff985e50000 - 0x00007ff985e63000 	C:\WINDOWS\SYSTEM32\UMPDC.dll
0x00007ff986110000 - 0x00007ff986128000 	C:\WINDOWS\SYSTEM32\kernel.appcore.dll
0x00007ff95ac50000 - 0x00007ff95ac5a000 	C:\Users\codehows\.p2\pool\plugins\org.eclipse.justj.openjdk.hotspot.jre.full.win32.x86_64_17.0.10.v20240120-1143\jre\bin\jimage.dll
0x00007ff9817b0000 - 0x00007ff9819e3000 	C:\WINDOWS\SYSTEM32\DBGHELP.DLL
0x00007ff987a70000 - 0x00007ff987df9000 	C:\WINDOWS\System32\combase.dll
0x00007ff989970000 - 0x00007ff989a47000 	C:\WINDOWS\System32\OLEAUT32.dll
0x00007ff9816d0000 - 0x00007ff981702000 	C:\WINDOWS\SYSTEM32\dbgcore.DLL
0x00007ff9871d0000 - 0x00007ff98724a000 	C:\WINDOWS\System32\bcryptPrimitives.dll
0x00007ff93ac90000 - 0x00007ff93acb5000 	C:\Users\codehows\.p2\pool\plugins\org.eclipse.justj.openjdk.hotspot.jre.full.win32.x86_64_17.0.10.v20240120-1143\jre\bin\java.dll
0x00007ff93ac50000 - 0x00007ff93ac68000 	C:\Users\codehows\.p2\pool\plugins\org.eclipse.justj.openjdk.hotspot.jre.full.win32.x86_64_17.0.10.v20240120-1143\jre\bin\zip.dll
0x00007ff9885c0000 - 0x00007ff988e1a000 	C:\WINDOWS\System32\SHELL32.dll
0x00007ff984f40000 - 0x00007ff985836000 	C:\WINDOWS\SYSTEM32\windows.storage.dll
0x00007ff984e00000 - 0x00007ff984f3e000 	C:\WINDOWS\SYSTEM32\wintypes.dll
0x00007ff987e90000 - 0x00007ff987f83000 	C:\WINDOWS\System32\SHCORE.dll
0x00007ff987e10000 - 0x00007ff987e6e000 	C:\WINDOWS\System32\shlwapi.dll
0x00007ff986f20000 - 0x00007ff986f46000 	C:\WINDOWS\SYSTEM32\profapi.dll
0x00007ff93ac30000 - 0x00007ff93ac49000 	C:\Users\codehows\.p2\pool\plugins\org.eclipse.justj.openjdk.hotspot.jre.full.win32.x86_64_17.0.10.v20240120-1143\jre\bin\net.dll
0x00007ff982370000 - 0x00007ff9824a7000 	C:\WINDOWS\SYSTEM32\WINHTTP.dll
0x00007ff986590000 - 0x00007ff9865f9000 	C:\WINDOWS\system32\mswsock.dll
0x00007ff93ac10000 - 0x00007ff93ac26000 	C:\Users\codehows\.p2\pool\plugins\org.eclipse.justj.openjdk.hotspot.jre.full.win32.x86_64_17.0.10.v20240120-1143\jre\bin\nio.dll
0x00007ff8f8bd0000 - 0x00007ff8f8d60000 	C:\Users\codehows\.p2\pool\plugins\org.eclipse.justj.openjdk.hotspot.jre.full.win32.x86_64_17.0.10.v20240120-1143\jre\bin\awt.dll
0x00007ff984340000 - 0x00007ff9843d7000 	C:\WINDOWS\SYSTEM32\apphelp.dll
0x00007ff984520000 - 0x00007ff9845cb000 	C:\WINDOWS\system32\uxtheme.dll
0x00007ff989570000 - 0x00007ff9896c0000 	C:\WINDOWS\System32\MSCTF.dll
0x00007ff988410000 - 0x00007ff9885b0000 	C:\WINDOWS\System32\ole32.dll
0x00007ff9847b0000 - 0x00007ff9847db000 	C:\WINDOWS\system32\DWMAPI.DLL
0x00007ff978f30000 - 0x00007ff979030000 	C:\WINDOWS\system32\opengl32.dll
0x00007ff978f00000 - 0x00007ff978f2d000 	C:\WINDOWS\SYSTEM32\GLU32.dll
0x00007ff984640000 - 0x00007ff984676000 	C:\WINDOWS\SYSTEM32\dxcore.dll
0x00007ff95a6b0000 - 0x00007ff95a859000 	C:\WINDOWS\system32\d3d9.dll
0x00007ff96bb60000 - 0x00007ff96bc1c000 	C:\WINDOWS\System32\DriverStore\FileRepository\nvdw.inf_amd64_a10b324888106766\nvldumdx.dll
0x00007ff986840000 - 0x00007ff986852000 	C:\WINDOWS\SYSTEM32\msasn1.dll
0x00007ff982070000 - 0x00007ff9820a2000 	C:\WINDOWS\SYSTEM32\cryptnet.dll
0x00007ff987250000 - 0x00007ff9873b6000 	C:\WINDOWS\System32\CRYPT32.dll
0x00007ff981dc0000 - 0x00007ff981f18000 	C:\WINDOWS\SYSTEM32\drvstore.dll
0x00007ff986cb0000 - 0x00007ff986cdc000 	C:\WINDOWS\SYSTEM32\devobj.dll
0x00007ff986ce0000 - 0x00007ff986d2e000 	C:\WINDOWS\SYSTEM32\cfgmgr32.dll
0x00007ff9868b0000 - 0x00007ff9868fb000 	C:\WINDOWS\SYSTEM32\wldp.dll
0x00007ff986800000 - 0x00007ff98680c000 	C:\WINDOWS\SYSTEM32\cryptbase.dll
0x00007ff9874c0000 - 0x00007ff98752b000 	C:\WINDOWS\System32\wintrust.dll
0x00007ff989310000 - 0x00007ff98932f000 	C:\WINDOWS\System32\imagehlp.dll
0x00007ff9867e0000 - 0x00007ff9867fb000 	C:\WINDOWS\SYSTEM32\CRYPTSP.dll
0x00007ff986070000 - 0x00007ff9860a5000 	C:\WINDOWS\system32\rsaenh.dll
0x00007ff9368d0000 - 0x00007ff939a5d000 	C:\WINDOWS\System32\DriverStore\FileRepository\nvdw.inf_amd64_a10b324888106766\nvd3dumx.dll
0x00007ff972770000 - 0x00007ff9727ba000 	C:\WINDOWS\SYSTEM32\directxdatabasehelper.dll
0x00007ff986620000 - 0x00007ff986646000 	C:\WINDOWS\SYSTEM32\gpapi.dll
0x00007ff90ce50000 - 0x00007ff90ced7000 	C:\Users\codehows\.p2\pool\plugins\org.eclipse.justj.openjdk.hotspot.jre.full.win32.x86_64_17.0.10.v20240120-1143\jre\bin\freetype.dll
0x00007ff90b7f0000 - 0x00007ff90b8c3000 	C:\Users\codehows\.p2\pool\plugins\org.eclipse.justj.openjdk.hotspot.jre.full.win32.x86_64_17.0.10.v20240120-1143\jre\bin\fontmanager.dll
0x00007ff96feb0000 - 0x00007ff96fffa000 	C:\WINDOWS\SYSTEM32\textinputframework.dll
0x00007ff983fe0000 - 0x00007ff984114000 	C:\WINDOWS\SYSTEM32\CoreMessaging.dll
0x00007ff96e8d0000 - 0x00007ff96ec3c000 	C:\WINDOWS\SYSTEM32\CoreUIComponents.dll
0x00007ff957d40000 - 0x00007ff957d49000 	C:\Users\codehows\.p2\pool\plugins\org.eclipse.justj.openjdk.hotspot.jre.full.win32.x86_64_17.0.10.v20240120-1143\jre\bin\extnet.dll
0x00007ff989490000 - 0x00007ff989540000 	C:\WINDOWS\System32\clbcatq.dll
0x00007ff982cf0000 - 0x00007ff982ea0000 	C:\WINDOWS\SYSTEM32\WindowsCodecs.dll
0x00007ff96dfa0000 - 0x00007ff96dffe000 	C:\WINDOWS\system32\dataexchange.dll
0x00007ff96bea0000 - 0x00007ff96c125000 	C:\WINDOWS\system32\twinapi.appcore.dll

dbghelp: loaded successfully - version: 4.0.5 - missing functions: none
symbol engine: initialized successfully - sym options: 0x614 - pdb path: .;C:\Users\codehows\.p2\pool\plugins\org.eclipse.justj.openjdk.hotspot.jre.full.win32.x86_64_17.0.10.v20240120-1143\jre\bin;C:\WINDOWS\SYSTEM32;C:\WINDOWS\WinSxS\amd64_microsoft.windows.common-controls_6595b64144ccf1df_6.0.22621.2506_none_270c5ae97388e100;C:\Users\codehows\.p2\pool\plugins\org.eclipse.justj.openjdk.hotspot.jre.full.win32.x86_64_17.0.10.v20240120-1143\jre\bin\server;C:\WINDOWS\System32\DriverStore\FileRepository\nvdw.inf_amd64_a10b324888106766

VM Arguments:
jvm_args: -Dfile.encoding=UTF-8 -Dstdout.encoding=UTF-8 -Dstderr.encoding=UTF-8 -XX:+ShowCodeDetailsInExceptionMessages 
java_command: calendarview.CalendarPage
java_class_path (initial): C:\Zero_One\Zero_One\bin;C:\Zero_One\Zero_One\lib\mysql-connector-j-8.0.33.jar;C:\Zero_One\Zero_One\lib\lombok.jar
Launcher Type: SUN_STANDARD

[Global flags]
     intx CICompilerCount                          = 4                                         {product} {ergonomic}
     uint ConcGCThreads                            = 2                                         {product} {ergonomic}
     uint G1ConcRefinementThreads                  = 8                                         {product} {ergonomic}
   size_t G1HeapRegionSize                         = 4194304                                   {product} {ergonomic}
    uintx GCDrainStackTargetSize                   = 64                                        {product} {ergonomic}
   size_t InitialHeapSize                          = 532676608                                 {product} {ergonomic}
   size_t MarkStackSize                            = 4194304                                   {product} {ergonomic}
   size_t MaxHeapSize                              = 8510242816                                {product} {ergonomic}
   size_t MaxNewSize                               = 5104467968                                {product} {ergonomic}
   size_t MinHeapDeltaBytes                        = 4194304                                   {product} {ergonomic}
   size_t MinHeapSize                              = 8388608                                   {product} {ergonomic}
    uintx NonNMethodCodeHeapSize                   = 5839372                                {pd product} {ergonomic}
    uintx NonProfiledCodeHeapSize                  = 122909434                              {pd product} {ergonomic}
    uintx ProfiledCodeHeapSize                     = 122909434                              {pd product} {ergonomic}
    uintx ReservedCodeCacheSize                    = 251658240                              {pd product} {ergonomic}
     bool SegmentedCodeCache                       = true                                      {product} {ergonomic}
     bool ShowCodeDetailsInExceptionMessages       = true                                   {manageable} {command line}
   size_t SoftMaxHeapSize                          = 8510242816                             {manageable} {ergonomic}
     bool UseCompressedClassPointers               = true                           {product lp64_product} {ergonomic}
     bool UseCompressedOops                        = true                           {product lp64_product} {ergonomic}
     bool UseG1GC                                  = true                                      {product} {ergonomic}
     bool UseLargePagesIndividualAllocation        = false                                  {pd product} {ergonomic}

Logging:
Log output configuration:
 #0: stdout all=warning uptime,level,tags
 #1: stderr all=off uptime,level,tags

Environment Variables:
PATH=C:/Users/codehows/.p2/pool/plugins/org.eclipse.justj.openjdk.hotspot.jre.full.win32.x86_64_17.0.10.v20240120-1143/jre/bin/server;C:/Users/codehows/.p2/pool/plugins/org.eclipse.justj.openjdk.hotspot.jre.full.win32.x86_64_17.0.10.v20240120-1143/jre/bin;C:\Program Files\Common Files\Oracle\Java\javapath;C:\WINDOWS\system32;C:\WINDOWS;C:\WINDOWS\System32\Wbem;C:\WINDOWS\System32\WindowsPowerShell\v1.0\;C:\WINDOWS\System32\OpenSSH\;C:\Program Files\dotnet\;C:\Program Files (x86)\Intel\Intel(R) Management Engine Components\DAL;C:\Program Files\Intel\Intel(R) Management Engine Components\DAL;C:\Users\codehows\AppData\Local\Microsoft\WindowsApps;C:\Users\codehows\AppData\Local\Programs\Microsoft VS Code\bin;C:\Users\codehows\AppData\Local\GitHubDesktop\bin;C:\workspace\eclipse;
USERNAME=codehows
OS=Windows_NT
PROCESSOR_IDENTIFIER=Intel64 Family 6 Model 85 Stepping 7, GenuineIntel
TMP=C:\Users\codehows\AppData\Local\Temp
TEMP=C:\Users\codehows\AppData\Local\Temp



Periodic native trim disabled


---------------  S Y S T E M  ---------------

OS:
 Windows 11 , 64 bit Build 22621 (10.0.22621.2506)
OS uptime: 6 days 8:16 hours

CPU: total 8 (initial active 8) (4 cores per cpu, 2 threads per core) family 6 model 85 stepping 7 microcode 0x5003604, cx8, cmov, fxsr, ht, mmx, 3dnowpref, sse, sse2, sse3, ssse3, sse4.1, sse4.2, popcnt, lzcnt, tsc, tscinvbit, avx, avx2, aes, erms, clmul, bmi1, bmi2, adx, avx512f, avx512dq, avx512cd, avx512bw, avx512vl, fma, vzeroupper, avx512_vnni, clflush, clflushopt, clwb
Processor Information for all 8 processors :
  Max Mhz: 3600, Current Mhz: 3600, Mhz Limit: 3600

Memory: 4k page, system-wide physical 32451M (14566M free)
TotalPageFile size 93222M (AvailPageFile size 0M)
current process WorkingSet (physical memory assigned to process): 62M, peak: 138M
current process commit charge ("private bytes"): 255M, peak: 762M

vm_info: OpenJDK 64-Bit Server VM (17.0.10+7) for windows-amd64 JRE (17.0.10+7), built on Jan 16 2024 23:25:11 by "admin" with MS VC++ 16.10 / 16.11 (VS2019)

END.
